#    1 | steps:     9 | steps_t:     0 | t: 0.032115 | r:  -508.000000 | e:   1.000000 | Q:        nan | won: False 
#    2 | steps:    17 | steps_t:     0 | t: 0.038192 | r:  -507.000000 | e:   1.000000 | Q:        nan | won: False 
#    3 | steps:    29 | steps_t:     0 | t: 0.051050 | r:  -511.000000 | e:   1.000000 | Q:        nan | won: False 
#    4 | steps:    38 | steps_t:     0 | t: 0.057179 | r:  -508.000000 | e:   1.000000 | Q:        nan | won: False 
#    5 | steps:    49 | steps_t:     0 | t: 0.071731 | r:  -510.000000 | e:   1.000000 | Q:        nan | won: False 
#    6 | steps:    55 | steps_t:     0 | t: 0.078023 | r:  -505.000000 | e:   1.000000 | Q:        nan | won: False 
#    7 | steps:    65 | steps_t:     0 | t: 0.087159 | r:  -509.000000 | e:   1.000000 | Q:        nan | won: False 
#    8 | steps:    74 | steps_t:     0 | t: 0.093725 | r:  -508.000000 | e:   1.000000 | Q:        nan | won: False 
#    9 | steps:    91 | steps_t:     0 | t: 0.106744 | r:  -505.000000 | e:   1.000000 | Q:        nan | won: False 
#   10 | steps:   111 | steps_t:     0 | t: 0.130473 | r:  -519.000000 | e:   1.000000 | Q:        nan | won: False 
#   11 | steps:   122 | steps_t:     0 | t: 0.139317 | r:  -510.000000 | e:   1.000000 | Q:        nan | won: False 
#   12 | steps:   133 | steps_t:     0 | t: 0.148826 | r:  -510.000000 | e:   1.000000 | Q:        nan | won: False 
#   13 | steps:   140 | steps_t:     0 | t: 0.154232 | r:  -506.000000 | e:   1.000000 | Q:        nan | won: False 
#   14 | steps:   148 | steps_t:     0 | t: 0.161810 | r:  -507.000000 | e:   1.000000 | Q:        nan | won: False 
#   15 | steps:   159 | steps_t:     0 | t: 0.177008 | r:  -510.000000 | e:   1.000000 | Q:        nan | won: False 
#   16 | steps:   168 | steps_t:     0 | t: 0.185121 | r:  -508.000000 | e:   1.000000 | Q:        nan | won: False 
#   17 | steps:   185 | steps_t:     0 | t: 0.198186 | r:  -516.000000 | e:   1.000000 | Q:        nan | won: False 
#   18 | steps:   192 | steps_t:     0 | t: 0.203195 | r:  -506.000000 | e:   1.000000 | Q:        nan | won: False 
#   19 | steps:   203 | steps_t:     0 | t: 0.214049 | r:  -510.000000 | e:   1.000000 | Q:        nan | won: False 
#   20 | steps:   213 | steps_t:     0 | t: 0.226879 | r:  -509.000000 | e:   1.000000 | Q:        nan | won: False 
#   21 | steps:   227 | steps_t:     0 | t: 0.239214 | r:  -513.000000 | e:   1.000000 | Q:        nan | won: False 
#   22 | steps:   247 | steps_t:     0 | t: 0.256022 | r:  -508.000000 | e:   1.000000 | Q:        nan | won: False 
#   23 | steps:   256 | steps_t:     0 | t: 0.267420 | r:  -508.000000 | e:   1.000000 | Q:        nan | won: False 
#   24 | steps:   264 | steps_t:     0 | t: 0.276509 | r:  -507.000000 | e:   1.000000 | Q:        nan | won: False 
#   25 | steps:   284 | steps_t:     0 | t: 0.293921 | r:  -519.000000 | e:   1.000000 | Q:        nan | won: False 
#   26 | steps:   302 | steps_t:     0 | t: 0.308890 | r:  -517.000000 | e:   1.000000 | Q:        nan | won: False 
#   27 | steps:   309 | steps_t:     0 | t: 0.320915 | r:  -506.000000 | e:   1.000000 | Q:        nan | won: False 
#   28 | steps:   319 | steps_t:     0 | t: 0.329825 | r:  -509.000000 | e:   1.000000 | Q:        nan | won: False 
#   29 | steps:   328 | steps_t:     0 | t: 0.338334 | r:  -508.000000 | e:   1.000000 | Q:        nan | won: False 
#   30 | steps:   338 | steps_t:     0 | t: 0.347305 | r:  -509.000000 | e:   1.000000 | Q:        nan | won: False 
#   31 | steps:   346 | steps_t:     0 | t: 0.353938 | r:  -507.000000 | e:   1.000000 | Q:        nan | won: False 
#   32 | steps:   355 | steps_t:     0 | t: 0.362115 | r:  -508.000000 | e:   1.000000 | Q:        nan | won: False 
#   33 | steps:   365 | steps_t:     0 | t: 0.375441 | r:  -509.000000 | e:   1.000000 | Q:        nan | won: False 
#   34 | steps:   374 | steps_t:     0 | t: 0.384727 | r:  -508.000000 | e:   1.000000 | Q:        nan | won: False 
#   35 | steps:   382 | steps_t:     0 | t: 0.391097 | r:  -507.000000 | e:   1.000000 | Q:        nan | won: False 
#   36 | steps:   390 | steps_t:     0 | t: 0.398480 | r:  -507.000000 | e:   1.000000 | Q:        nan | won: False 
#   37 | steps:   398 | steps_t:     0 | t: 0.405188 | r:  -507.000000 | e:   1.000000 | Q:        nan | won: False 
#   38 | steps:   405 | steps_t:     0 | t: 0.411025 | r:  -506.000000 | e:   1.000000 | Q:        nan | won: False 
#   39 | steps:   415 | steps_t:     0 | t: 0.425605 | r:  -509.000000 | e:   1.000000 | Q:        nan | won: False 
#   40 | steps:   429 | steps_t:     0 | t: 0.437765 | r:  -513.000000 | e:   1.000000 | Q:        nan | won: False 
#   41 | steps:   437 | steps_t:     0 | t: 0.444224 | r:  -507.000000 | e:   1.000000 | Q:        nan | won: False 
#   42 | steps:   442 | steps_t:     0 | t: 0.449304 | r:  -504.000000 | e:   1.000000 | Q:        nan | won: False 
#   43 | steps:   450 | steps_t:     0 | t: 0.455836 | r:  -507.000000 | e:   1.000000 | Q:        nan | won: False 
#   44 | steps:   456 | steps_t:     0 | t: 0.460673 | r:  -505.000000 | e:   1.000000 | Q:        nan | won: False 
#   45 | steps:   464 | steps_t:     0 | t: 0.473582 | r:  -507.000000 | e:   1.000000 | Q:        nan | won: False 
#   46 | steps:   472 | steps_t:     0 | t: 0.481402 | r:  -507.000000 | e:   1.000000 | Q:        nan | won: False 
#   47 | steps:   481 | steps_t:     0 | t: 0.488818 | r:  -508.000000 | e:   1.000000 | Q:        nan | won: False 
#   48 | steps:   489 | steps_t:     0 | t: 0.495267 | r:  -507.000000 | e:   1.000000 | Q:        nan | won: False 
#   49 | steps:   504 | steps_t:     0 | t: 0.509039 | r:  -514.000000 | e:   1.000000 | Q:        nan | won: False 
#   50 | steps:   511 | steps_t:     0 | t: 0.521414 | r:  -506.000000 | e:   1.000000 | Q:        nan | won: False 
#   51 | steps:   518 | steps_t:     0 | t: 0.527371 | r:  -506.000000 | e:   1.000000 | Q:        nan | won: False 
#   52 | steps:   531 | steps_t:     0 | t: 0.537255 | r:  -512.000000 | e:   1.000000 | Q:        nan | won: False 
#   53 | steps:   542 | steps_t:     0 | t: 0.548454 | r:  -510.000000 | e:   1.000000 | Q:        nan | won: False 
#   54 | steps:   567 | steps_t:     0 | t: 0.575034 | r:  -524.000000 | e:   1.000000 | Q:        nan | won: False 
#   55 | steps:   575 | steps_t:     0 | t: 0.582022 | r:  -507.000000 | e:   1.000000 | Q:        nan | won: False 
#   56 | steps:   592 | steps_t:     0 | t: 0.598060 | r:  -516.000000 | e:   1.000000 | Q:        nan | won: False 
#   57 | steps:   614 | steps_t:     0 | t: 0.622760 | r:  -521.000000 | e:   1.000000 | Q:        nan | won: False 
#   58 | steps:   626 | steps_t:     0 | t: 0.632140 | r:  -511.000000 | e:   1.000000 | Q:        nan | won: False 
#   59 | steps:   639 | steps_t:     0 | t: 0.643834 | r:  -512.000000 | e:   1.000000 | Q:        nan | won: False 
#   60 | steps:   648 | steps_t:     0 | t: 0.652201 | r:  -508.000000 | e:   1.000000 | Q:        nan | won: False 
#   61 | steps:   669 | steps_t:     0 | t: 0.674880 | r:  -520.000000 | e:   1.000000 | Q:        nan | won: False 
#   62 | steps:   690 | steps_t:     0 | t: 0.693028 | r:  -520.000000 | e:   1.000000 | Q:        nan | won: False 
#   63 | steps:   699 | steps_t:     0 | t: 0.702255 | r:  -508.000000 | e:   1.000000 | Q:        nan | won: False 
#   64 | steps:   707 | steps_t:     0 | t: 0.708361 | r:  -507.000000 | e:   1.000000 | Q:        nan | won: False 
#   65 | steps:   719 | steps_t:     0 | t: 0.724591 | r:  -511.000000 | e:   1.000000 | Q:        nan | won: False 
#   66 | steps:   732 | steps_t:     0 | t: 0.737008 | r:  -512.000000 | e:   1.000000 | Q:        nan | won: False 
#   67 | steps:   742 | steps_t:     0 | t: 0.745716 | r:  -509.000000 | e:   1.000000 | Q:        nan | won: False 
#   68 | steps:   755 | steps_t:     0 | t: 0.756860 | r:  -512.000000 | e:   1.000000 | Q:        nan | won: False 
#   69 | steps:   765 | steps_t:     0 | t: 0.768831 | r:  -509.000000 | e:   1.000000 | Q:        nan | won: False 
#   70 | steps:   782 | steps_t:     0 | t: 0.785953 | r:  -516.000000 | e:   1.000000 | Q:        nan | won: False 
#   71 | steps:   789 | steps_t:     0 | t: 0.792146 | r:  -506.000000 | e:   1.000000 | Q:        nan | won: False 
#   72 | steps:   795 | steps_t:     0 | t: 0.797438 | r:  -505.000000 | e:   1.000000 | Q:        nan | won: False 
#   73 | steps:   820 | steps_t:     0 | t: 0.824851 | r:  -524.000000 | e:   1.000000 | Q:        nan | won: False 
#   74 | steps:   841 | steps_t:     0 | t: 0.842680 | r:  -520.000000 | e:   1.000000 | Q:        nan | won: False 
#   75 | steps:   849 | steps_t:     0 | t: 0.850670 | r:  -507.000000 | e:   1.000000 | Q:        nan | won: False 
#   76 | steps:   865 | steps_t:     0 | t: 0.867036 | r:  -515.000000 | e:   1.000000 | Q:        nan | won: False 
#   77 | steps:   873 | steps_t:     0 | t: 0.876958 | r:  -507.000000 | e:   1.000000 | Q:        nan | won: False 
#   78 | steps:   879 | steps_t:     0 | t: 0.883087 | r:  -505.000000 | e:   1.000000 | Q:        nan | won: False 
#   79 | steps:   900 | steps_t:     0 | t: 0.899510 | r:  -520.000000 | e:   1.000000 | Q:        nan | won: False 
#   80 | steps:   908 | steps_t:     0 | t: 0.906885 | r:  -507.000000 | e:   1.000000 | Q:        nan | won: False 
#   81 | steps:   917 | steps_t:     0 | t: 0.919747 | r:  -508.000000 | e:   1.000000 | Q:        nan | won: False 
#   82 | steps:   925 | steps_t:     0 | t: 0.927603 | r:  -507.000000 | e:   1.000000 | Q:        nan | won: False 
#   83 | steps:   936 | steps_t:     0 | t: 0.936357 | r:  -510.000000 | e:   1.000000 | Q:        nan | won: False 
#   84 | steps:   946 | steps_t:     0 | t: 0.944676 | r:  -509.000000 | e:   1.000000 | Q:        nan | won: False 
#   85 | steps:   962 | steps_t:     0 | t: 0.958969 | r:  -515.000000 | e:   1.000000 | Q:        nan | won: False 
#   86 | steps:   969 | steps_t:     0 | t: 0.970777 | r:  -506.000000 | e:   1.000000 | Q:        nan | won: False 
#   87 | steps:   980 | steps_t:     0 | t: 0.981639 | r:  -510.000000 | e:   1.000000 | Q:        nan | won: False 
#   88 | steps:  1007 | steps_t:     0 | t: 1.005087 | r:  -526.000000 | e:   1.000000 | Q:        nan | won: False 
#   89 | steps:  1026 | steps_t:     0 | t: 1.026533 | r:  -518.000000 | e:   1.000000 | Q:        nan | won: False 
#   90 | steps:  1034 | steps_t:     0 | t: 1.033558 | r:  -507.000000 | e:   1.000000 | Q:        nan | won: False 
#   91 | steps:  1052 | steps_t:     0 | t: 1.051731 | r:  -517.000000 | e:   1.000000 | Q:        nan | won: False 
#   92 | steps:  1068 | steps_t:     0 | t: 1.067005 | r:  -504.000000 | e:   1.000000 | Q:        nan | won: False 
#   93 | steps:  1078 | steps_t:     0 | t: 1.079175 | r:  -509.000000 | e:   1.000000 | Q:        nan | won: False 
#   94 | steps:  1086 | steps_t:     0 | t: 1.085997 | r:  -507.000000 | e:   1.000000 | Q:        nan | won: False 
#   95 | steps:  1097 | steps_t:     0 | t: 1.097033 | r:  -510.000000 | e:   1.000000 | Q:        nan | won: False 
#   96 | steps:  1109 | steps_t:     0 | t: 1.106875 | r:  -511.000000 | e:   1.000000 | Q:        nan | won: False 
#   97 | steps:  1129 | steps_t:     0 | t: 1.130792 | r:  -508.000000 | e:   1.000000 | Q:        nan | won: False 
#   98 | steps:  1141 | steps_t:     0 | t: 1.139774 | r:  -511.000000 | e:   1.000000 | Q:        nan | won: False 
#   99 | steps:  1151 | steps_t:     0 | t: 1.149520 | r:  -509.000000 | e:   1.000000 | Q:        nan | won: False 
#  100 | steps:  1160 | steps_t:     0 | t: 1.156097 | r:  -508.000000 | e:   1.000000 | Q:        nan | won: False 
#  101 | steps:  1166 | steps_t:     0 | t: 1.162672 | r:  -505.000000 | e:   1.000000 | Q:        nan | won: False 
#  102 | steps:  1173 | steps_t:     0 | t: 1.174060 | r:  -506.000000 | e:   1.000000 | Q:        nan | won: False 
#  103 | steps:  1181 | steps_t:     0 | t: 1.182137 | r:  -507.000000 | e:   1.000000 | Q:        nan | won: False 
#  104 | steps:  1190 | steps_t:     0 | t: 1.189284 | r:  -508.000000 | e:   1.000000 | Q:        nan | won: False 
#  105 | steps:  1200 | steps_t:     0 | t: 1.196624 | r:  -509.000000 | e:   1.000000 | Q:        nan | won: False 
#  106 | steps:  1209 | steps_t:     0 | t: 1.203996 | r:  -508.000000 | e:   1.000000 | Q:        nan | won: False 
#  107 | steps:  1217 | steps_t:     0 | t: 1.211626 | r:  -507.000000 | e:   1.000000 | Q:        nan | won: False 
#  108 | steps:  1223 | steps_t:     0 | t: 1.222899 | r:  -505.000000 | e:   1.000000 | Q:        nan | won: False 
#  109 | steps:  1229 | steps_t:     0 | t: 1.227552 | r:  -505.000000 | e:   1.000000 | Q:        nan | won: False 
#  110 | steps:  1235 | steps_t:     0 | t: 1.233992 | r:  -505.000000 | e:   1.000000 | Q:        nan | won: False 
#  111 | steps:  1245 | steps_t:     0 | t: 1.242344 | r:  -509.000000 | e:   1.000000 | Q:        nan | won: False 
#  112 | steps:  1265 | steps_t:     0 | t: 1.261083 | r:  -519.000000 | e:   1.000000 | Q:        nan | won: False 
#  113 | steps:  1276 | steps_t:     0 | t: 1.276897 | r:  -510.000000 | e:   1.000000 | Q:        nan | won: False 
#  114 | steps:  1284 | steps_t:     0 | t: 1.283666 | r:  -507.000000 | e:   1.000000 | Q:        nan | won: False 
#  115 | steps:  1289 | steps_t:     0 | t: 1.287535 | r:  -504.000000 | e:   1.000000 | Q:        nan | won: False 
#  116 | steps:  1301 | steps_t:     0 | t: 1.297926 | r:  -511.000000 | e:   1.000000 | Q:        nan | won: False 
#  117 | steps:  1308 | steps_t:     0 | t: 1.305043 | r:  -506.000000 | e:   1.000000 | Q:        nan | won: False 
#  118 | steps:  1314 | steps_t:     0 | t: 1.310283 | r:  -505.000000 | e:   1.000000 | Q:        nan | won: False 
#  119 | steps:  1330 | steps_t:     0 | t: 1.329012 | r:  -504.000000 | e:   1.000000 | Q:        nan | won: False 
#  120 | steps:  1339 | steps_t:     0 | t: 1.335710 | r:  -508.000000 | e:   1.000000 | Q:        nan | won: False 
#  121 | steps:  1348 | steps_t:     0 | t: 1.344069 | r:  -508.000000 | e:   1.000000 | Q:        nan | won: False 
#  122 | steps:  1364 | steps_t:     0 | t: 1.358124 | r:  -515.000000 | e:   1.000000 | Q:        nan | won: False 
#  123 | steps:  1382 | steps_t:     0 | t: 1.380398 | r:  -517.000000 | e:   1.000000 | Q:        nan | won: False 
#  124 | steps:  1396 | steps_t:     0 | t: 1.392548 | r:  -513.000000 | e:   1.000000 | Q:        nan | won: False 
#  125 | steps:  1405 | steps_t:     0 | t: 1.401427 | r:  -508.000000 | e:   1.000000 | Q:        nan | won: False 
#  126 | steps:  1415 | steps_t:     0 | t: 1.409550 | r:  -509.000000 | e:   1.000000 | Q:        nan | won: False 
#  127 | steps:  1426 | steps_t:     0 | t: 1.426567 | r:  -510.000000 | e:   1.000000 | Q:        nan | won: False 
#  128 | steps:  1437 | steps_t:     0 | t: 1.435133 | r:  -510.000000 | e:   1.000000 | Q:        nan | won: False 
#  129 | steps:  1455 | steps_t:     0 | t: 1.450672 | r:  -517.000000 | e:   1.000000 | Q:        nan | won: False 
#  130 | steps:  1463 | steps_t:     0 | t: 1.457072 | r:  -507.000000 | e:   1.000000 | Q:        nan | won: False 
#  131 | steps:  1472 | steps_t:     0 | t: 1.469353 | r:  -508.000000 | e:   1.000000 | Q:        nan | won: False 
#  132 | steps:  1477 | steps_t:     0 | t: 1.475142 | r:  -504.000000 | e:   1.000000 | Q:        nan | won: False 
#  133 | steps:  1483 | steps_t:     0 | t: 1.481368 | r:  -505.000000 | e:   1.000000 | Q:        nan | won: False 
#  134 | steps:  1491 | steps_t:     0 | t: 1.487521 | r:  -507.000000 | e:   1.000000 | Q:        nan | won: False 
#  135 | steps:  1500 | steps_t:     0 | t: 1.494722 | r:  -508.000000 | e:   1.000000 | Q:        nan | won: False 
#  136 | steps:  1506 | steps_t:     0 | t: 1.499686 | r:  -505.000000 | e:   1.000000 | Q:        nan | won: False 
#  137 | steps:  1520 | steps_t:     0 | t: 1.513757 | r:  -491.000000 | e:   1.000000 | Q:        nan | won: False 
#  138 | steps:  1526 | steps_t:     0 | t: 1.523310 | r:  -505.000000 | e:   1.000000 | Q:        nan | won: False 
#  139 | steps:  1533 | steps_t:     0 | t: 1.528372 | r:  -506.000000 | e:   1.000000 | Q:        nan | won: False 
#  140 | steps:  1540 | steps_t:     0 | t: 1.534245 | r:  -506.000000 | e:   1.000000 | Q:        nan | won: False 
#  141 | steps:  1564 | steps_t:     0 | t: 1.555841 | r:  -523.000000 | e:   1.000000 | Q:        nan | won: False 
#  142 | steps:  1572 | steps_t:     0 | t: 1.564610 | r:  -507.000000 | e:   1.000000 | Q:        nan | won: False 
#  143 | steps:  1592 | steps_t:     0 | t: 1.585875 | r:  -519.000000 | e:   1.000000 | Q:        nan | won: False 
#  144 | steps:  1598 | steps_t:     0 | t: 1.591205 | r:  -505.000000 | e:   1.000000 | Q:        nan | won: False 
#  145 | steps:  1614 | steps_t:     0 | t: 1.604537 | r:  -504.000000 | e:   1.000000 | Q:        nan | won: False 
#  146 | steps:  1621 | steps_t:     0 | t: 1.610870 | r:  -506.000000 | e:   1.000000 | Q:        nan | won: False 
#  147 | steps:  1636 | steps_t:     0 | t: 1.629256 | r:  -492.000000 | e:   1.000000 | Q:        nan | won: False 
#  148 | steps:  1659 | steps_t:     0 | t: 1.649364 | r:  -522.000000 | e:   1.000000 | Q:        nan | won: False 
#  149 | steps:  1667 | steps_t:     0 | t: 1.655362 | r:  -507.000000 | e:   1.000000 | Q:        nan | won: False 
#  150 | steps:  1673 | steps_t:     0 | t: 1.659656 | r:  -505.000000 | e:   1.000000 | Q:        nan | won: False 
#  151 | steps:  1682 | steps_t:     0 | t: 1.673331 | r:  -508.000000 | e:   1.000000 | Q:        nan | won: False 
#  152 | steps:  1700 | steps_t:     0 | t: 1.689260 | r:  -517.000000 | e:   1.000000 | Q:        nan | won: False 
#  153 | steps:  1711 | steps_t:     0 | t: 1.698995 | r:  -510.000000 | e:   1.000000 | Q:        nan | won: False 
#  154 | steps:  1718 | steps_t:     0 | t: 1.704614 | r:  -506.000000 | e:   1.000000 | Q:        nan | won: False 
#  155 | steps:  1734 | steps_t:     0 | t: 1.724373 | r:  -515.000000 | e:   1.000000 | Q:        nan | won: False 
#  156 | steps:  1753 | steps_t:     0 | t: 1.740535 | r:  -518.000000 | e:   1.000000 | Q:        nan | won: False 
#  157 | steps:  1764 | steps_t:     0 | t: 1.749795 | r:  -510.000000 | e:   1.000000 | Q:        nan | won: False 
#  158 | steps:  1772 | steps_t:     0 | t: 1.756575 | r:  -507.000000 | e:   1.000000 | Q:        nan | won: False 
#  159 | steps:  1780 | steps_t:     0 | t: 1.766538 | r:  -507.000000 | e:   1.000000 | Q:        nan | won: False 
#  160 | steps:  1789 | steps_t:     0 | t: 1.777881 | r:  -508.000000 | e:   1.000000 | Q:        nan | won: False 
#  161 | steps:  1798 | steps_t:     0 | t: 1.785460 | r:  -508.000000 | e:   1.000000 | Q:        nan | won: False 
#  162 | steps:  1811 | steps_t:     0 | t: 1.795985 | r:  -512.000000 | e:   1.000000 | Q:        nan | won: False 
#  163 | steps:  1825 | steps_t:     0 | t: 1.806276 | r:  -491.000000 | e:   1.000000 | Q:        nan | won: False 
#  164 | steps:  1836 | steps_t:     0 | t: 1.822236 | r:  -510.000000 | e:   1.000000 | Q:        nan | won: False 
#  165 | steps:  1849 | steps_t:     0 | t: 1.834824 | r:  -501.000000 | e:   1.000000 | Q:        nan | won: False 
#  166 | steps:  1859 | steps_t:     0 | t: 1.842398 | r:  -509.000000 | e:   1.000000 | Q:        nan | won: False 
#  167 | steps:  1870 | steps_t:     0 | t: 1.852353 | r:  -510.000000 | e:   1.000000 | Q:        nan | won: False 
#  168 | steps:  1883 | steps_t:     0 | t: 1.866259 | r:  -512.000000 | e:   1.000000 | Q:        nan | won: False 
#  169 | steps:  1892 | steps_t:     0 | t: 1.876594 | r:  -508.000000 | e:   1.000000 | Q:        nan | won: False 
#  170 | steps:  1915 | steps_t:     0 | t: 1.896104 | r:  -522.000000 | e:   1.000000 | Q:        nan | won: False 
#  171 | steps:  1922 | steps_t:     0 | t: 1.902018 | r:  -506.000000 | e:   1.000000 | Q:        nan | won: False 
#  172 | steps:  1929 | steps_t:     0 | t: 1.909083 | r:  -506.000000 | e:   1.000000 | Q:        nan | won: False 
#  173 | steps:  1937 | steps_t:     0 | t: 1.922042 | r:  -507.000000 | e:   1.000000 | Q:        nan | won: False 
#  174 | steps:  1944 | steps_t:     0 | t: 1.928286 | r:  -506.000000 | e:   1.000000 | Q:        nan | won: False 
#  175 | steps:  1950 | steps_t:     0 | t: 1.932639 | r:  -505.000000 | e:   1.000000 | Q:        nan | won: False 
#  176 | steps:  1967 | steps_t:     0 | t: 1.948756 | r:  -516.000000 | e:   1.000000 | Q:        nan | won: False 
#  177 | steps:  1974 | steps_t:     0 | t: 1.954424 | r:  -506.000000 | e:   1.000000 | Q:        nan | won: False 
#  178 | steps:  1983 | steps_t:     0 | t: 1.964047 | r:  -508.000000 | e:   1.000000 | Q:        nan | won: False 
#  179 | steps:  1990 | steps_t:     0 | t: 1.974398 | r:  -506.000000 | e:   1.000000 | Q:        nan | won: False 
#  180 | steps:  2007 | steps_t:     0 | t: 1.990129 | r:  -516.000000 | e:   1.000000 | Q:        nan | won: False 
#  181 | steps:  2014 | steps_t:     0 | t: 1.996542 | r:  -506.000000 | e:   1.000000 | Q:        nan | won: False 
#  182 | steps:  2026 | steps_t:     0 | t: 2.006353 | r:  -511.000000 | e:   1.000000 | Q:        nan | won: False 
#  183 | steps:  2033 | steps_t:     0 | t: 2.013988 | r:  -506.000000 | e:   1.000000 | Q:        nan | won: False 
#  184 | steps:  2041 | steps_t:     0 | t: 2.024335 | r:  -507.000000 | e:   1.000000 | Q:        nan | won: False 
#  185 | steps:  2050 | steps_t:     0 | t: 2.032463 | r:  -508.000000 | e:   1.000000 | Q:        nan | won: False 
#  186 | steps:  2064 | steps_t:     0 | t: 2.047132 | r:  -513.000000 | e:   1.000000 | Q:        nan | won: False 
#  187 | steps:  2072 | steps_t:     0 | t: 2.054060 | r:  -507.000000 | e:   1.000000 | Q:        nan | won: False 
#  188 | steps:  2084 | steps_t:     0 | t: 2.067180 | r:  -511.000000 | e:   1.000000 | Q:        nan | won: False 
#  189 | steps:  2101 | steps_t:     0 | t: 2.085492 | r:  -516.000000 | e:   1.000000 | Q:        nan | won: False 
#  190 | steps:  2110 | steps_t:     0 | t: 2.092781 | r:  -508.000000 | e:   1.000000 | Q:        nan | won: False 
#  191 | steps:  2117 | steps_t:     0 | t: 2.098319 | r:  -506.000000 | e:   1.000000 | Q:        nan | won: False 
#  192 | steps:  2124 | steps_t:     0 | t: 2.104146 | r:  -506.000000 | e:   1.000000 | Q:        nan | won: False 
#  193 | steps:  2131 | steps_t:     0 | t: 2.111092 | r:  -506.000000 | e:   1.000000 | Q:        nan | won: False 
#  194 | steps:  2138 | steps_t:     0 | t: 2.122963 | r:  -506.000000 | e:   1.000000 | Q:        nan | won: False 
#  195 | steps:  2144 | steps_t:     0 | t: 2.128180 | r:  -505.000000 | e:   1.000000 | Q:        nan | won: False 
#  196 | steps:  2159 | steps_t:     0 | t: 2.141692 | r:  -514.000000 | e:   1.000000 | Q:        nan | won: False 
#  197 | steps:  2165 | steps_t:     0 | t: 2.147712 | r:  -505.000000 | e:   1.000000 | Q:        nan | won: False 
#  198 | steps:  2178 | steps_t:     0 | t: 2.159026 | r:  -512.000000 | e:   1.000000 | Q:        nan | won: False 
#  199 | steps:  2184 | steps_t:     0 | t: 2.170094 | r:  -505.000000 | e:   1.000000 | Q:        nan | won: False 
#  200 | steps:  2200 | steps_t:     0 | t: 2.184499 | r:  -515.000000 | e:   1.000000 | Q:        nan | won: False 
#  201 | steps:  2224 | steps_t:     0 | t: 2.205428 | r:  -523.000000 | e:   1.000000 | Q:        nan | won: False 
#  202 | steps:  2234 | steps_t:     0 | t: 2.216738 | r:  -509.000000 | e:   1.000000 | Q:        nan | won: False 
#  203 | steps:  2240 | steps_t:     0 | t: 2.225499 | r:  -505.000000 | e:   1.000000 | Q:        nan | won: False 
#  204 | steps:  2261 | steps_t:     0 | t: 2.247025 | r:  -520.000000 | e:   1.000000 | Q:        nan | won: False 
#  205 | steps:  2277 | steps_t:     0 | t: 2.263653 | r:  -515.000000 | e:   1.000000 | Q:        nan | won: False 
#  206 | steps:  2290 | steps_t:     0 | t: 2.279992 | r:  -512.000000 | e:   1.000000 | Q:        nan | won: False 
#  207 | steps:  2298 | steps_t:     0 | t: 2.287064 | r:  -507.000000 | e:   1.000000 | Q:        nan | won: False 
#  208 | steps:  2306 | steps_t:     0 | t: 2.294040 | r:  -507.000000 | e:   1.000000 | Q:        nan | won: False 
#  209 | steps:  2313 | steps_t:     0 | t: 2.301114 | r:  -506.000000 | e:   1.000000 | Q:        nan | won: False 
#  210 | steps:  2321 | steps_t:     0 | t: 2.307177 | r:  -507.000000 | e:   1.000000 | Q:        nan | won: False 
#  211 | steps:  2332 | steps_t:     0 | t: 2.320647 | r:  -510.000000 | e:   1.000000 | Q:        nan | won: False 
#  212 | steps:  2350 | steps_t:     0 | t: 2.337014 | r:  -517.000000 | e:   1.000000 | Q:        nan | won: False 
#  213 | steps:  2361 | steps_t:     0 | t: 2.345293 | r:  -510.000000 | e:   1.000000 | Q:        nan | won: False 
#  214 | steps:  2373 | steps_t:     0 | t: 2.356395 | r:  -511.000000 | e:   1.000000 | Q:        nan | won: False 
#  215 | steps:  2384 | steps_t:     0 | t: 2.369712 | r:  -510.000000 | e:   1.000000 | Q:        nan | won: False 
#  216 | steps:  2394 | steps_t:     0 | t: 2.381157 | r:  -509.000000 | e:   1.000000 | Q:        nan | won: False 
#  217 | steps:  2409 | steps_t:     0 | t: 2.394590 | r:  -492.000000 | e:   1.000000 | Q:        nan | won: False 
#  218 | steps:  2419 | steps_t:     0 | t: 2.402146 | r:  -509.000000 | e:   1.000000 | Q:        nan | won: False 
#  219 | steps:  2436 | steps_t:     0 | t: 2.423818 | r:  -516.000000 | e:   1.000000 | Q:        nan | won: False 
#  220 | steps:  2445 | steps_t:     0 | t: 2.433110 | r:  -508.000000 | e:   1.000000 | Q:        nan | won: False 
#  221 | steps:  2456 | steps_t:     0 | t: 2.441902 | r:  -510.000000 | e:   1.000000 | Q:        nan | won: False 
#  222 | steps:  2464 | steps_t:     0 | t: 2.449941 | r:  -507.000000 | e:   1.000000 | Q:        nan | won: False 
#  223 | steps:  2472 | steps_t:     0 | t: 2.455821 | r:  -507.000000 | e:   1.000000 | Q:        nan | won: False 
#  224 | steps:  2479 | steps_t:     0 | t: 2.465589 | r:  -506.000000 | e:   1.000000 | Q:        nan | won: False 
#  225 | steps:  2488 | steps_t:     0 | t: 2.476304 | r:  -508.000000 | e:   1.000000 | Q:        nan | won: False 
#  226 | steps:  2502 | steps_t:     0 | t: 2.488776 | r:  -513.000000 | e:   1.000000 | Q:        nan | won: False 
#  227 | steps:  2512 | steps_t:     0 | t: 2.496552 | r:  -509.000000 | e:   1.000000 | Q:        nan | won: False 
#  228 | steps:  2519 | steps_t:     0 | t: 2.503904 | r:  -506.000000 | e:   1.000000 | Q:        nan | won: False 
#  229 | steps:  2530 | steps_t:     0 | t: 2.515817 | r:  -510.000000 | e:   1.000000 | Q:        nan | won: False 
#  230 | steps:  2538 | steps_t:     0 | t: 2.526474 | r:  -507.000000 | e:   1.000000 | Q:        nan | won: False 
#  231 | steps:  2556 | steps_t:     0 | t: 2.540865 | r:  -495.000000 | e:   1.000000 | Q:        nan | won: False 
#  232 | steps:  2564 | steps_t:     0 | t: 2.548877 | r:  -507.000000 | e:   1.000000 | Q:        nan | won: False 
#  233 | steps:  2578 | steps_t:     0 | t: 2.562408 | r:  -513.000000 | e:   1.000000 | Q:        nan | won: False 
#  234 | steps:  2586 | steps_t:     0 | t: 2.574704 | r:  -507.000000 | e:   1.000000 | Q:        nan | won: False 
#  235 | steps:  2598 | steps_t:     0 | t: 2.587020 | r:  -511.000000 | e:   1.000000 | Q:        nan | won: False 
#  236 | steps:  2611 | steps_t:     0 | t: 2.597142 | r:  -512.000000 | e:   1.000000 | Q:        nan | won: False 
#  237 | steps:  2621 | steps_t:     0 | t: 2.606040 | r:  -509.000000 | e:   1.000000 | Q:        nan | won: False 
#  238 | steps:  2638 | steps_t:     0 | t: 2.627876 | r:  -516.000000 | e:   1.000000 | Q:        nan | won: False 
#  239 | steps:  2651 | steps_t:     0 | t: 2.640233 | r:  -512.000000 | e:   1.000000 | Q:        nan | won: False 
#  240 | steps:  2661 | steps_t:     0 | t: 2.648268 | r:  -509.000000 | e:   1.000000 | Q:        nan | won: False 
#  241 | steps:  2673 | steps_t:     0 | t: 2.658140 | r:  -511.000000 | e:   1.000000 | Q:        nan | won: False 
#  242 | steps:  2695 | steps_t:     0 | t: 2.681348 | r:  -521.000000 | e:   1.000000 | Q:        nan | won: False 
#  243 | steps:  2705 | steps_t:     0 | t: 2.692127 | r:  -509.000000 | e:   1.000000 | Q:        nan | won: False 
#  244 | steps:  2713 | steps_t:     0 | t: 2.699204 | r:  -507.000000 | e:   1.000000 | Q:        nan | won: False 
#  245 | steps:  2724 | steps_t:     0 | t: 2.709339 | r:  -510.000000 | e:   1.000000 | Q:        nan | won: False 
#  246 | steps:  2739 | steps_t:     0 | t: 2.728267 | r:  -514.000000 | e:   1.000000 | Q:        nan | won: False 
#  247 | steps:  2757 | steps_t:     0 | t: 2.745459 | r:  -506.000000 | e:   1.000000 | Q:        nan | won: False 
#  248 | steps:  2766 | steps_t:     0 | t: 2.753832 | r:  -508.000000 | e:   1.000000 | Q:        nan | won: False 
#  249 | steps:  2772 | steps_t:     0 | t: 2.759359 | r:  -505.000000 | e:   1.000000 | Q:        nan | won: False 
#  250 | steps:  2781 | steps_t:     0 | t: 2.774087 | r:  -508.000000 | e:   1.000000 | Q:        nan | won: False 
#  251 | steps:  2788 | steps_t:     0 | t: 2.780859 | r:  -506.000000 | e:   1.000000 | Q:        nan | won: False 
#  252 | steps:  2809 | steps_t:     0 | t: 2.800351 | r:  -509.000000 | e:   1.000000 | Q:        nan | won: False 
#  253 | steps:  2829 | steps_t:     0 | t: 2.824594 | r:  -519.000000 | e:   1.000000 | Q:        nan | won: False 
#  254 | steps:  2835 | steps_t:     0 | t: 2.829836 | r:  -505.000000 | e:   1.000000 | Q:        nan | won: False 
#  255 | steps:  2846 | steps_t:     0 | t: 2.841764 | r:  -510.000000 | e:   1.000000 | Q:        nan | won: False 
#  256 | steps:  2863 | steps_t:     0 | t: 2.862766 | r:  -516.000000 | e:   1.000000 | Q:        nan | won: False 
#  257 | steps:  2870 | steps_t:     0 | t: 2.876399 | r:  -506.000000 | e:   1.000000 | Q:        nan | won: False 
#  258 | steps:  2882 | steps_t:     0 | t: 2.888272 | r:  -511.000000 | e:   1.000000 | Q:        nan | won: False 
#  259 | steps:  2889 | steps_t:     0 | t: 2.894445 | r:  -506.000000 | e:   1.000000 | Q:        nan | won: False 
#  260 | steps:  2896 | steps_t:     0 | t: 2.900649 | r:  -506.000000 | e:   1.000000 | Q:        nan | won: False 
#  261 | steps:  2915 | steps_t:     0 | t: 2.925580 | r:  -507.000000 | e:   1.000000 | Q:        nan | won: False 
#  262 | steps:  2941 | steps_t:     0 | t: 2.950240 | r:  -514.000000 | e:   1.000000 | Q:        nan | won: False 
#  263 | steps:  2952 | steps_t:     0 | t: 2.961269 | r:  -510.000000 | e:   1.000000 | Q:        nan | won: False 
#  264 | steps:  2968 | steps_t:     0 | t: 2.982946 | r:  -515.000000 | e:   1.000000 | Q:        nan | won: False 
#  265 | steps:  2981 | steps_t:     0 | t: 2.996485 | r:  -512.000000 | e:   1.000000 | Q:        nan | won: False 
#  266 | steps:  2991 | steps_t:     0 | t: 3.007727 | r:  -509.000000 | e:   1.000000 | Q:        nan | won: False 
#  267 | steps:  3008 | steps_t:     0 | t: 3.028366 | r:  -516.000000 | e:   1.000000 | Q:        nan | won: False 
#  268 | steps:  3020 | steps_t:     0 | t: 3.040892 | r:  -511.000000 | e:   1.000000 | Q:        nan | won: False 
#  269 | steps:  3028 | steps_t:     0 | t: 3.050006 | r:  -507.000000 | e:   1.000000 | Q:        nan | won: False 
#  270 | steps:  3036 | steps_t:     0 | t: 3.059206 | r:  -507.000000 | e:   1.000000 | Q:        nan | won: False 
#  271 | steps:  3045 | steps_t:     0 | t: 3.074196 | r:  -508.000000 | e:   1.000000 | Q:        nan | won: False 
#  272 | steps:  3057 | steps_t:     0 | t: 3.090948 | r:  -511.000000 | e:   1.000000 | Q:        nan | won: False 
#  273 | steps:  3067 | steps_t:     0 | t: 3.099945 | r:  -509.000000 | e:   1.000000 | Q:        nan | won: False 
#  274 | steps:  3073 | steps_t:     0 | t: 3.105044 | r:  -505.000000 | e:   1.000000 | Q:        nan | won: False 
#  275 | steps:  3084 | steps_t:     0 | t: 3.117498 | r:  -510.000000 | e:   1.000000 | Q:        nan | won: False 
#  276 | steps:  3089 | steps_t:     0 | t: 3.124478 | r:  -504.000000 | e:   1.000000 | Q:        nan | won: False 
#  277 | steps:  3098 | steps_t:     0 | t: 3.136756 | r:  -508.000000 | e:   1.000000 | Q:        nan | won: False 
#  278 | steps:  3106 | steps_t:     0 | t: 3.144163 | r:  -507.000000 | e:   1.000000 | Q:        nan | won: False 
#  279 | steps:  3114 | steps_t:     0 | t: 3.152799 | r:  -507.000000 | e:   1.000000 | Q:        nan | won: False 
#  280 | steps:  3123 | steps_t:     0 | t: 3.160921 | r:  -508.000000 | e:   1.000000 | Q:        nan | won: False 
#  281 | steps:  3129 | steps_t:     0 | t: 3.171623 | r:  -505.000000 | e:   1.000000 | Q:        nan | won: False 
#  282 | steps:  3139 | steps_t:     0 | t: 3.181177 | r:  -509.000000 | e:   1.000000 | Q:        nan | won: False 
#  283 | steps:  3159 | steps_t:     0 | t: 3.200736 | r:  -519.000000 | e:   1.000000 | Q:        nan | won: False 
#  284 | steps:  3175 | steps_t:     0 | t: 3.221061 | r:  -515.000000 | e:   1.000000 | Q:        nan | won: False 
#  285 | steps:  3181 | steps_t:     0 | t: 3.227356 | r:  -505.000000 | e:   1.000000 | Q:        nan | won: False 
#  286 | steps:  3192 | steps_t:     0 | t: 3.238609 | r:  -510.000000 | e:   1.000000 | Q:        nan | won: False 
#  287 | steps:  3205 | steps_t:     0 | t: 3.250491 | r:  -512.000000 | e:   1.000000 | Q:        nan | won: False 
#  288 | steps:  3218 | steps_t:     0 | t: 3.268502 | r:  -512.000000 | e:   1.000000 | Q:        nan | won: False 
#  289 | steps:  3228 | steps_t:     0 | t: 3.279847 | r:  -509.000000 | e:   1.000000 | Q:        nan | won: False 
#  290 | steps:  3236 | steps_t:     0 | t: 3.287385 | r:  -507.000000 | e:   1.000000 | Q:        nan | won: False 
#  291 | steps:  3254 | steps_t:     0 | t: 3.302308 | r:  -517.000000 | e:   1.000000 | Q:        nan | won: False 
#  292 | steps:  3260 | steps_t:     0 | t: 3.308505 | r:  -505.000000 | e:   1.000000 | Q:        nan | won: False 
#  293 | steps:  3266 | steps_t:     0 | t: 3.315969 | r:  -505.000000 | e:   1.000000 | Q:        nan | won: False 
#  294 | steps:  3284 | steps_t:     0 | t: 3.333620 | r:  -517.000000 | e:   1.000000 | Q:        nan | won: False 
#  295 | steps:  3292 | steps_t:     0 | t: 3.340961 | r:  -507.000000 | e:   1.000000 | Q:        nan | won: False 
#  296 | steps:  3301 | steps_t:     0 | t: 3.350309 | r:  -508.000000 | e:   1.000000 | Q:        nan | won: False 
#  297 | steps:  3310 | steps_t:     0 | t: 3.359313 | r:  -508.000000 | e:   1.000000 | Q:        nan | won: False 
#  298 | steps:  3320 | steps_t:     0 | t: 3.374696 | r:  -509.000000 | e:   1.000000 | Q:        nan | won: False 
#  299 | steps:  3331 | steps_t:     0 | t: 3.382485 | r:  -510.000000 | e:   1.000000 | Q:        nan | won: False 
#  300 | steps:  3336 | steps_t:     0 | t: 3.388923 | r:  -504.000000 | e:   1.000000 | Q:        nan | won: False 
#  301 | steps:  3346 | steps_t:     0 | t: 3.397671 | r:  -509.000000 | e:   1.000000 | Q:        nan | won: False 
#  302 | steps:  3358 | steps_t:     0 | t: 3.408540 | r:  -511.000000 | e:   1.000000 | Q:        nan | won: False 
#  303 | steps:  3376 | steps_t:     0 | t: 3.432764 | r:  -506.000000 | e:   1.000000 | Q:        nan | won: False 
#  304 | steps:  3386 | steps_t:     0 | t: 3.442607 | r:  -509.000000 | e:   1.000000 | Q:        nan | won: False 
#  305 | steps:  3401 | steps_t:     0 | t: 3.457201 | r:  -514.000000 | e:   1.000000 | Q:        nan | won: False 
#  306 | steps:  3410 | steps_t:     0 | t: 3.470283 | r:  -508.000000 | e:   1.000000 | Q:        nan | won: False 
#  307 | steps:  3417 | steps_t:     0 | t: 3.477567 | r:  -506.000000 | e:   1.000000 | Q:        nan | won: False 
#  308 | steps:  3423 | steps_t:     0 | t: 3.482947 | r:  -505.000000 | e:   1.000000 | Q:        nan | won: False 
#  309 | steps:  3435 | steps_t:     0 | t: 3.496782 | r:  -511.000000 | e:   1.000000 | Q:        nan | won: False 
#  310 | steps:  3444 | steps_t:     0 | t: 3.506927 | r:  -508.000000 | e:   1.000000 | Q:        nan | won: False 
#  311 | steps:  3455 | steps_t:     0 | t: 3.523663 | r:  -510.000000 | e:   1.000000 | Q:        nan | won: False 
#  312 | steps:  3464 | steps_t:     0 | t: 3.534245 | r:  -508.000000 | e:   1.000000 | Q:        nan | won: False 
#  313 | steps:  3477 | steps_t:     0 | t: 3.552549 | r:  -512.000000 | e:   1.000000 | Q:        nan | won: False 
#  314 | steps:  3496 | steps_t:     0 | t: 3.577548 | r:  -518.000000 | e:   1.000000 | Q:        nan | won: False 
#  315 | steps:  3503 | steps_t:     0 | t: 3.583160 | r:  -506.000000 | e:   1.000000 | Q:        nan | won: False 
#  316 | steps:  3511 | steps_t:     0 | t: 3.592221 | r:  -507.000000 | e:   1.000000 | Q:        nan | won: False 
#  317 | steps:  3518 | steps_t:     0 | t: 3.598213 | r:  -506.000000 | e:   1.000000 | Q:        nan | won: False 
#  318 | steps:  3524 | steps_t:     0 | t: 3.603139 | r:  -505.000000 | e:   1.000000 | Q:        nan | won: False 
#  319 | steps:  3537 | steps_t:     0 | t: 3.618519 | r:  -512.000000 | e:   1.000000 | Q:        nan | won: False 
#  320 | steps:  3548 | steps_t:     0 | t: 3.628908 | r:  -510.000000 | e:   1.000000 | Q:        nan | won: False 
#  321 | steps:  3555 | steps_t:     0 | t: 3.636543 | r:  -506.000000 | e:   1.000000 | Q:        nan | won: False 
#  322 | steps:  3576 | steps_t:     0 | t: 3.653867 | r:  -520.000000 | e:   1.000000 | Q:        nan | won: False 
#  323 | steps:  3583 | steps_t:     0 | t: 3.661128 | r:  -506.000000 | e:   1.000000 | Q:        nan | won: False 
#  324 | steps:  3599 | steps_t:     0 | t: 3.680088 | r:  -515.000000 | e:   1.000000 | Q:        nan | won: False 
#  325 | steps:  3606 | steps_t:     0 | t: 3.686516 | r:  -506.000000 | e:   1.000000 | Q:        nan | won: False 
#  326 | steps:  3611 | steps_t:     0 | t: 3.690838 | r:  -504.000000 | e:   1.000000 | Q:        nan | won: False 
#  327 | steps:  3620 | steps_t:     0 | t: 3.698811 | r:  -508.000000 | e:   1.000000 | Q:        nan | won: False 
#  328 | steps:  3627 | steps_t:     0 | t: 3.704639 | r:  -506.000000 | e:   1.000000 | Q:        nan | won: False 
#  329 | steps:  3638 | steps_t:     0 | t: 3.717813 | r:  -510.000000 | e:   1.000000 | Q:        nan | won: False 
#  330 | steps:  3647 | steps_t:     0 | t: 3.728202 | r:  -508.000000 | e:   1.000000 | Q:        nan | won: False 
#  331 | steps:  3654 | steps_t:     0 | t: 3.733901 | r:  -506.000000 | e:   1.000000 | Q:        nan | won: False 
#  332 | steps:  3663 | steps_t:     0 | t: 3.742300 | r:  -508.000000 | e:   1.000000 | Q:        nan | won: False 
#  333 | steps:  3670 | steps_t:     0 | t: 3.748505 | r:  -506.000000 | e:   1.000000 | Q:        nan | won: False 
#  334 | steps:  3675 | steps_t:     0 | t: 3.753994 | r:  -504.000000 | e:   1.000000 | Q:        nan | won: False 
#  335 | steps:  3688 | steps_t:     0 | t: 3.768340 | r:  -512.000000 | e:   1.000000 | Q:        nan | won: False 
#  336 | steps:  3700 | steps_t:     0 | t: 3.781473 | r:  -511.000000 | e:   1.000000 | Q:        nan | won: False 
#  337 | steps:  3714 | steps_t:     0 | t: 3.794498 | r:  -502.000000 | e:   1.000000 | Q:        nan | won: False 
#  338 | steps:  3736 | steps_t:     0 | t: 3.812979 | r:  -521.000000 | e:   1.000000 | Q:        nan | won: False 
#  339 | steps:  3748 | steps_t:     0 | t: 3.828396 | r:  -511.000000 | e:   1.000000 | Q:        nan | won: False 
#  340 | steps:  3760 | steps_t:     0 | t: 3.840027 | r:  -511.000000 | e:   1.000000 | Q:        nan | won: False 
#  341 | steps:  3769 | steps_t:     0 | t: 3.846796 | r:  -508.000000 | e:   1.000000 | Q:        nan | won: False 
#  342 | steps:  3778 | steps_t:     0 | t: 3.855001 | r:  -508.000000 | e:   1.000000 | Q:        nan | won: False 
#  343 | steps:  3786 | steps_t:     0 | t: 3.862548 | r:  -507.000000 | e:   1.000000 | Q:        nan | won: False 
#  344 | steps:  3794 | steps_t:     0 | t: 3.874515 | r:  -507.000000 | e:   1.000000 | Q:        nan | won: False 
#  345 | steps:  3815 | steps_t:     0 | t: 3.892266 | r:  -520.000000 | e:   1.000000 | Q:        nan | won: False 
#  346 | steps:  3828 | steps_t:     0 | t: 3.901954 | r:  -512.000000 | e:   1.000000 | Q:        nan | won: False 
#  347 | steps:  3839 | steps_t:     0 | t: 3.914078 | r:  -510.000000 | e:   1.000000 | Q:        nan | won: False 
#  348 | steps:  3848 | steps_t:     0 | t: 3.926333 | r:  -508.000000 | e:   1.000000 | Q:        nan | won: False 
#  349 | steps:  3860 | steps_t:     0 | t: 3.935831 | r:  -511.000000 | e:   1.000000 | Q:        nan | won: False 
#  350 | steps:  3865 | steps_t:     0 | t: 3.939623 | r:  -504.000000 | e:   1.000000 | Q:        nan | won: False 
#  351 | steps:  3875 | steps_t:     0 | t: 3.947453 | r:  -509.000000 | e:   1.000000 | Q:        nan | won: False 
#  352 | steps:  3881 | steps_t:     0 | t: 3.955489 | r:  -505.000000 | e:   1.000000 | Q:        nan | won: False 
#  353 | steps:  3898 | steps_t:     0 | t: 3.975446 | r:  -516.000000 | e:   1.000000 | Q:        nan | won: False 
#  354 | steps:  3918 | steps_t:     0 | t: 3.992335 | r:  -519.000000 | e:   1.000000 | Q:        nan | won: False 
#  355 | steps:  3928 | steps_t:     0 | t: 4.001956 | r:  -509.000000 | e:   1.000000 | Q:        nan | won: False 
#  356 | steps:  3955 | steps_t:     0 | t: 4.029854 | r:  -515.000000 | e:   1.000000 | Q:        nan | won: False 
#  357 | steps:  3966 | steps_t:     0 | t: 4.040123 | r:  -510.000000 | e:   1.000000 | Q:        nan | won: False 
#  358 | steps:  3975 | steps_t:     0 | t: 4.048913 | r:  -508.000000 | e:   1.000000 | Q:        nan | won: False 
#  359 | steps:  3990 | steps_t:     0 | t: 4.063945 | r:  -503.000000 | e:   1.000000 | Q:        nan | won: False 
#  360 | steps:  3999 | steps_t:     0 | t: 4.076499 | r:  -508.000000 | e:   1.000000 | Q:        nan | won: False 
#  361 | steps:  4007 | steps_t:     0 | t: 4.084403 | r:  -507.000000 | e:   1.000000 | Q:        nan | won: False 
#  362 | steps:  4020 | steps_t:     0 | t: 4.096056 | r:  -512.000000 | e:   1.000000 | Q:        nan | won: False 
#  363 | steps:  4034 | steps_t:     0 | t: 4.106587 | r:  -513.000000 | e:   1.000000 | Q:        nan | won: False 
#  364 | steps:  4039 | steps_t:     0 | t: 4.110844 | r:  -504.000000 | e:   1.000000 | Q:        nan | won: False 
#  365 | steps:  4047 | steps_t:     0 | t: 4.124816 | r:  -507.000000 | e:   1.000000 | Q:        nan | won: False 
#  366 | steps:  4054 | steps_t:     0 | t: 4.130015 | r:  -506.000000 | e:   1.000000 | Q:        nan | won: False 
#  367 | steps:  4073 | steps_t:     0 | t: 4.146620 | r:  -518.000000 | e:   1.000000 | Q:        nan | won: False 
#  368 | steps:  4078 | steps_t:     0 | t: 4.150902 | r:  -504.000000 | e:   1.000000 | Q:        nan | won: False 
#  369 | steps:  4088 | steps_t:     0 | t: 4.160703 | r:  -509.000000 | e:   1.000000 | Q:        nan | won: False 
#  370 | steps:  4096 | steps_t:     0 | t: 4.173885 | r:  -507.000000 | e:   1.000000 | Q:        nan | won: False 
#  371 | steps:  4114 | steps_t:     0 | t: 4.189294 | r:  -506.000000 | e:   1.000000 | Q:        nan | won: False 
#  372 | steps:  4124 | steps_t:     0 | t: 4.196783 | r:  -509.000000 | e:   1.000000 | Q:        nan | won: False 
#  373 | steps:  4135 | steps_t:     0 | t: 4.206731 | r:  -510.000000 | e:   1.000000 | Q:        nan | won: False 
#  374 | steps:  4142 | steps_t:     0 | t: 4.215541 | r:  -506.000000 | e:   1.000000 | Q:        nan | won: False 
#  375 | steps:  4153 | steps_t:     0 | t: 4.227056 | r:  -510.000000 | e:   1.000000 | Q:        nan | won: False 
#  376 | steps:  4164 | steps_t:     0 | t: 4.235201 | r:  -510.000000 | e:   1.000000 | Q:        nan | won: False 
#  377 | steps:  4177 | steps_t:     0 | t: 4.247861 | r:  -512.000000 | e:   1.000000 | Q:        nan | won: False 
#  378 | steps:  4183 | steps_t:     0 | t: 4.253915 | r:  -505.000000 | e:   1.000000 | Q:        nan | won: False 
#  379 | steps:  4193 | steps_t:     0 | t: 4.262314 | r:  -509.000000 | e:   1.000000 | Q:        nan | won: False 
#  380 | steps:  4205 | steps_t:     0 | t: 4.273990 | r:  -511.000000 | e:   1.000000 | Q:        nan | won: False 
#  381 | steps:  4218 | steps_t:     0 | t: 4.286391 | r:  -512.000000 | e:   1.000000 | Q:        nan | won: False 
#  382 | steps:  4231 | steps_t:     0 | t: 4.296515 | r:  -512.000000 | e:   1.000000 | Q:        nan | won: False 
#  383 | steps:  4248 | steps_t:     0 | t: 4.311832 | r:  -516.000000 | e:   1.000000 | Q:        nan | won: False 
#  384 | steps:  4257 | steps_t:     0 | t: 4.322422 | r:  -508.000000 | e:   1.000000 | Q:        nan | won: False 
#  385 | steps:  4263 | steps_t:     0 | t: 4.328294 | r:  -505.000000 | e:   1.000000 | Q:        nan | won: False 
#  386 | steps:  4269 | steps_t:     0 | t: 4.333042 | r:  -505.000000 | e:   1.000000 | Q:        nan | won: False 
#  387 | steps:  4282 | steps_t:     0 | t: 4.344330 | r:  -512.000000 | e:   1.000000 | Q:        nan | won: False 
#  388 | steps:  4294 | steps_t:     0 | t: 4.354286 | r:  -511.000000 | e:   1.000000 | Q:        nan | won: False 
#  389 | steps:  4304 | steps_t:     0 | t: 4.364116 | r:  -509.000000 | e:   1.000000 | Q:        nan | won: False 
#  390 | steps:  4314 | steps_t:     0 | t: 4.376305 | r:  -509.000000 | e:   1.000000 | Q:        nan | won: False 
#  391 | steps:  4322 | steps_t:     0 | t: 4.382422 | r:  -507.000000 | e:   1.000000 | Q:        nan | won: False 
#  392 | steps:  4330 | steps_t:     0 | t: 4.390236 | r:  -507.000000 | e:   1.000000 | Q:        nan | won: False 
#  393 | steps:  4342 | steps_t:     0 | t: 4.400000 | r:  -511.000000 | e:   1.000000 | Q:        nan | won: False 
#  394 | steps:  4349 | steps_t:     0 | t: 4.405083 | r:  -506.000000 | e:   1.000000 | Q:        nan | won: False 
#  395 | steps:  4357 | steps_t:     0 | t: 4.413251 | r:  -507.000000 | e:   1.000000 | Q:        nan | won: False 
#  396 | steps:  4369 | steps_t:     0 | t: 4.426085 | r:  -511.000000 | e:   1.000000 | Q:        nan | won: False 
#  397 | steps:  4379 | steps_t:     0 | t: 4.434265 | r:  -509.000000 | e:   1.000000 | Q:        nan | won: False 
#  398 | steps:  4389 | steps_t:     0 | t: 4.441788 | r:  -509.000000 | e:   1.000000 | Q:        nan | won: False 
#  399 | steps:  4409 | steps_t:     0 | t: 4.460452 | r:  -519.000000 | e:   1.000000 | Q:        nan | won: False 
#  400 | steps:  4423 | steps_t:     0 | t: 4.475785 | r:  -513.000000 | e:   1.000000 | Q:        nan | won: False 
#  401 | steps:  4430 | steps_t:     0 | t: 4.481302 | r:  -506.000000 | e:   1.000000 | Q:        nan | won: False 
#  402 | steps:  4449 | steps_t:     0 | t: 4.497805 | r:  -518.000000 | e:   1.000000 | Q:        nan | won: False 
#  403 | steps:  4457 | steps_t:     0 | t: 4.504502 | r:  -507.000000 | e:   1.000000 | Q:        nan | won: False 
#  404 | steps:  4476 | steps_t:     0 | t: 4.523787 | r:  -507.000000 | e:   1.000000 | Q:        nan | won: False 
#  405 | steps:  4483 | steps_t:     0 | t: 4.529748 | r:  -506.000000 | e:   1.000000 | Q:        nan | won: False 
#  406 | steps:  4492 | steps_t:     0 | t: 4.537346 | r:  -508.000000 | e:   1.000000 | Q:        nan | won: False 
#  407 | steps:  4500 | steps_t:     0 | t: 4.545223 | r:  -507.000000 | e:   1.000000 | Q:        nan | won: False 
#  408 | steps:  4509 | steps_t:     0 | t: 4.553141 | r:  -508.000000 | e:   1.000000 | Q:        nan | won: False 
#  409 | steps:  4519 | steps_t:     0 | t: 4.562112 | r:  -509.000000 | e:   1.000000 | Q:        nan | won: False 
#  410 | steps:  4535 | steps_t:     0 | t: 4.576759 | r:  -515.000000 | e:   1.000000 | Q:        nan | won: False 
#  411 | steps:  4546 | steps_t:     0 | t: 4.588819 | r:  -510.000000 | e:   1.000000 | Q:        nan | won: False 
#  412 | steps:  4552 | steps_t:     0 | t: 4.593261 | r:  -505.000000 | e:   1.000000 | Q:        nan | won: False 
#  413 | steps:  4564 | steps_t:     0 | t: 4.603187 | r:  -511.000000 | e:   1.000000 | Q:        nan | won: False 
#  414 | steps:  4574 | steps_t:     0 | t: 4.610516 | r:  -509.000000 | e:   1.000000 | Q:        nan | won: False 
#  415 | steps:  4589 | steps_t:     0 | t: 4.628128 | r:  -492.000000 | e:   1.000000 | Q:        nan | won: False 
#  416 | steps:  4596 | steps_t:     0 | t: 4.633652 | r:  -506.000000 | e:   1.000000 | Q:        nan | won: False 
#  417 | steps:  4616 | steps_t:     0 | t: 4.650339 | r:  -519.000000 | e:   1.000000 | Q:        nan | won: False 
#  418 | steps:  4627 | steps_t:     0 | t: 4.660238 | r:  -510.000000 | e:   1.000000 | Q:        nan | won: False 
#  419 | steps:  4640 | steps_t:     0 | t: 4.675689 | r:  -512.000000 | e:   1.000000 | Q:        nan | won: False 
#  420 | steps:  4654 | steps_t:     0 | t: 4.687206 | r:  -513.000000 | e:   1.000000 | Q:        nan | won: False 
#  421 | steps:  4675 | steps_t:     0 | t: 4.703883 | r:  -520.000000 | e:   1.000000 | Q:        nan | won: False 
#  422 | steps:  4684 | steps_t:     0 | t: 4.711578 | r:  -508.000000 | e:   1.000000 | Q:        nan | won: False 
#  423 | steps:  4690 | steps_t:     0 | t: 4.719223 | r:  -505.000000 | e:   1.000000 | Q:        nan | won: False 
#  424 | steps:  4698 | steps_t:     0 | t: 4.726248 | r:  -507.000000 | e:   1.000000 | Q:        nan | won: False 
#  425 | steps:  4711 | steps_t:     0 | t: 4.738048 | r:  -512.000000 | e:   1.000000 | Q:        nan | won: False 
#  426 | steps:  4721 | steps_t:     0 | t: 4.746008 | r:  -509.000000 | e:   1.000000 | Q:        nan | won: False 
#  427 | steps:  4736 | steps_t:     0 | t: 4.760626 | r:  -514.000000 | e:   1.000000 | Q:        nan | won: False 
#  428 | steps:  4743 | steps_t:     0 | t: 4.768825 | r:  -506.000000 | e:   1.000000 | Q:        nan | won: False 
#  429 | steps:  4766 | steps_t:     0 | t: 4.788960 | r:  -522.000000 | e:   1.000000 | Q:        nan | won: False 
#  430 | steps:  4777 | steps_t:     0 | t: 4.797792 | r:  -510.000000 | e:   1.000000 | Q:        nan | won: False 
#  431 | steps:  4789 | steps_t:     0 | t: 4.808037 | r:  -511.000000 | e:   1.000000 | Q:        nan | won: False 
#  432 | steps:  4801 | steps_t:     0 | t: 4.820707 | r:  -511.000000 | e:   1.000000 | Q:        nan | won: False 
#  433 | steps:  4807 | steps_t:     0 | t: 4.826425 | r:  -505.000000 | e:   1.000000 | Q:        nan | won: False 
#  434 | steps:  4814 | steps_t:     0 | t: 4.831594 | r:  -506.000000 | e:   1.000000 | Q:        nan | won: False 
#  435 | steps:  4821 | steps_t:     0 | t: 4.839070 | r:  -506.000000 | e:   1.000000 | Q:        nan | won: False 
#  436 | steps:  4827 | steps_t:     0 | t: 4.844583 | r:  -505.000000 | e:   1.000000 | Q:        nan | won: False 
#  437 | steps:  4836 | steps_t:     0 | t: 4.851780 | r:  -508.000000 | e:   1.000000 | Q:        nan | won: False 
#  438 | steps:  4843 | steps_t:     0 | t: 4.858537 | r:  -506.000000 | e:   1.000000 | Q:        nan | won: False 
#  439 | steps:  4854 | steps_t:     0 | t: 4.869132 | r:  -510.000000 | e:   1.000000 | Q:        nan | won: False 
#  440 | steps:  4870 | steps_t:     0 | t: 4.884785 | r:  -515.000000 | e:   1.000000 | Q:        nan | won: False 
#  441 | steps:  4879 | steps_t:     0 | t: 4.893055 | r:  -508.000000 | e:   1.000000 | Q:        nan | won: False 
#  442 | steps:  4892 | steps_t:     0 | t: 4.903607 | r:  -512.000000 | e:   1.000000 | Q:        nan | won: False 
#  443 | steps:  4905 | steps_t:     0 | t: 4.914668 | r:  -512.000000 | e:   1.000000 | Q:        nan | won: False 
#  444 | steps:  4915 | steps_t:     0 | t: 4.927223 | r:  -509.000000 | e:   1.000000 | Q:        nan | won: False 
#  445 | steps:  4922 | steps_t:     0 | t: 4.933115 | r:  -506.000000 | e:   1.000000 | Q:        nan | won: False 
#  446 | steps:  4932 | steps_t:     0 | t: 4.942766 | r:  -509.000000 | e:   1.000000 | Q:        nan | won: False 
#  447 | steps:  4943 | steps_t:     0 | t: 4.952035 | r:  -510.000000 | e:   1.000000 | Q:        nan | won: False 
#  448 | steps:  4950 | steps_t:     0 | t: 4.958430 | r:  -506.000000 | e:   1.000000 | Q:        nan | won: False 
#  449 | steps:  4967 | steps_t:     0 | t: 4.976432 | r:  -516.000000 | e:   1.000000 | Q:        nan | won: False 
#  450 | steps:  4977 | steps_t:     0 | t: 4.983737 | r:  -509.000000 | e:   1.000000 | Q:        nan | won: False 
#  451 | steps:  4986 | steps_t:     0 | t: 4.993014 | r:  -508.000000 | e:   1.000000 | Q:        nan | won: False 
#  452 | steps:  5002 | steps_t:     1 | t: 5.149793 | r:  -515.000000 | e:   0.999900 | Q:        nan | won: False 
#  453 | steps:  5014 | steps_t:    12 | t: 5.302371 | r:  -511.000000 | e:   0.998800 | Q:        nan | won: False 
#  454 | steps:  5024 | steps_t:    21 | t: 5.427623 | r:  -509.000000 | e:   0.997900 | Q:        nan | won: False 
#  455 | steps:  5033 | steps_t:    29 | t: 5.537549 | r:  -508.000000 | e:   0.997100 | Q:        nan | won: False 
#  456 | steps:  5046 | steps_t:    41 | t: 5.700689 | r:  -512.000000 | e:   0.995900 | Q:        nan | won: False 
#  457 | steps:  5055 | steps_t:    49 | t: 5.811961 | r:  -508.000000 | e:   0.995100 | Q:        nan | won: False 
#  458 | steps:  5061 | steps_t:    54 | t: 5.883608 | r:  -505.000000 | e:   0.994600 | Q:        nan | won: False 
#  459 | steps:  5070 | steps_t:    62 | t: 5.996504 | r:  -508.000000 | e:   0.993800 | Q:        nan | won: False 
#  460 | steps:  5082 | steps_t:    73 | t: 6.150346 | r:  -511.000000 | e:   0.992700 | Q:        nan | won: False 
#  461 | steps:  5097 | steps_t:    87 | t: 6.343009 | r:  -514.000000 | e:   0.991300 | Q:        nan | won: False 
#  462 | steps:  5106 | steps_t:    95 | t: 6.455019 | r:  -508.000000 | e:   0.990500 | Q:        nan | won: False 
#  463 | steps:  5112 | steps_t:   100 | t: 6.528669 | r:  -505.000000 | e:   0.990000 | Q:        nan | won: False 
#  464 | steps:  5121 | steps_t:   108 | t: 6.648577 | r:  -508.000000 | e:   0.989200 | Q:        nan | won: False 
#  465 | steps:  5127 | steps_t:   113 | t: 6.721773 | r:  -505.000000 | e:   0.988700 | Q:        nan | won: False 
#  466 | steps:  5135 | steps_t:   120 | t: 6.819368 | r:  -507.000000 | e:   0.988000 | Q:        nan | won: False 
#  467 | steps:  5147 | steps_t:   131 | t: 6.973127 | r:  -511.000000 | e:   0.986900 | Q:        nan | won: False 
#  468 | steps:  5154 | steps_t:   137 | t: 7.058003 | r:  -506.000000 | e:   0.986300 | Q:        nan | won: False 
#  469 | steps:  5160 | steps_t:   142 | t: 7.129421 | r:  -505.000000 | e:   0.985800 | Q:        nan | won: False 
#  470 | steps:  5169 | steps_t:   150 | t: 7.239346 | r:  -508.000000 | e:   0.985000 | Q:        nan | won: False 
#  471 | steps:  5181 | steps_t:   161 | t: 7.395462 | r:  -511.000000 | e:   0.983900 | Q: -287.966492 | won: False 
#  472 | steps:  5190 | steps_t:   169 | t: 7.508377 | r:  -508.000000 | e:   0.983100 | Q:        nan | won: False 
#  473 | steps:  5200 | steps_t:   178 | t: 7.636712 | r:  -509.000000 | e:   0.982200 | Q:        nan | won: False 
#  474 | steps:  5208 | steps_t:   185 | t: 7.736412 | r:  -507.000000 | e:   0.981500 | Q: -301.798920 | won: False 
#  475 | steps:  5219 | steps_t:   195 | t: 7.876594 | r:  -510.000000 | e:   0.980500 | Q:        nan | won: False 
#  476 | steps:  5233 | steps_t:   208 | t: 8.055874 | r:  -513.000000 | e:   0.979200 | Q:        nan | won: False 
#  477 | steps:  5252 | steps_t:   226 | t: 8.301773 | r:  -518.000000 | e:   0.977400 | Q:        nan | won: False 
#  478 | steps:  5271 | steps_t:   244 | t: 8.548519 | r:  -518.000000 | e:   0.975600 | Q: -317.882263 | won: False 
#  479 | steps:  5288 | steps_t:   260 | t: 8.767113 | r:  -516.000000 | e:   0.974000 | Q: -294.435364 | won: False 
#  480 | steps:  5294 | steps_t:   265 | t: 8.841092 | r:  -505.000000 | e:   0.973500 | Q:        nan | won: False 
#  481 | steps:  5314 | steps_t:   284 | t: 9.097301 | r:  -519.000000 | e:   0.971600 | Q:        nan | won: False 
#  482 | steps:  5323 | steps_t:   292 | t: 9.208321 | r:  -508.000000 | e:   0.970800 | Q:        nan | won: False 
#  483 | steps:  5333 | steps_t:   301 | t: 9.336564 | r:  -509.000000 | e:   0.969900 | Q:        nan | won: False 
#  484 | steps:  5349 | steps_t:   316 | t: 9.542598 | r:  -504.000000 | e:   0.968400 | Q: -343.619354 | won: False 
#  485 | steps:  5360 | steps_t:   326 | t: 9.679115 | r:  -510.000000 | e:   0.967400 | Q:        nan | won: False 
#  486 | steps:  5383 | steps_t:   348 | t: 9.980528 | r:  -522.000000 | e:   0.965200 | Q:        nan | won: False 
#  487 | steps:  5393 | steps_t:   357 | t: 10.108721 | r:  -509.000000 | e:   0.964300 | Q:        nan | won: False 
#  488 | steps:  5404 | steps_t:   367 | t: 10.251248 | r:  -510.000000 | e:   0.963300 | Q: -271.568207 | won: False 
#  489 | steps:  5411 | steps_t:   373 | t: 10.340136 | r:  -506.000000 | e:   0.962700 | Q: -269.060089 | won: False 
#  490 | steps:  5420 | steps_t:   381 | t: 10.452338 | r:  -508.000000 | e:   0.961900 | Q:        nan | won: False 
#  491 | steps:  5428 | steps_t:   388 | t: 10.553133 | r:  -507.000000 | e:   0.961200 | Q:        nan | won: False 
#  492 | steps:  5437 | steps_t:   396 | t: 10.665958 | r:  -508.000000 | e:   0.960400 | Q:        nan | won: False 
#  493 | steps:  5447 | steps_t:   405 | t: 10.793414 | r:  -509.000000 | e:   0.959500 | Q:        nan | won: False 
#  494 | steps:  5477 | steps_t:   434 | t: 11.205909 | r:  -518.000000 | e:   0.956600 | Q: -321.489288 | won: False 
#  495 | steps:  5483 | steps_t:   439 | t: 11.277595 | r:  -505.000000 | e:   0.956100 | Q:        nan | won: False 
#  496 | steps:  5503 | steps_t:   458 | t: 11.536442 | r:  -519.000000 | e:   0.954200 | Q: -330.373932 | won: False 
#  497 | steps:  5515 | steps_t:   469 | t: 11.687849 | r:  -511.000000 | e:   0.953100 | Q:        nan | won: False 
#  498 | steps:  5530 | steps_t:   483 | t: 11.881274 | r:  -514.000000 | e:   0.951700 | Q: -317.704041 | won: False 
#  499 | steps:  5536 | steps_t:   488 | t: 11.954321 | r:  -505.000000 | e:   0.951200 | Q: -309.550568 | won: False 
#  500 | steps:  5581 | steps_t:   532 | t: 12.598025 | r:  -533.000000 | e:   0.946800 | Q: -303.245148 | won: False 
#  501 | steps:  5590 | steps_t:   540 | t: 12.718151 | r:  -508.000000 | e:   0.946000 | Q:        nan | won: False 
#  502 | steps:  5597 | steps_t:   546 | t: 12.803285 | r:  -506.000000 | e:   0.945400 | Q:        nan | won: False 
#  503 | steps:  5608 | steps_t:   556 | t: 12.941550 | r:  -510.000000 | e:   0.944400 | Q:        nan | won: False 
#  504 | steps:  5617 | steps_t:   564 | t: 13.055899 | r:  -508.000000 | e:   0.943600 | Q:        nan | won: False 
#  505 | steps:  5624 | steps_t:   570 | t: 13.145094 | r:  -506.000000 | e:   0.943000 | Q: -292.604065 | won: False 
#  506 | steps:  5630 | steps_t:   575 | t: 13.215680 | r:  -505.000000 | e:   0.942500 | Q:        nan | won: False 
#  507 | steps:  5640 | steps_t:   584 | t: 13.342988 | r:  -509.000000 | e:   0.941600 | Q:        nan | won: False 
#  508 | steps:  5654 | steps_t:   597 | t: 13.525461 | r:  -513.000000 | e:   0.940300 | Q:        nan | won: False 
#  509 | steps:  5661 | steps_t:   603 | t: 13.612217 | r:  -506.000000 | e:   0.939700 | Q:        nan | won: False 
#  510 | steps:  5673 | steps_t:   614 | t: 13.768515 | r:  -511.000000 | e:   0.938600 | Q: -279.206604 | won: False 
#  511 | steps:  5685 | steps_t:   625 | t: 13.927435 | r:  -511.000000 | e:   0.937500 | Q: -276.317535 | won: False 
#  512 | steps:  5691 | steps_t:   630 | t: 13.998435 | r:  -505.000000 | e:   0.937000 | Q:        nan | won: False 
#  513 | steps:  5699 | steps_t:   637 | t: 14.104598 | r:  -507.000000 | e:   0.936300 | Q:        nan | won: False 
#  514 | steps:  5711 | steps_t:   648 | t: 14.260609 | r:  -511.000000 | e:   0.935200 | Q:        nan | won: False 
#  515 | steps:  5726 | steps_t:   662 | t: 14.461070 | r:  -492.000000 | e:   0.933800 | Q:        nan | won: False 
#  516 | steps:  5735 | steps_t:   670 | t: 14.584195 | r:  -508.000000 | e:   0.933000 | Q: -311.846375 | won: False 
#  517 | steps:  5762 | steps_t:   696 | t: 14.948990 | r:  -515.000000 | e:   0.930400 | Q: -320.060455 | won: False 
#  518 | steps:  5777 | steps_t:   710 | t: 15.151546 | r:  -514.000000 | e:   0.929000 | Q: -343.466919 | won: False 
#  519 | steps:  5783 | steps_t:   715 | t: 15.229891 | r:  -505.000000 | e:   0.928500 | Q: -345.436493 | won: False 
#  520 | steps:  5799 | steps_t:   730 | t: 15.444715 | r:  -504.000000 | e:   0.927000 | Q: -330.690460 | won: False 
#  521 | steps:  5807 | steps_t:   737 | t: 15.551518 | r:  -507.000000 | e:   0.926300 | Q:        nan | won: False 
#  522 | steps:  5814 | steps_t:   743 | t: 15.643358 | r:  -506.000000 | e:   0.925700 | Q:        nan | won: False 
#  523 | steps:  5828 | steps_t:   756 | t: 15.829344 | r:  -502.000000 | e:   0.924400 | Q: -321.152710 | won: False 
#  524 | steps:  5835 | steps_t:   762 | t: 15.913673 | r:  -506.000000 | e:   0.923800 | Q:        nan | won: False 
#  525 | steps:  5841 | steps_t:   767 | t: 15.987605 | r:  -505.000000 | e:   0.923300 | Q:        nan | won: False 
#  526 | steps:  5850 | steps_t:   775 | t: 16.107853 | r:  -508.000000 | e:   0.922500 | Q: -305.668304 | won: False 
#  527 | steps:  5861 | steps_t:   785 | t: 16.251192 | r:  -510.000000 | e:   0.921500 | Q:        nan | won: False 
#  528 | steps:  5874 | steps_t:   797 | t: 16.425989 | r:  -512.000000 | e:   0.920300 | Q: -293.344147 | won: False 
#  529 | steps:  5883 | steps_t:   805 | t: 16.537397 | r:  -508.000000 | e:   0.919500 | Q:        nan | won: False 
#  530 | steps:  5889 | steps_t:   810 | t: 16.610071 | r:  -505.000000 | e:   0.919000 | Q:        nan | won: False 
#  531 | steps:  5895 | steps_t:   815 | t: 16.687949 | r:  -505.000000 | e:   0.918500 | Q: -316.270447 | won: False 
#  532 | steps:  5902 | steps_t:   821 | t: 16.778414 | r:  -506.000000 | e:   0.917900 | Q:        nan | won: False 
#  533 | steps:  5908 | steps_t:   826 | t: 16.850424 | r:  -505.000000 | e:   0.917400 | Q:        nan | won: False 
#  534 | steps:  5916 | steps_t:   833 | t: 16.950989 | r:  -507.000000 | e:   0.916700 | Q:        nan | won: False 
#  535 | steps:  5935 | steps_t:   851 | t: 17.206811 | r:  -518.000000 | e:   0.914900 | Q: -316.355194 | won: False 
#  536 | steps:  5950 | steps_t:   865 | t: 17.411396 | r:  -492.000000 | e:   0.913500 | Q: -325.604004 | won: False 
#  537 | steps:  5961 | steps_t:   875 | t: 17.559863 | r:  -510.000000 | e:   0.912500 | Q: -335.697845 | won: False 
#  538 | steps:  5968 | steps_t:   881 | t: 17.648803 | r:  -506.000000 | e:   0.911900 | Q:        nan | won: False 
#  539 | steps:  5982 | steps_t:   894 | t: 17.832488 | r:  -513.000000 | e:   0.910600 | Q:        nan | won: False 
#  540 | steps:  5991 | steps_t:   902 | t: 17.947296 | r:  -508.000000 | e:   0.909800 | Q:        nan | won: False 
#  541 | steps:  6001 | steps_t:   911 | t: 18.082581 | r:  -509.000000 | e:   0.908900 | Q: -305.212097 | won: False 
#  542 | steps:  6008 | steps_t:   917 | t: 18.172804 | r:  -506.000000 | e:   0.908300 | Q:        nan | won: False 
#  543 | steps:  6018 | steps_t:   926 | t: 18.300132 | r:  -509.000000 | e:   0.907400 | Q:        nan | won: False 
#  544 | steps:  6028 | steps_t:   935 | t: 18.441528 | r:  -509.000000 | e:   0.906500 | Q: -325.576385 | won: False 
#  545 | steps:  6039 | steps_t:   945 | t: 18.585021 | r:  -510.000000 | e:   0.905500 | Q:        nan | won: False 
#  546 | steps:  6046 | steps_t:   951 | t: 18.673716 | r:  -506.000000 | e:   0.904900 | Q:        nan | won: False 
#  547 | steps:  6058 | steps_t:   962 | t: 18.826278 | r:  -511.000000 | e:   0.903800 | Q:        nan | won: False 
#  548 | steps:  6068 | steps_t:   971 | t: 18.955184 | r:  -509.000000 | e:   0.902900 | Q: -326.811890 | won: False 
#  549 | steps:  6086 | steps_t:   988 | t: 19.199016 | r:  -517.000000 | e:   0.901200 | Q:        nan | won: False 
#  550 | steps:  6098 | steps_t:   999 | t: 19.360048 | r:  -511.000000 | e:   0.900100 | Q: -329.424103 | won: False 
#  551 | steps:  6106 | steps_t:  1006 | t: 19.472478 | r:  -507.000000 | e:   0.899400 | Q: -325.755402 | won: False 
#  552 | steps:  6115 | steps_t:  1014 | t: 19.587130 | r:  -508.000000 | e:   0.898600 | Q: -320.790955 | won: False 
#  553 | steps:  6138 | steps_t:  1036 | t: 19.897386 | r:  -522.000000 | e:   0.896400 | Q:        nan | won: False 
#  554 | steps:  6149 | steps_t:  1046 | t: 20.044826 | r:  -510.000000 | e:   0.895400 | Q: -322.138641 | won: False 
#  555 | steps:  6158 | steps_t:  1054 | t: 20.162824 | r:  -508.000000 | e:   0.894600 | Q: -305.933258 | won: False 
#  556 | steps:  6168 | steps_t:  1063 | t: 20.296382 | r:  -509.000000 | e:   0.893700 | Q: -298.681976 | won: False 
#  557 | steps:  6194 | steps_t:  1088 | t: 20.655675 | r:  -525.000000 | e:   0.891200 | Q: -292.353394 | won: False 
#  558 | steps:  6209 | steps_t:  1102 | t: 20.853741 | r:  -503.000000 | e:   0.889800 | Q:        nan | won: False 
#  559 | steps:  6218 | steps_t:  1110 | t: 20.972066 | r:  -508.000000 | e:   0.889000 | Q: -313.772125 | won: False 
#  560 | steps:  6228 | steps_t:  1119 | t: 21.102325 | r:  -509.000000 | e:   0.888100 | Q:        nan | won: False 
#  561 | steps:  6235 | steps_t:  1125 | t: 21.193771 | r:  -506.000000 | e:   0.887500 | Q:        nan | won: False 
#  562 | steps:  6251 | steps_t:  1140 | t: 21.405234 | r:  -515.000000 | e:   0.886000 | Q: -326.983337 | won: False 
#  563 | steps:  6257 | steps_t:  1145 | t: 21.482312 | r:  -505.000000 | e:   0.885500 | Q:        nan | won: False 
#  564 | steps:  6265 | steps_t:  1152 | t: 21.586086 | r:  -507.000000 | e:   0.884800 | Q:        nan | won: False 
#  565 | steps:  6273 | steps_t:  1159 | t: 21.689492 | r:  -507.000000 | e:   0.884100 | Q:        nan | won: False 
#  566 | steps:  6284 | steps_t:  1169 | t: 21.836034 | r:  -510.000000 | e:   0.883100 | Q: -321.406921 | won: False 
#  567 | steps:  6293 | steps_t:  1177 | t: 21.953857 | r:  -508.000000 | e:   0.882300 | Q:        nan | won: False 
#  568 | steps:  6304 | steps_t:  1187 | t: 22.103008 | r:  -510.000000 | e:   0.881300 | Q:        nan | won: False 
#  569 | steps:  6316 | steps_t:  1198 | t: 22.277441 | r:  -511.000000 | e:   0.880200 | Q: -275.472351 | won: False 
#  570 | steps:  6324 | steps_t:  1205 | t: 22.378761 | r:  -507.000000 | e:   0.879500 | Q: -277.872711 | won: False 
#  571 | steps:  6339 | steps_t:  1219 | t: 22.577988 | r:  -514.000000 | e:   0.878100 | Q:        nan | won: False 
#  572 | steps:  6350 | steps_t:  1229 | t: 22.733411 | r:  -510.000000 | e:   0.877100 | Q: -318.023804 | won: False 
#  573 | steps:  6363 | steps_t:  1241 | t: 22.904146 | r:  -512.000000 | e:   0.875900 | Q: -342.211670 | won: False 
#  574 | steps:  6384 | steps_t:  1261 | t: 23.190657 | r:  -520.000000 | e:   0.873900 | Q: -334.631958 | won: False 
#  575 | steps:  6390 | steps_t:  1266 | t: 23.265159 | r:  -505.000000 | e:   0.873400 | Q: -325.539001 | won: False 
#  576 | steps:  6398 | steps_t:  1273 | t: 23.374917 | r:  -507.000000 | e:   0.872700 | Q: -324.947113 | won: False 
#  577 | steps:  6406 | steps_t:  1280 | t: 23.481070 | r:  -507.000000 | e:   0.872000 | Q:        nan | won: False 
#  578 | steps:  6415 | steps_t:  1288 | t: 23.596685 | r:  -508.000000 | e:   0.871200 | Q: -345.500336 | won: False 
#  579 | steps:  6423 | steps_t:  1295 | t: 23.702464 | r:  -507.000000 | e:   0.870500 | Q: -334.736786 | won: False 
#  580 | steps:  6429 | steps_t:  1300 | t: 23.780203 | r:  -505.000000 | e:   0.870000 | Q:        nan | won: False 
#  581 | steps:  6439 | steps_t:  1309 | t: 23.912285 | r:  -509.000000 | e:   0.869100 | Q:        nan | won: False 
#  582 | steps:  6447 | steps_t:  1316 | t: 24.017082 | r:  -507.000000 | e:   0.868400 | Q:        nan | won: False 
#  583 | steps:  6460 | steps_t:  1328 | t: 24.195695 | r:  -512.000000 | e:   0.867200 | Q: -277.097107 | won: False 
#  584 | steps:  6472 | steps_t:  1339 | t: 24.357326 | r:  -511.000000 | e:   0.866100 | Q: -270.081299 | won: False 
#  585 | steps:  6482 | steps_t:  1348 | t: 24.491995 | r:  -509.000000 | e:   0.865200 | Q: -286.819946 | won: False 
#  586 | steps:  6489 | steps_t:  1354 | t: 24.581386 | r:  -506.000000 | e:   0.864600 | Q:        nan | won: False 
#  587 | steps:  6498 | steps_t:  1362 | t: 24.696016 | r:  -508.000000 | e:   0.863800 | Q: -321.433838 | won: False 
#  588 | steps:  6509 | steps_t:  1372 | t: 24.842096 | r:  -510.000000 | e:   0.862800 | Q: -326.046844 | won: False 
#  589 | steps:  6518 | steps_t:  1380 | t: 24.956575 | r:  -508.000000 | e:   0.862000 | Q: -321.353638 | won: False 
#  590 | steps:  6529 | steps_t:  1390 | t: 25.105396 | r:  -510.000000 | e:   0.861000 | Q: -317.355835 | won: False 
#  591 | steps:  6536 | steps_t:  1396 | t: 25.194224 | r:  -506.000000 | e:   0.860400 | Q:        nan | won: False 
#  592 | steps:  6547 | steps_t:  1406 | t: 25.340477 | r:  -510.000000 | e:   0.859400 | Q: -362.520569 | won: False 
#  593 | steps:  6555 | steps_t:  1413 | t: 25.444792 | r:  -507.000000 | e:   0.858700 | Q: -356.247528 | won: False 
#  594 | steps:  6567 | steps_t:  1424 | t: 25.606000 | r:  -511.000000 | e:   0.857600 | Q: -346.980682 | won: False 
#  595 | steps:  6574 | steps_t:  1430 | t: 25.695779 | r:  -506.000000 | e:   0.857000 | Q:        nan | won: False 
#  596 | steps:  6582 | steps_t:  1437 | t: 25.798578 | r:  -507.000000 | e:   0.856300 | Q: -335.361572 | won: False 
#  597 | steps:  6587 | steps_t:  1441 | t: 25.859367 | r:  -504.000000 | e:   0.855900 | Q: -323.856995 | won: False 
#  598 | steps:  6594 | steps_t:  1447 | t: 25.950448 | r:  -506.000000 | e:   0.855300 | Q: -324.306732 | won: False 
#  599 | steps:  6602 | steps_t:  1454 | t: 26.058836 | r:  -507.000000 | e:   0.854600 | Q: -318.541718 | won: False 
#  600 | steps:  6609 | steps_t:  1460 | t: 26.148869 | r:  -506.000000 | e:   0.854000 | Q: -325.709320 | won: False 
