#    1 | steps:     6 | steps_t:     0 | t: 0.101679 | r:  -505.000000 | e:   1.000000 | Q:        nan | won: False 
#    2 | steps:    19 | steps_t:     0 | t: 0.112048 | r:  -512.000000 | e:   1.000000 | Q:        nan | won: False 
#    3 | steps:    31 | steps_t:     0 | t: 0.121577 | r:  -511.000000 | e:   1.000000 | Q:        nan | won: False 
#    4 | steps:    51 | steps_t:     0 | t: 0.142332 | r:  -519.000000 | e:   1.000000 | Q:        nan | won: False 
#    5 | steps:    59 | steps_t:     0 | t: 0.152037 | r:  -507.000000 | e:   1.000000 | Q:        nan | won: False 
#    6 | steps:    66 | steps_t:     0 | t: 0.160663 | r:  -506.000000 | e:   1.000000 | Q:        nan | won: False 
#    7 | steps:    73 | steps_t:     0 | t: 0.169693 | r:  -506.000000 | e:   1.000000 | Q:        nan | won: False 
#    8 | steps:    80 | steps_t:     0 | t: 0.176988 | r:  -506.000000 | e:   1.000000 | Q:        nan | won: False 
#    9 | steps:    97 | steps_t:     0 | t: 0.198320 | r:  -516.000000 | e:   1.000000 | Q:        nan | won: False 
#   10 | steps:   106 | steps_t:     0 | t: 0.207615 | r:  -508.000000 | e:   1.000000 | Q:        nan | won: False 
#   11 | steps:   119 | steps_t:     0 | t: 0.220070 | r:  -501.000000 | e:   1.000000 | Q:        nan | won: False 
#   12 | steps:   126 | steps_t:     0 | t: 0.225801 | r:  -506.000000 | e:   1.000000 | Q:        nan | won: False 
#   13 | steps:   138 | steps_t:     0 | t: 0.239522 | r:  -511.000000 | e:   1.000000 | Q:        nan | won: False 
#   14 | steps:   147 | steps_t:     0 | t: 0.252210 | r:  -508.000000 | e:   1.000000 | Q:        nan | won: False 
#   15 | steps:   157 | steps_t:     0 | t: 0.262389 | r:  -509.000000 | e:   1.000000 | Q:        nan | won: False 
#   16 | steps:   163 | steps_t:     0 | t: 0.268623 | r:  -505.000000 | e:   1.000000 | Q:        nan | won: False 
#   17 | steps:   172 | steps_t:     0 | t: 0.275665 | r:  -508.000000 | e:   1.000000 | Q:        nan | won: False 
#   18 | steps:   180 | steps_t:     0 | t: 0.284673 | r:  -507.000000 | e:   1.000000 | Q:        nan | won: False 
#   19 | steps:   196 | steps_t:     0 | t: 0.306148 | r:  -515.000000 | e:   1.000000 | Q:        nan | won: False 
#   20 | steps:   204 | steps_t:     0 | t: 0.313768 | r:  -507.000000 | e:   1.000000 | Q:        nan | won: False 
#   21 | steps:   221 | steps_t:     0 | t: 0.328422 | r:  -516.000000 | e:   1.000000 | Q:        nan | won: False 
#   22 | steps:   233 | steps_t:     0 | t: 0.347607 | r:  -511.000000 | e:   1.000000 | Q:        nan | won: False 
#   23 | steps:   247 | steps_t:     0 | t: 0.360669 | r:  -513.000000 | e:   1.000000 | Q:        nan | won: False 
#   24 | steps:   256 | steps_t:     0 | t: 0.371466 | r:  -508.000000 | e:   1.000000 | Q:        nan | won: False 
#   25 | steps:   270 | steps_t:     0 | t: 0.383011 | r:  -513.000000 | e:   1.000000 | Q:        nan | won: False 
#   26 | steps:   279 | steps_t:     0 | t: 0.398108 | r:  -508.000000 | e:   1.000000 | Q:        nan | won: False 
#   27 | steps:   300 | steps_t:     0 | t: 0.418293 | r:  -520.000000 | e:   1.000000 | Q:        nan | won: False 
#   28 | steps:   310 | steps_t:     0 | t: 0.427069 | r:  -509.000000 | e:   1.000000 | Q:        nan | won: False 
#   29 | steps:   319 | steps_t:     0 | t: 0.439702 | r:  -508.000000 | e:   1.000000 | Q:        nan | won: False 
#   30 | steps:   340 | steps_t:     0 | t: 0.460093 | r:  -520.000000 | e:   1.000000 | Q:        nan | won: False 
#   31 | steps:   350 | steps_t:     0 | t: 0.470863 | r:  -509.000000 | e:   1.000000 | Q:        nan | won: False 
#   32 | steps:   369 | steps_t:     0 | t: 0.494975 | r:  -518.000000 | e:   1.000000 | Q:        nan | won: False 
#   33 | steps:   381 | steps_t:     0 | t: 0.505916 | r:  -511.000000 | e:   1.000000 | Q:        nan | won: False 
#   34 | steps:   391 | steps_t:     0 | t: 0.515805 | r:  -509.000000 | e:   1.000000 | Q:        nan | won: False 
#   35 | steps:   399 | steps_t:     0 | t: 0.524317 | r:  -507.000000 | e:   1.000000 | Q:        nan | won: False 
#   36 | steps:   424 | steps_t:     0 | t: 0.554184 | r:  -524.000000 | e:   1.000000 | Q:        nan | won: False 
#   37 | steps:   435 | steps_t:     0 | t: 0.562841 | r:  -510.000000 | e:   1.000000 | Q:        nan | won: False 
#   38 | steps:   442 | steps_t:     0 | t: 0.572551 | r:  -506.000000 | e:   1.000000 | Q:        nan | won: False 
#   39 | steps:   456 | steps_t:     0 | t: 0.586658 | r:  -513.000000 | e:   1.000000 | Q:        nan | won: False 
#   40 | steps:   472 | steps_t:     0 | t: 0.605972 | r:  -515.000000 | e:   1.000000 | Q:        nan | won: False 
#   41 | steps:   492 | steps_t:     0 | t: 0.624311 | r:  -508.000000 | e:   1.000000 | Q:        nan | won: False 
#   42 | steps:   500 | steps_t:     0 | t: 0.633431 | r:  -507.000000 | e:   1.000000 | Q:        nan | won: False 
#   43 | steps:   506 | steps_t:     0 | t: 0.644832 | r:  -505.000000 | e:   1.000000 | Q:        nan | won: False 
#   44 | steps:   516 | steps_t:     0 | t: 0.653572 | r:  -509.000000 | e:   1.000000 | Q:        nan | won: False 
#   45 | steps:   531 | steps_t:     0 | t: 0.671863 | r:  -514.000000 | e:   1.000000 | Q:        nan | won: False 
#   46 | steps:   543 | steps_t:     0 | t: 0.684848 | r:  -511.000000 | e:   1.000000 | Q:        nan | won: False 
#   47 | steps:   549 | steps_t:     0 | t: 0.696188 | r:  -505.000000 | e:   1.000000 | Q:        nan | won: False 
#   48 | steps:   557 | steps_t:     0 | t: 0.703275 | r:  -507.000000 | e:   1.000000 | Q:        nan | won: False 
#   49 | steps:   574 | steps_t:     0 | t: 0.718452 | r:  -516.000000 | e:   1.000000 | Q:        nan | won: False 
#   50 | steps:   581 | steps_t:     0 | t: 0.725667 | r:  -506.000000 | e:   1.000000 | Q:        nan | won: False 
#   51 | steps:   623 | steps_t:     0 | t: 0.769614 | r:  -530.000000 | e:   1.000000 | Q:        nan | won: False 
#   52 | steps:   629 | steps_t:     0 | t: 0.774761 | r:  -505.000000 | e:   1.000000 | Q:        nan | won: False 
#   53 | steps:   638 | steps_t:     0 | t: 0.785376 | r:  -508.000000 | e:   1.000000 | Q:        nan | won: False 
#   54 | steps:   652 | steps_t:     0 | t: 0.802972 | r:  -513.000000 | e:   1.000000 | Q:        nan | won: False 
#   55 | steps:   660 | steps_t:     0 | t: 0.811242 | r:  -507.000000 | e:   1.000000 | Q:        nan | won: False 
#   56 | steps:   670 | steps_t:     0 | t: 0.821308 | r:  -509.000000 | e:   1.000000 | Q:        nan | won: False 
#   57 | steps:   686 | steps_t:     0 | t: 0.838848 | r:  -515.000000 | e:   1.000000 | Q:        nan | won: False 
#   58 | steps:   692 | steps_t:     0 | t: 0.847386 | r:  -505.000000 | e:   1.000000 | Q:        nan | won: False 
#   59 | steps:   703 | steps_t:     0 | t: 0.859621 | r:  -510.000000 | e:   1.000000 | Q:        nan | won: False 
#   60 | steps:   710 | steps_t:     0 | t: 0.867109 | r:  -506.000000 | e:   1.000000 | Q:        nan | won: False 
#   61 | steps:   718 | steps_t:     0 | t: 0.873659 | r:  -507.000000 | e:   1.000000 | Q:        nan | won: False 
#   62 | steps:   726 | steps_t:     0 | t: 0.879186 | r:  -507.000000 | e:   1.000000 | Q:        nan | won: False 
#   63 | steps:   733 | steps_t:     0 | t: 0.890776 | r:  -506.000000 | e:   1.000000 | Q:        nan | won: False 
#   64 | steps:   740 | steps_t:     0 | t: 0.902398 | r:  -506.000000 | e:   1.000000 | Q:        nan | won: False 
#   65 | steps:   749 | steps_t:     0 | t: 0.911592 | r:  -508.000000 | e:   1.000000 | Q:        nan | won: False 
#   66 | steps:   758 | steps_t:     0 | t: 0.920708 | r:  -508.000000 | e:   1.000000 | Q:        nan | won: False 
#   67 | steps:   765 | steps_t:     0 | t: 0.927318 | r:  -506.000000 | e:   1.000000 | Q:        nan | won: False 
#   68 | steps:   776 | steps_t:     0 | t: 0.941413 | r:  -510.000000 | e:   1.000000 | Q:        nan | won: False 
#   69 | steps:   785 | steps_t:     0 | t: 0.953265 | r:  -508.000000 | e:   1.000000 | Q:        nan | won: False 
#   70 | steps:   796 | steps_t:     0 | t: 0.962744 | r:  -510.000000 | e:   1.000000 | Q:        nan | won: False 
#   71 | steps:   814 | steps_t:     0 | t: 0.980598 | r:  -517.000000 | e:   1.000000 | Q:        nan | won: False 
#   72 | steps:   824 | steps_t:     0 | t: 0.996540 | r:  -509.000000 | e:   1.000000 | Q:        nan | won: False 
#   73 | steps:   833 | steps_t:     0 | t: 1.007655 | r:  -508.000000 | e:   1.000000 | Q:        nan | won: False 
#   74 | steps:   844 | steps_t:     0 | t: 1.020954 | r:  -510.000000 | e:   1.000000 | Q:        nan | won: False 
#   75 | steps:   866 | steps_t:     0 | t: 1.048552 | r:  -521.000000 | e:   1.000000 | Q:        nan | won: False 
#   76 | steps:   878 | steps_t:     0 | t: 1.064994 | r:  -511.000000 | e:   1.000000 | Q:        nan | won: False 
#   77 | steps:   886 | steps_t:     0 | t: 1.078161 | r:  -507.000000 | e:   1.000000 | Q:        nan | won: False 
#   78 | steps:   895 | steps_t:     0 | t: 1.102404 | r:  -508.000000 | e:   1.000000 | Q:        nan | won: False 
#   79 | steps:   909 | steps_t:     0 | t: 1.128386 | r:  -513.000000 | e:   1.000000 | Q:        nan | won: False 
#   80 | steps:   923 | steps_t:     0 | t: 1.158097 | r:  -513.000000 | e:   1.000000 | Q:        nan | won: False 
#   81 | steps:   936 | steps_t:     0 | t: 1.176832 | r:  -512.000000 | e:   1.000000 | Q:        nan | won: False 
#   82 | steps:   946 | steps_t:     0 | t: 1.195652 | r:  -509.000000 | e:   1.000000 | Q:        nan | won: False 
#   83 | steps:   968 | steps_t:     0 | t: 1.225864 | r:  -521.000000 | e:   1.000000 | Q:        nan | won: False 
#   84 | steps:   986 | steps_t:     0 | t: 1.256113 | r:  -517.000000 | e:   1.000000 | Q:        nan | won: False 
#   85 | steps:   996 | steps_t:     0 | t: 1.271219 | r:  -509.000000 | e:   1.000000 | Q:        nan | won: False 
#   86 | steps:  1007 | steps_t:     0 | t: 1.281017 | r:  -510.000000 | e:   1.000000 | Q:        nan | won: False 
#   87 | steps:  1015 | steps_t:     0 | t: 1.299989 | r:  -507.000000 | e:   1.000000 | Q:        nan | won: False 
#   88 | steps:  1037 | steps_t:     0 | t: 1.323789 | r:  -521.000000 | e:   1.000000 | Q:        nan | won: False 
#   89 | steps:  1046 | steps_t:     0 | t: 1.333579 | r:  -508.000000 | e:   1.000000 | Q:        nan | won: False 
#   90 | steps:  1057 | steps_t:     0 | t: 1.351492 | r:  -510.000000 | e:   1.000000 | Q:        nan | won: False 
#   91 | steps:  1065 | steps_t:     0 | t: 1.361490 | r:  -507.000000 | e:   1.000000 | Q:        nan | won: False 
#   92 | steps:  1074 | steps_t:     0 | t: 1.370704 | r:  -508.000000 | e:   1.000000 | Q:        nan | won: False 
#   93 | steps:  1086 | steps_t:     0 | t: 1.380223 | r:  -511.000000 | e:   1.000000 | Q:        nan | won: False 
#   94 | steps:  1094 | steps_t:     0 | t: 1.394592 | r:  -507.000000 | e:   1.000000 | Q:        nan | won: False 
#   95 | steps:  1100 | steps_t:     0 | t: 1.401539 | r:  -505.000000 | e:   1.000000 | Q:        nan | won: False 
#   96 | steps:  1108 | steps_t:     0 | t: 1.410057 | r:  -507.000000 | e:   1.000000 | Q:        nan | won: False 
#   97 | steps:  1128 | steps_t:     0 | t: 1.431081 | r:  -519.000000 | e:   1.000000 | Q:        nan | won: False 
#   98 | steps:  1150 | steps_t:     0 | t: 1.456997 | r:  -521.000000 | e:   1.000000 | Q:        nan | won: False 
#   99 | steps:  1159 | steps_t:     0 | t: 1.465556 | r:  -508.000000 | e:   1.000000 | Q:        nan | won: False 
#  100 | steps:  1167 | steps_t:     0 | t: 1.476927 | r:  -507.000000 | e:   1.000000 | Q:        nan | won: False 
#  101 | steps:  1178 | steps_t:     0 | t: 1.490324 | r:  -510.000000 | e:   1.000000 | Q:        nan | won: False 
#  102 | steps:  1184 | steps_t:     0 | t: 1.498374 | r:  -505.000000 | e:   1.000000 | Q:        nan | won: False 
#  103 | steps:  1209 | steps_t:     0 | t: 1.522821 | r:  -513.000000 | e:   1.000000 | Q:        nan | won: False 
#  104 | steps:  1218 | steps_t:     0 | t: 1.530722 | r:  -508.000000 | e:   1.000000 | Q:        nan | won: False 
#  105 | steps:  1223 | steps_t:     0 | t: 1.536706 | r:  -504.000000 | e:   1.000000 | Q:        nan | won: False 
#  106 | steps:  1230 | steps_t:     0 | t: 1.548207 | r:  -506.000000 | e:   1.000000 | Q:        nan | won: False 
#  107 | steps:  1242 | steps_t:     0 | t: 1.560700 | r:  -511.000000 | e:   1.000000 | Q:        nan | won: False 
#  108 | steps:  1250 | steps_t:     0 | t: 1.570297 | r:  -507.000000 | e:   1.000000 | Q:        nan | won: False 
#  109 | steps:  1259 | steps_t:     0 | t: 1.579429 | r:  -508.000000 | e:   1.000000 | Q:        nan | won: False 
#  110 | steps:  1270 | steps_t:     0 | t: 1.594219 | r:  -510.000000 | e:   1.000000 | Q:        nan | won: False 
#  111 | steps:  1280 | steps_t:     0 | t: 1.608189 | r:  -509.000000 | e:   1.000000 | Q:        nan | won: False 
#  112 | steps:  1297 | steps_t:     0 | t: 1.660152 | r:  -516.000000 | e:   1.000000 | Q:        nan | won: False 
#  113 | steps:  1308 | steps_t:     0 | t: 1.709718 | r:  -510.000000 | e:   1.000000 | Q:        nan | won: False 
#  114 | steps:  1317 | steps_t:     0 | t: 1.731292 | r:  -508.000000 | e:   1.000000 | Q:        nan | won: False 
#  115 | steps:  1335 | steps_t:     0 | t: 1.768772 | r:  -517.000000 | e:   1.000000 | Q:        nan | won: False 
#  116 | steps:  1348 | steps_t:     0 | t: 1.782990 | r:  -512.000000 | e:   1.000000 | Q:        nan | won: False 
#  117 | steps:  1356 | steps_t:     0 | t: 1.797480 | r:  -507.000000 | e:   1.000000 | Q:        nan | won: False 
#  118 | steps:  1363 | steps_t:     0 | t: 1.803936 | r:  -506.000000 | e:   1.000000 | Q:        nan | won: False 
#  119 | steps:  1378 | steps_t:     0 | t: 1.818870 | r:  -514.000000 | e:   1.000000 | Q:        nan | won: False 
#  120 | steps:  1385 | steps_t:     0 | t: 1.827363 | r:  -506.000000 | e:   1.000000 | Q:        nan | won: False 
#  121 | steps:  1398 | steps_t:     0 | t: 1.844502 | r:  -512.000000 | e:   1.000000 | Q:        nan | won: False 
#  122 | steps:  1418 | steps_t:     0 | t: 1.865823 | r:  -519.000000 | e:   1.000000 | Q:        nan | won: False 
#  123 | steps:  1424 | steps_t:     0 | t: 1.872244 | r:  -505.000000 | e:   1.000000 | Q:        nan | won: False 
#  124 | steps:  1431 | steps_t:     0 | t: 1.878559 | r:  -506.000000 | e:   1.000000 | Q:        nan | won: False 
#  125 | steps:  1441 | steps_t:     0 | t: 1.898251 | r:  -509.000000 | e:   1.000000 | Q:        nan | won: False 
#  126 | steps:  1451 | steps_t:     0 | t: 1.907613 | r:  -509.000000 | e:   1.000000 | Q:        nan | won: False 
#  127 | steps:  1473 | steps_t:     0 | t: 1.927763 | r:  -521.000000 | e:   1.000000 | Q:        nan | won: False 
#  128 | steps:  1483 | steps_t:     0 | t: 1.949987 | r:  -509.000000 | e:   1.000000 | Q:        nan | won: False 
#  129 | steps:  1490 | steps_t:     0 | t: 1.959446 | r:  -506.000000 | e:   1.000000 | Q:        nan | won: False 
#  130 | steps:  1498 | steps_t:     0 | t: 1.966218 | r:  -507.000000 | e:   1.000000 | Q:        nan | won: False 
#  131 | steps:  1506 | steps_t:     0 | t: 1.973831 | r:  -507.000000 | e:   1.000000 | Q:        nan | won: False 
#  132 | steps:  1514 | steps_t:     0 | t: 1.985691 | r:  -507.000000 | e:   1.000000 | Q:        nan | won: False 
#  133 | steps:  1535 | steps_t:     0 | t: 2.011152 | r:  -509.000000 | e:   1.000000 | Q:        nan | won: False 
#  134 | steps:  1545 | steps_t:     0 | t: 2.023858 | r:  -509.000000 | e:   1.000000 | Q:        nan | won: False 
#  135 | steps:  1554 | steps_t:     0 | t: 2.030824 | r:  -508.000000 | e:   1.000000 | Q:        nan | won: False 
#  136 | steps:  1568 | steps_t:     0 | t: 2.051061 | r:  -513.000000 | e:   1.000000 | Q:        nan | won: False 
#  137 | steps:  1577 | steps_t:     0 | t: 2.063978 | r:  -508.000000 | e:   1.000000 | Q:        nan | won: False 
#  138 | steps:  1584 | steps_t:     0 | t: 2.069457 | r:  -506.000000 | e:   1.000000 | Q:        nan | won: False 
#  139 | steps:  1595 | steps_t:     0 | t: 2.081212 | r:  -510.000000 | e:   1.000000 | Q:        nan | won: False 
#  140 | steps:  1603 | steps_t:     0 | t: 2.094084 | r:  -507.000000 | e:   1.000000 | Q:        nan | won: False 
#  141 | steps:  1612 | steps_t:     0 | t: 2.104965 | r:  -508.000000 | e:   1.000000 | Q:        nan | won: False 
#  142 | steps:  1626 | steps_t:     0 | t: 2.118503 | r:  -502.000000 | e:   1.000000 | Q:        nan | won: False 
#  143 | steps:  1640 | steps_t:     0 | t: 2.132788 | r:  -513.000000 | e:   1.000000 | Q:        nan | won: False 
#  144 | steps:  1650 | steps_t:     0 | t: 2.150968 | r:  -509.000000 | e:   1.000000 | Q:        nan | won: False 
#  145 | steps:  1659 | steps_t:     0 | t: 2.162384 | r:  -508.000000 | e:   1.000000 | Q:        nan | won: False 
#  146 | steps:  1685 | steps_t:     0 | t: 2.189347 | r:  -514.000000 | e:   1.000000 | Q:        nan | won: False 
#  147 | steps:  1692 | steps_t:     0 | t: 2.201729 | r:  -506.000000 | e:   1.000000 | Q:        nan | won: False 
#  148 | steps:  1712 | steps_t:     0 | t: 2.224955 | r:  -519.000000 | e:   1.000000 | Q:        nan | won: False 
#  149 | steps:  1722 | steps_t:     0 | t: 2.235596 | r:  -509.000000 | e:   1.000000 | Q:        nan | won: False 
#  150 | steps:  1737 | steps_t:     0 | t: 2.260612 | r:  -503.000000 | e:   1.000000 | Q:        nan | won: False 
#  151 | steps:  1745 | steps_t:     0 | t: 2.268799 | r:  -507.000000 | e:   1.000000 | Q:        nan | won: False 
#  152 | steps:  1754 | steps_t:     0 | t: 2.277376 | r:  -508.000000 | e:   1.000000 | Q:        nan | won: False 
#  153 | steps:  1764 | steps_t:     0 | t: 2.289170 | r:  -509.000000 | e:   1.000000 | Q:        nan | won: False 
#  154 | steps:  1772 | steps_t:     0 | t: 2.302060 | r:  -507.000000 | e:   1.000000 | Q:        nan | won: False 
#  155 | steps:  1782 | steps_t:     0 | t: 2.314130 | r:  -509.000000 | e:   1.000000 | Q:        nan | won: False 
#  156 | steps:  1800 | steps_t:     0 | t: 2.329698 | r:  -517.000000 | e:   1.000000 | Q:        nan | won: False 
#  157 | steps:  1817 | steps_t:     0 | t: 2.352809 | r:  -516.000000 | e:   1.000000 | Q:        nan | won: False 
#  158 | steps:  1826 | steps_t:     0 | t: 2.363245 | r:  -508.000000 | e:   1.000000 | Q:        nan | won: False 
#  159 | steps:  1834 | steps_t:     0 | t: 2.370060 | r:  -507.000000 | e:   1.000000 | Q:        nan | won: False 
#  160 | steps:  1843 | steps_t:     0 | t: 2.378897 | r:  -508.000000 | e:   1.000000 | Q:        nan | won: False 
#  161 | steps:  1851 | steps_t:     0 | t: 2.387070 | r:  -507.000000 | e:   1.000000 | Q:        nan | won: False 
#  162 | steps:  1875 | steps_t:     0 | t: 2.414896 | r:  -523.000000 | e:   1.000000 | Q:        nan | won: False 
#  163 | steps:  1894 | steps_t:     0 | t: 2.430969 | r:  -518.000000 | e:   1.000000 | Q:        nan | won: False 
#  164 | steps:  1902 | steps_t:     0 | t: 2.441848 | r:  -507.000000 | e:   1.000000 | Q:        nan | won: False 
#  165 | steps:  1913 | steps_t:     0 | t: 2.458592 | r:  -510.000000 | e:   1.000000 | Q:        nan | won: False 
#  166 | steps:  1921 | steps_t:     0 | t: 2.465592 | r:  -507.000000 | e:   1.000000 | Q:        nan | won: False 
#  167 | steps:  1929 | steps_t:     0 | t: 2.473867 | r:  -507.000000 | e:   1.000000 | Q:        nan | won: False 
#  168 | steps:  1944 | steps_t:     0 | t: 2.488569 | r:  -514.000000 | e:   1.000000 | Q:        nan | won: False 
#  169 | steps:  1958 | steps_t:     0 | t: 2.507544 | r:  -513.000000 | e:   1.000000 | Q:        nan | won: False 
#  170 | steps:  1967 | steps_t:     0 | t: 2.515327 | r:  -508.000000 | e:   1.000000 | Q:        nan | won: False 
#  171 | steps:  1976 | steps_t:     0 | t: 2.525133 | r:  -508.000000 | e:   1.000000 | Q:        nan | won: False 
#  172 | steps:  1986 | steps_t:     0 | t: 2.533383 | r:  -509.000000 | e:   1.000000 | Q:        nan | won: False 
#  173 | steps:  2005 | steps_t:     0 | t: 2.561440 | r:  -518.000000 | e:   1.000000 | Q:        nan | won: False 
#  174 | steps:  2014 | steps_t:     0 | t: 2.568988 | r:  -508.000000 | e:   1.000000 | Q:        nan | won: False 
#  175 | steps:  2021 | steps_t:     0 | t: 2.576149 | r:  -506.000000 | e:   1.000000 | Q:        nan | won: False 
#  176 | steps:  2032 | steps_t:     0 | t: 2.587703 | r:  -510.000000 | e:   1.000000 | Q:        nan | won: False 
#  177 | steps:  2046 | steps_t:     0 | t: 2.608640 | r:  -513.000000 | e:   1.000000 | Q:        nan | won: False 
#  178 | steps:  2053 | steps_t:     0 | t: 2.615583 | r:  -506.000000 | e:   1.000000 | Q:        nan | won: False 
#  179 | steps:  2059 | steps_t:     0 | t: 2.622399 | r:  -505.000000 | e:   1.000000 | Q:        nan | won: False 
#  180 | steps:  2066 | steps_t:     0 | t: 2.628416 | r:  -506.000000 | e:   1.000000 | Q:        nan | won: False 
#  181 | steps:  2079 | steps_t:     0 | t: 2.646171 | r:  -512.000000 | e:   1.000000 | Q:        nan | won: False 
#  182 | steps:  2087 | steps_t:     0 | t: 2.657087 | r:  -507.000000 | e:   1.000000 | Q:        nan | won: False 
#  183 | steps:  2100 | steps_t:     0 | t: 2.669693 | r:  -512.000000 | e:   1.000000 | Q:        nan | won: False 
#  184 | steps:  2109 | steps_t:     0 | t: 2.678849 | r:  -508.000000 | e:   1.000000 | Q:        nan | won: False 
#  185 | steps:  2117 | steps_t:     0 | t: 2.689273 | r:  -507.000000 | e:   1.000000 | Q:        nan | won: False 
#  186 | steps:  2126 | steps_t:     0 | t: 2.710384 | r:  -508.000000 | e:   1.000000 | Q:        nan | won: False 
#  187 | steps:  2138 | steps_t:     0 | t: 2.755245 | r:  -511.000000 | e:   1.000000 | Q:        nan | won: False 
#  188 | steps:  2149 | steps_t:     0 | t: 2.772487 | r:  -510.000000 | e:   1.000000 | Q:        nan | won: False 
#  189 | steps:  2155 | steps_t:     0 | t: 2.780772 | r:  -505.000000 | e:   1.000000 | Q:        nan | won: False 
#  190 | steps:  2164 | steps_t:     0 | t: 2.797028 | r:  -508.000000 | e:   1.000000 | Q:        nan | won: False 
#  191 | steps:  2185 | steps_t:     0 | t: 2.845743 | r:  -520.000000 | e:   1.000000 | Q:        nan | won: False 
#  192 | steps:  2195 | steps_t:     0 | t: 2.860116 | r:  -509.000000 | e:   1.000000 | Q:        nan | won: False 
#  193 | steps:  2203 | steps_t:     0 | t: 2.866772 | r:  -507.000000 | e:   1.000000 | Q:        nan | won: False 
#  194 | steps:  2225 | steps_t:     0 | t: 2.888429 | r:  -510.000000 | e:   1.000000 | Q:        nan | won: False 
#  195 | steps:  2235 | steps_t:     0 | t: 2.901330 | r:  -509.000000 | e:   1.000000 | Q:        nan | won: False 
#  196 | steps:  2252 | steps_t:     0 | t: 2.915384 | r:  -505.000000 | e:   1.000000 | Q:        nan | won: False 
#  197 | steps:  2260 | steps_t:     0 | t: 2.922037 | r:  -507.000000 | e:   1.000000 | Q:        nan | won: False 
#  198 | steps:  2267 | steps_t:     0 | t: 2.927918 | r:  -506.000000 | e:   1.000000 | Q:        nan | won: False 
#  199 | steps:  2276 | steps_t:     0 | t: 2.939992 | r:  -508.000000 | e:   1.000000 | Q:        nan | won: False 
#  200 | steps:  2287 | steps_t:     0 | t: 2.953340 | r:  -510.000000 | e:   1.000000 | Q:        nan | won: False 
#  201 | steps:  2297 | steps_t:     0 | t: 2.961111 | r:  -509.000000 | e:   1.000000 | Q:        nan | won: False 
#  202 | steps:  2306 | steps_t:     0 | t: 2.968071 | r:  -508.000000 | e:   1.000000 | Q:        nan | won: False 
#  203 | steps:  2316 | steps_t:     0 | t: 2.976443 | r:  -509.000000 | e:   1.000000 | Q:        nan | won: False 
#  204 | steps:  2324 | steps_t:     0 | t: 2.983093 | r:  -507.000000 | e:   1.000000 | Q:        nan | won: False 
#  205 | steps:  2334 | steps_t:     0 | t: 2.999793 | r:  -509.000000 | e:   1.000000 | Q:        nan | won: False 
#  206 | steps:  2342 | steps_t:     0 | t: 3.006218 | r:  -507.000000 | e:   1.000000 | Q:        nan | won: False 
#  207 | steps:  2352 | steps_t:     0 | t: 3.015198 | r:  -509.000000 | e:   1.000000 | Q:        nan | won: False 
#  208 | steps:  2361 | steps_t:     0 | t: 3.024139 | r:  -508.000000 | e:   1.000000 | Q:        nan | won: False 
#  209 | steps:  2381 | steps_t:     0 | t: 3.048924 | r:  -519.000000 | e:   1.000000 | Q:        nan | won: False 
#  210 | steps:  2392 | steps_t:     0 | t: 3.059177 | r:  -510.000000 | e:   1.000000 | Q:        nan | won: False 
#  211 | steps:  2403 | steps_t:     0 | t: 3.075270 | r:  -510.000000 | e:   1.000000 | Q:        nan | won: False 
#  212 | steps:  2409 | steps_t:     0 | t: 3.082543 | r:  -505.000000 | e:   1.000000 | Q:        nan | won: False 
#  213 | steps:  2429 | steps_t:     0 | t: 3.116432 | r:  -519.000000 | e:   1.000000 | Q:        nan | won: False 
#  214 | steps:  2437 | steps_t:     0 | t: 3.124126 | r:  -507.000000 | e:   1.000000 | Q:        nan | won: False 
#  215 | steps:  2443 | steps_t:     0 | t: 3.130493 | r:  -505.000000 | e:   1.000000 | Q:        nan | won: False 
#  216 | steps:  2463 | steps_t:     0 | t: 3.160108 | r:  -519.000000 | e:   1.000000 | Q:        nan | won: False 
#  217 | steps:  2471 | steps_t:     0 | t: 3.171776 | r:  -507.000000 | e:   1.000000 | Q:        nan | won: False 
#  218 | steps:  2479 | steps_t:     0 | t: 3.178995 | r:  -507.000000 | e:   1.000000 | Q:        nan | won: False 
#  219 | steps:  2497 | steps_t:     0 | t: 3.202735 | r:  -517.000000 | e:   1.000000 | Q:        nan | won: False 
#  220 | steps:  2504 | steps_t:     0 | t: 3.214834 | r:  -506.000000 | e:   1.000000 | Q:        nan | won: False 
#  221 | steps:  2524 | steps_t:     0 | t: 3.239624 | r:  -519.000000 | e:   1.000000 | Q:        nan | won: False 
#  222 | steps:  2531 | steps_t:     0 | t: 3.249855 | r:  -506.000000 | e:   1.000000 | Q:        nan | won: False 
#  223 | steps:  2545 | steps_t:     0 | t: 3.264537 | r:  -513.000000 | e:   1.000000 | Q:        nan | won: False 
#  224 | steps:  2555 | steps_t:     0 | t: 3.275851 | r:  -509.000000 | e:   1.000000 | Q:        nan | won: False 
#  225 | steps:  2572 | steps_t:     0 | t: 3.298302 | r:  -516.000000 | e:   1.000000 | Q:        nan | won: False 
#  226 | steps:  2584 | steps_t:     0 | t: 3.317111 | r:  -511.000000 | e:   1.000000 | Q:        nan | won: False 
#  227 | steps:  2591 | steps_t:     0 | t: 3.326119 | r:  -506.000000 | e:   1.000000 | Q:        nan | won: False 
#  228 | steps:  2599 | steps_t:     0 | t: 3.334192 | r:  -507.000000 | e:   1.000000 | Q:        nan | won: False 
#  229 | steps:  2612 | steps_t:     0 | t: 3.350548 | r:  -512.000000 | e:   1.000000 | Q:        nan | won: False 
#  230 | steps:  2622 | steps_t:     0 | t: 3.366637 | r:  -509.000000 | e:   1.000000 | Q:        nan | won: False 
#  231 | steps:  2632 | steps_t:     0 | t: 3.377072 | r:  -509.000000 | e:   1.000000 | Q:        nan | won: False 
#  232 | steps:  2639 | steps_t:     0 | t: 3.383058 | r:  -506.000000 | e:   1.000000 | Q:        nan | won: False 
#  233 | steps:  2649 | steps_t:     0 | t: 3.399455 | r:  -509.000000 | e:   1.000000 | Q:        nan | won: False 
#  234 | steps:  2660 | steps_t:     0 | t: 3.415174 | r:  -510.000000 | e:   1.000000 | Q:        nan | won: False 
#  235 | steps:  2676 | steps_t:     0 | t: 3.428506 | r:  -515.000000 | e:   1.000000 | Q:        nan | won: False 
#  236 | steps:  2692 | steps_t:     0 | t: 3.447695 | r:  -515.000000 | e:   1.000000 | Q:        nan | won: False 
#  237 | steps:  2701 | steps_t:     0 | t: 3.456781 | r:  -508.000000 | e:   1.000000 | Q:        nan | won: False 
#  238 | steps:  2708 | steps_t:     0 | t: 3.463808 | r:  -506.000000 | e:   1.000000 | Q:        nan | won: False 
#  239 | steps:  2717 | steps_t:     0 | t: 3.470778 | r:  -508.000000 | e:   1.000000 | Q:        nan | won: False 
#  240 | steps:  2725 | steps_t:     0 | t: 3.477044 | r:  -507.000000 | e:   1.000000 | Q:        nan | won: False 
#  241 | steps:  2733 | steps_t:     0 | t: 3.482968 | r:  -507.000000 | e:   1.000000 | Q:        nan | won: False 
#  242 | steps:  2743 | steps_t:     0 | t: 3.497414 | r:  -509.000000 | e:   1.000000 | Q:        nan | won: False 
#  243 | steps:  2751 | steps_t:     0 | t: 3.505411 | r:  -507.000000 | e:   1.000000 | Q:        nan | won: False 
#  244 | steps:  2764 | steps_t:     0 | t: 3.517457 | r:  -512.000000 | e:   1.000000 | Q:        nan | won: False 
#  245 | steps:  2770 | steps_t:     0 | t: 3.522323 | r:  -505.000000 | e:   1.000000 | Q:        nan | won: False 
#  246 | steps:  2777 | steps_t:     0 | t: 3.527902 | r:  -506.000000 | e:   1.000000 | Q:        nan | won: False 
#  247 | steps:  2797 | steps_t:     0 | t: 3.552072 | r:  -508.000000 | e:   1.000000 | Q:        nan | won: False 
#  248 | steps:  2808 | steps_t:     0 | t: 3.561338 | r:  -510.000000 | e:   1.000000 | Q:        nan | won: False 
#  249 | steps:  2815 | steps_t:     0 | t: 3.567032 | r:  -506.000000 | e:   1.000000 | Q:        nan | won: False 
#  250 | steps:  2822 | steps_t:     0 | t: 3.572729 | r:  -506.000000 | e:   1.000000 | Q:        nan | won: False 
#  251 | steps:  2831 | steps_t:     0 | t: 3.579839 | r:  -508.000000 | e:   1.000000 | Q:        nan | won: False 
#  252 | steps:  2838 | steps_t:     0 | t: 3.588378 | r:  -506.000000 | e:   1.000000 | Q:        nan | won: False 
#  253 | steps:  2863 | steps_t:     0 | t: 3.613548 | r:  -513.000000 | e:   1.000000 | Q:        nan | won: False 
#  254 | steps:  2879 | steps_t:     0 | t: 3.627140 | r:  -504.000000 | e:   1.000000 | Q:        nan | won: False 
#  255 | steps:  2897 | steps_t:     0 | t: 3.647494 | r:  -506.000000 | e:   1.000000 | Q:        nan | won: False 
#  256 | steps:  2909 | steps_t:     0 | t: 3.661084 | r:  -511.000000 | e:   1.000000 | Q:        nan | won: False 
#  257 | steps:  2916 | steps_t:     0 | t: 3.667221 | r:  -506.000000 | e:   1.000000 | Q:        nan | won: False 
#  258 | steps:  2924 | steps_t:     0 | t: 3.673743 | r:  -507.000000 | e:   1.000000 | Q:        nan | won: False 
#  259 | steps:  2930 | steps_t:     0 | t: 3.679658 | r:  -505.000000 | e:   1.000000 | Q:        nan | won: False 
#  260 | steps:  2935 | steps_t:     0 | t: 3.685394 | r:  -504.000000 | e:   1.000000 | Q:        nan | won: False 
#  261 | steps:  2941 | steps_t:     0 | t: 3.696461 | r:  -505.000000 | e:   1.000000 | Q:        nan | won: False 
#  262 | steps:  2951 | steps_t:     0 | t: 3.709683 | r:  -509.000000 | e:   1.000000 | Q:        nan | won: False 
#  263 | steps:  2962 | steps_t:     0 | t: 3.720766 | r:  -510.000000 | e:   1.000000 | Q:        nan | won: False 
#  264 | steps:  2967 | steps_t:     0 | t: 3.726005 | r:  -504.000000 | e:   1.000000 | Q:        nan | won: False 
#  265 | steps:  2977 | steps_t:     0 | t: 3.736698 | r:  -509.000000 | e:   1.000000 | Q:        nan | won: False 
#  266 | steps:  2992 | steps_t:     0 | t: 3.758183 | r:  -492.000000 | e:   1.000000 | Q:        nan | won: False 
#  267 | steps:  3000 | steps_t:     0 | t: 3.764242 | r:  -507.000000 | e:   1.000000 | Q:        nan | won: False 
#  268 | steps:  3016 | steps_t:     0 | t: 3.778945 | r:  -515.000000 | e:   1.000000 | Q:        nan | won: False 
#  269 | steps:  3023 | steps_t:     0 | t: 3.788756 | r:  -506.000000 | e:   1.000000 | Q:        nan | won: False 
#  270 | steps:  3030 | steps_t:     0 | t: 3.801348 | r:  -506.000000 | e:   1.000000 | Q:        nan | won: False 
#  271 | steps:  3040 | steps_t:     0 | t: 3.812063 | r:  -509.000000 | e:   1.000000 | Q:        nan | won: False 
#  272 | steps:  3047 | steps_t:     0 | t: 3.818078 | r:  -506.000000 | e:   1.000000 | Q:        nan | won: False 
#  273 | steps:  3056 | steps_t:     0 | t: 3.826664 | r:  -508.000000 | e:   1.000000 | Q:        nan | won: False 
#  274 | steps:  3066 | steps_t:     0 | t: 3.836119 | r:  -509.000000 | e:   1.000000 | Q:        nan | won: False 
#  275 | steps:  3072 | steps_t:     0 | t: 3.849070 | r:  -505.000000 | e:   1.000000 | Q:        nan | won: False 
#  276 | steps:  3092 | steps_t:     0 | t: 3.886421 | r:  -519.000000 | e:   1.000000 | Q:        nan | won: False 
#  277 | steps:  3108 | steps_t:     0 | t: 3.921031 | r:  -515.000000 | e:   1.000000 | Q:        nan | won: False 
#  278 | steps:  3118 | steps_t:     0 | t: 3.930189 | r:  -509.000000 | e:   1.000000 | Q:        nan | won: False 
#  279 | steps:  3129 | steps_t:     0 | t: 3.950550 | r:  -510.000000 | e:   1.000000 | Q:        nan | won: False 
#  280 | steps:  3134 | steps_t:     0 | t: 3.961213 | r:  -504.000000 | e:   1.000000 | Q:        nan | won: False 
#  281 | steps:  3149 | steps_t:     0 | t: 3.985578 | r:  -503.000000 | e:   1.000000 | Q:        nan | won: False 
#  282 | steps:  3161 | steps_t:     0 | t: 4.011675 | r:  -511.000000 | e:   1.000000 | Q:        nan | won: False 
#  283 | steps:  3166 | steps_t:     0 | t: 4.027940 | r:  -504.000000 | e:   1.000000 | Q:        nan | won: False 
#  284 | steps:  3176 | steps_t:     0 | t: 4.053599 | r:  -509.000000 | e:   1.000000 | Q:        nan | won: False 
#  285 | steps:  3197 | steps_t:     0 | t: 4.084014 | r:  -520.000000 | e:   1.000000 | Q:        nan | won: False 
#  286 | steps:  3207 | steps_t:     0 | t: 4.107206 | r:  -509.000000 | e:   1.000000 | Q:        nan | won: False 
#  287 | steps:  3220 | steps_t:     0 | t: 4.118427 | r:  -512.000000 | e:   1.000000 | Q:        nan | won: False 
#  288 | steps:  3229 | steps_t:     0 | t: 4.134957 | r:  -508.000000 | e:   1.000000 | Q:        nan | won: False 
#  289 | steps:  3239 | steps_t:     0 | t: 4.149974 | r:  -509.000000 | e:   1.000000 | Q:        nan | won: False 
#  290 | steps:  3257 | steps_t:     0 | t: 4.171620 | r:  -517.000000 | e:   1.000000 | Q:        nan | won: False 
#  291 | steps:  3283 | steps_t:     0 | t: 4.209725 | r:  -525.000000 | e:   1.000000 | Q:        nan | won: False 
#  292 | steps:  3292 | steps_t:     0 | t: 4.218881 | r:  -508.000000 | e:   1.000000 | Q:        nan | won: False 
#  293 | steps:  3310 | steps_t:     0 | t: 4.238062 | r:  -517.000000 | e:   1.000000 | Q:        nan | won: False 
#  294 | steps:  3321 | steps_t:     0 | t: 4.256312 | r:  -510.000000 | e:   1.000000 | Q:        nan | won: False 
#  295 | steps:  3333 | steps_t:     0 | t: 4.268065 | r:  -511.000000 | e:   1.000000 | Q:        nan | won: False 
#  296 | steps:  3339 | steps_t:     0 | t: 4.277410 | r:  -505.000000 | e:   1.000000 | Q:        nan | won: False 
#  297 | steps:  3348 | steps_t:     0 | t: 4.292332 | r:  -508.000000 | e:   1.000000 | Q:        nan | won: False 
#  298 | steps:  3361 | steps_t:     0 | t: 4.310646 | r:  -512.000000 | e:   1.000000 | Q:        nan | won: False 
#  299 | steps:  3369 | steps_t:     0 | t: 4.317880 | r:  -507.000000 | e:   1.000000 | Q:        nan | won: False 
#  300 | steps:  3375 | steps_t:     0 | t: 4.325697 | r:  -505.000000 | e:   1.000000 | Q:        nan | won: False 
#  301 | steps:  3395 | steps_t:     0 | t: 4.354798 | r:  -508.000000 | e:   1.000000 | Q:        nan | won: False 
#  302 | steps:  3408 | steps_t:     0 | t: 4.367853 | r:  -512.000000 | e:   1.000000 | Q:        nan | won: False 
#  303 | steps:  3429 | steps_t:     0 | t: 4.404710 | r:  -509.000000 | e:   1.000000 | Q:        nan | won: False 
#  304 | steps:  3438 | steps_t:     0 | t: 4.412728 | r:  -508.000000 | e:   1.000000 | Q:        nan | won: False 
#  305 | steps:  3446 | steps_t:     0 | t: 4.420086 | r:  -507.000000 | e:   1.000000 | Q:        nan | won: False 
#  306 | steps:  3463 | steps_t:     0 | t: 4.447181 | r:  -516.000000 | e:   1.000000 | Q:        nan | won: False 
#  307 | steps:  3475 | steps_t:     0 | t: 4.465277 | r:  -511.000000 | e:   1.000000 | Q:        nan | won: False 
#  308 | steps:  3485 | steps_t:     0 | t: 4.475587 | r:  -509.000000 | e:   1.000000 | Q:        nan | won: False 
#  309 | steps:  3493 | steps_t:     0 | t: 4.481967 | r:  -507.000000 | e:   1.000000 | Q:        nan | won: False 
#  310 | steps:  3504 | steps_t:     0 | t: 4.500892 | r:  -510.000000 | e:   1.000000 | Q:        nan | won: False 
#  311 | steps:  3510 | steps_t:     0 | t: 4.505588 | r:  -505.000000 | e:   1.000000 | Q:        nan | won: False 
#  312 | steps:  3518 | steps_t:     0 | t: 4.512899 | r:  -507.000000 | e:   1.000000 | Q:        nan | won: False 
#  313 | steps:  3528 | steps_t:     0 | t: 4.524364 | r:  -509.000000 | e:   1.000000 | Q:        nan | won: False 
#  314 | steps:  3535 | steps_t:     0 | t: 4.533869 | r:  -506.000000 | e:   1.000000 | Q:        nan | won: False 
#  315 | steps:  3545 | steps_t:     0 | t: 4.550854 | r:  -509.000000 | e:   1.000000 | Q:        nan | won: False 
#  316 | steps:  3559 | steps_t:     0 | t: 4.567889 | r:  -513.000000 | e:   1.000000 | Q:        nan | won: False 
#  317 | steps:  3568 | steps_t:     0 | t: 4.576073 | r:  -508.000000 | e:   1.000000 | Q:        nan | won: False 
#  318 | steps:  3578 | steps_t:     0 | t: 4.586653 | r:  -509.000000 | e:   1.000000 | Q:        nan | won: False 
#  319 | steps:  3585 | steps_t:     0 | t: 4.600177 | r:  -506.000000 | e:   1.000000 | Q:        nan | won: False 
#  320 | steps:  3593 | steps_t:     0 | t: 4.608860 | r:  -507.000000 | e:   1.000000 | Q:        nan | won: False 
#  321 | steps:  3612 | steps_t:     0 | t: 4.630981 | r:  -518.000000 | e:   1.000000 | Q:        nan | won: False 
#  322 | steps:  3618 | steps_t:     0 | t: 4.642622 | r:  -505.000000 | e:   1.000000 | Q:        nan | won: False 
#  323 | steps:  3634 | steps_t:     0 | t: 4.665240 | r:  -515.000000 | e:   1.000000 | Q:        nan | won: False 
#  324 | steps:  3643 | steps_t:     0 | t: 4.673713 | r:  -508.000000 | e:   1.000000 | Q:        nan | won: False 
#  325 | steps:  3650 | steps_t:     0 | t: 4.680331 | r:  -506.000000 | e:   1.000000 | Q:        nan | won: False 
#  326 | steps:  3658 | steps_t:     0 | t: 4.695074 | r:  -507.000000 | e:   1.000000 | Q:        nan | won: False 
#  327 | steps:  3668 | steps_t:     0 | t: 4.705942 | r:  -509.000000 | e:   1.000000 | Q:        nan | won: False 
#  328 | steps:  3674 | steps_t:     0 | t: 4.711622 | r:  -505.000000 | e:   1.000000 | Q:        nan | won: False 
#  329 | steps:  3684 | steps_t:     0 | t: 4.721165 | r:  -509.000000 | e:   1.000000 | Q:        nan | won: False 
#  330 | steps:  3701 | steps_t:     0 | t: 4.747634 | r:  -516.000000 | e:   1.000000 | Q:        nan | won: False 
#  331 | steps:  3711 | steps_t:     0 | t: 4.762404 | r:  -509.000000 | e:   1.000000 | Q:        nan | won: False 
#  332 | steps:  3720 | steps_t:     0 | t: 4.771550 | r:  -508.000000 | e:   1.000000 | Q:        nan | won: False 
#  333 | steps:  3727 | steps_t:     0 | t: 4.778376 | r:  -506.000000 | e:   1.000000 | Q:        nan | won: False 
#  334 | steps:  3734 | steps_t:     0 | t: 4.786156 | r:  -506.000000 | e:   1.000000 | Q:        nan | won: False 
#  335 | steps:  3759 | steps_t:     0 | t: 4.816157 | r:  -524.000000 | e:   1.000000 | Q:        nan | won: False 
#  336 | steps:  3767 | steps_t:     0 | t: 4.825594 | r:  -507.000000 | e:   1.000000 | Q:        nan | won: False 
#  337 | steps:  3774 | steps_t:     0 | t: 4.834720 | r:  -506.000000 | e:   1.000000 | Q:        nan | won: False 
#  338 | steps:  3787 | steps_t:     0 | t: 4.856614 | r:  -512.000000 | e:   1.000000 | Q:        nan | won: False 
#  339 | steps:  3797 | steps_t:     0 | t: 4.865345 | r:  -509.000000 | e:   1.000000 | Q:        nan | won: False 
#  340 | steps:  3813 | steps_t:     0 | t: 4.886389 | r:  -504.000000 | e:   1.000000 | Q:        nan | won: False 
#  341 | steps:  3821 | steps_t:     0 | t: 4.900023 | r:  -507.000000 | e:   1.000000 | Q:        nan | won: False 
#  342 | steps:  3829 | steps_t:     0 | t: 4.908975 | r:  -507.000000 | e:   1.000000 | Q:        nan | won: False 
#  343 | steps:  3837 | steps_t:     0 | t: 4.915932 | r:  -507.000000 | e:   1.000000 | Q:        nan | won: False 
#  344 | steps:  3858 | steps_t:     0 | t: 4.947294 | r:  -520.000000 | e:   1.000000 | Q:        nan | won: False 
#  345 | steps:  3867 | steps_t:     0 | t: 4.958463 | r:  -508.000000 | e:   1.000000 | Q:        nan | won: False 
#  346 | steps:  3883 | steps_t:     0 | t: 4.976163 | r:  -515.000000 | e:   1.000000 | Q:        nan | won: False 
#  347 | steps:  3892 | steps_t:     0 | t: 4.986410 | r:  -508.000000 | e:   1.000000 | Q:        nan | won: False 
#  348 | steps:  3907 | steps_t:     0 | t: 5.007222 | r:  -514.000000 | e:   1.000000 | Q:        nan | won: False 
#  349 | steps:  3918 | steps_t:     0 | t: 5.018497 | r:  -510.000000 | e:   1.000000 | Q:        nan | won: False 
#  350 | steps:  3925 | steps_t:     0 | t: 5.028439 | r:  -506.000000 | e:   1.000000 | Q:        nan | won: False 
#  351 | steps:  3935 | steps_t:     0 | t: 5.046127 | r:  -509.000000 | e:   1.000000 | Q:        nan | won: False 
#  352 | steps:  3944 | steps_t:     0 | t: 5.059902 | r:  -508.000000 | e:   1.000000 | Q:        nan | won: False 
#  353 | steps:  3952 | steps_t:     0 | t: 5.066382 | r:  -507.000000 | e:   1.000000 | Q:        nan | won: False 
#  354 | steps:  3959 | steps_t:     0 | t: 5.077754 | r:  -506.000000 | e:   1.000000 | Q:        nan | won: False 
#  355 | steps:  3979 | steps_t:     0 | t: 5.106373 | r:  -519.000000 | e:   1.000000 | Q:        nan | won: False 
#  356 | steps:  3988 | steps_t:     0 | t: 5.113438 | r:  -508.000000 | e:   1.000000 | Q:        nan | won: False 
#  357 | steps:  3996 | steps_t:     0 | t: 5.119939 | r:  -507.000000 | e:   1.000000 | Q:        nan | won: False 
#  358 | steps:  4006 | steps_t:     0 | t: 5.132611 | r:  -509.000000 | e:   1.000000 | Q:        nan | won: False 
#  359 | steps:  4013 | steps_t:     0 | t: 5.145856 | r:  -506.000000 | e:   1.000000 | Q:        nan | won: False 
#  360 | steps:  4019 | steps_t:     0 | t: 5.152180 | r:  -505.000000 | e:   1.000000 | Q:        nan | won: False 
#  361 | steps:  4027 | steps_t:     0 | t: 5.162318 | r:  -507.000000 | e:   1.000000 | Q:        nan | won: False 
#  362 | steps:  4035 | steps_t:     0 | t: 5.169391 | r:  -507.000000 | e:   1.000000 | Q:        nan | won: False 
#  363 | steps:  4072 | steps_t:     0 | t: 5.213128 | r:  -525.000000 | e:   1.000000 | Q:        nan | won: False 
#  364 | steps:  4082 | steps_t:     0 | t: 5.224044 | r:  -509.000000 | e:   1.000000 | Q:        nan | won: False 
#  365 | steps:  4092 | steps_t:     0 | t: 5.238486 | r:  -509.000000 | e:   1.000000 | Q:        nan | won: False 
#  366 | steps:  4101 | steps_t:     0 | t: 5.251977 | r:  -508.000000 | e:   1.000000 | Q:        nan | won: False 
#  367 | steps:  4110 | steps_t:     0 | t: 5.266655 | r:  -508.000000 | e:   1.000000 | Q:        nan | won: False 
#  368 | steps:  4117 | steps_t:     0 | t: 5.275231 | r:  -506.000000 | e:   1.000000 | Q:        nan | won: False 
#  369 | steps:  4125 | steps_t:     0 | t: 5.285172 | r:  -507.000000 | e:   1.000000 | Q:        nan | won: False 
#  370 | steps:  4132 | steps_t:     0 | t: 5.303713 | r:  -506.000000 | e:   1.000000 | Q:        nan | won: False 
#  371 | steps:  4153 | steps_t:     0 | t: 5.335390 | r:  -520.000000 | e:   1.000000 | Q:        nan | won: False 
#  372 | steps:  4158 | steps_t:     0 | t: 5.344860 | r:  -504.000000 | e:   1.000000 | Q:        nan | won: False 
#  373 | steps:  4166 | steps_t:     0 | t: 5.353303 | r:  -507.000000 | e:   1.000000 | Q:        nan | won: False 
#  374 | steps:  4174 | steps_t:     0 | t: 5.365959 | r:  -507.000000 | e:   1.000000 | Q:        nan | won: False 
#  375 | steps:  4181 | steps_t:     0 | t: 5.375733 | r:  -506.000000 | e:   1.000000 | Q:        nan | won: False 
#  376 | steps:  4199 | steps_t:     0 | t: 5.400376 | r:  -506.000000 | e:   1.000000 | Q:        nan | won: False 
#  377 | steps:  4206 | steps_t:     0 | t: 5.412408 | r:  -506.000000 | e:   1.000000 | Q:        nan | won: False 
#  378 | steps:  4223 | steps_t:     0 | t: 5.435277 | r:  -505.000000 | e:   1.000000 | Q:        nan | won: False 
#  379 | steps:  4233 | steps_t:     0 | t: 5.450747 | r:  -509.000000 | e:   1.000000 | Q:        nan | won: False 
#  380 | steps:  4253 | steps_t:     0 | t: 5.481510 | r:  -519.000000 | e:   1.000000 | Q:        nan | won: False 
#  381 | steps:  4262 | steps_t:     0 | t: 5.498693 | r:  -508.000000 | e:   1.000000 | Q:        nan | won: False 
#  382 | steps:  4272 | steps_t:     0 | t: 5.524889 | r:  -509.000000 | e:   1.000000 | Q:        nan | won: False 
#  383 | steps:  4291 | steps_t:     0 | t: 5.601731 | r:  -496.000000 | e:   1.000000 | Q:        nan | won: False 
#  384 | steps:  4300 | steps_t:     0 | t: 5.616345 | r:  -508.000000 | e:   1.000000 | Q:        nan | won: False 
#  385 | steps:  4310 | steps_t:     0 | t: 5.630635 | r:  -509.000000 | e:   1.000000 | Q:        nan | won: False 
#  386 | steps:  4316 | steps_t:     0 | t: 5.644493 | r:  -505.000000 | e:   1.000000 | Q:        nan | won: False 
#  387 | steps:  4326 | steps_t:     0 | t: 5.660304 | r:  -509.000000 | e:   1.000000 | Q:        nan | won: False 
#  388 | steps:  4335 | steps_t:     0 | t: 5.669525 | r:  -508.000000 | e:   1.000000 | Q:        nan | won: False 
#  389 | steps:  4345 | steps_t:     0 | t: 5.688841 | r:  -509.000000 | e:   1.000000 | Q:        nan | won: False 
#  390 | steps:  4354 | steps_t:     0 | t: 5.706118 | r:  -508.000000 | e:   1.000000 | Q:        nan | won: False 
#  391 | steps:  4367 | steps_t:     0 | t: 5.718108 | r:  -512.000000 | e:   1.000000 | Q:        nan | won: False 
#  392 | steps:  4377 | steps_t:     0 | t: 5.734279 | r:  -509.000000 | e:   1.000000 | Q:        nan | won: False 
#  393 | steps:  4385 | steps_t:     0 | t: 5.748289 | r:  -507.000000 | e:   1.000000 | Q:        nan | won: False 
#  394 | steps:  4402 | steps_t:     0 | t: 5.766219 | r:  -516.000000 | e:   1.000000 | Q:        nan | won: False 
#  395 | steps:  4412 | steps_t:     0 | t: 5.779676 | r:  -509.000000 | e:   1.000000 | Q:        nan | won: False 
#  396 | steps:  4427 | steps_t:     0 | t: 5.800756 | r:  -514.000000 | e:   1.000000 | Q:        nan | won: False 
#  397 | steps:  4435 | steps_t:     0 | t: 5.810555 | r:  -507.000000 | e:   1.000000 | Q:        nan | won: False 
#  398 | steps:  4447 | steps_t:     0 | t: 5.821819 | r:  -511.000000 | e:   1.000000 | Q:        nan | won: False 
#  399 | steps:  4456 | steps_t:     0 | t: 5.831208 | r:  -508.000000 | e:   1.000000 | Q:        nan | won: False 
#  400 | steps:  4465 | steps_t:     0 | t: 5.848656 | r:  -508.000000 | e:   1.000000 | Q:        nan | won: False 
#  401 | steps:  4480 | steps_t:     0 | t: 5.862992 | r:  -503.000000 | e:   1.000000 | Q:        nan | won: False 
#  402 | steps:  4503 | steps_t:     0 | t: 5.884262 | r:  -522.000000 | e:   1.000000 | Q:        nan | won: False 
#  403 | steps:  4511 | steps_t:     0 | t: 5.898124 | r:  -507.000000 | e:   1.000000 | Q:        nan | won: False 
#  404 | steps:  4527 | steps_t:     0 | t: 5.911186 | r:  -515.000000 | e:   1.000000 | Q:        nan | won: False 
#  405 | steps:  4536 | steps_t:     0 | t: 5.918191 | r:  -508.000000 | e:   1.000000 | Q:        nan | won: False 
#  406 | steps:  4544 | steps_t:     0 | t: 5.929681 | r:  -507.000000 | e:   1.000000 | Q:        nan | won: False 
#  407 | steps:  4551 | steps_t:     0 | t: 5.938870 | r:  -506.000000 | e:   1.000000 | Q:        nan | won: False 
#  408 | steps:  4558 | steps_t:     0 | t: 5.950394 | r:  -506.000000 | e:   1.000000 | Q:        nan | won: False 
#  409 | steps:  4566 | steps_t:     0 | t: 5.957522 | r:  -507.000000 | e:   1.000000 | Q:        nan | won: False 
#  410 | steps:  4575 | steps_t:     0 | t: 5.965115 | r:  -508.000000 | e:   1.000000 | Q:        nan | won: False 
#  411 | steps:  4585 | steps_t:     0 | t: 5.975377 | r:  -509.000000 | e:   1.000000 | Q:        nan | won: False 
#  412 | steps:  4603 | steps_t:     0 | t: 5.999866 | r:  -517.000000 | e:   1.000000 | Q:        nan | won: False 
#  413 | steps:  4611 | steps_t:     0 | t: 6.058575 | r:  -507.000000 | e:   1.000000 | Q:        nan | won: False 
#  414 | steps:  4629 | steps_t:     0 | t: 6.077981 | r:  -517.000000 | e:   1.000000 | Q:        nan | won: False 
#  415 | steps:  4651 | steps_t:     0 | t: 6.105504 | r:  -521.000000 | e:   1.000000 | Q:        nan | won: False 
#  416 | steps:  4658 | steps_t:     0 | t: 6.114945 | r:  -506.000000 | e:   1.000000 | Q:        nan | won: False 
#  417 | steps:  4666 | steps_t:     0 | t: 6.125829 | r:  -507.000000 | e:   1.000000 | Q:        nan | won: False 
#  418 | steps:  4672 | steps_t:     0 | t: 6.133734 | r:  -505.000000 | e:   1.000000 | Q:        nan | won: False 
#  419 | steps:  4679 | steps_t:     0 | t: 6.147598 | r:  -506.000000 | e:   1.000000 | Q:        nan | won: False 
#  420 | steps:  4694 | steps_t:     0 | t: 6.174605 | r:  -514.000000 | e:   1.000000 | Q:        nan | won: False 
#  421 | steps:  4701 | steps_t:     0 | t: 6.215426 | r:  -506.000000 | e:   1.000000 | Q:        nan | won: False 
#  422 | steps:  4710 | steps_t:     0 | t: 6.226708 | r:  -508.000000 | e:   1.000000 | Q:        nan | won: False 
#  423 | steps:  4718 | steps_t:     0 | t: 6.234074 | r:  -507.000000 | e:   1.000000 | Q:        nan | won: False 
#  424 | steps:  4729 | steps_t:     0 | t: 6.249064 | r:  -510.000000 | e:   1.000000 | Q:        nan | won: False 
#  425 | steps:  4740 | steps_t:     0 | t: 6.262532 | r:  -510.000000 | e:   1.000000 | Q:        nan | won: False 
#  426 | steps:  4752 | steps_t:     0 | t: 6.274159 | r:  -511.000000 | e:   1.000000 | Q:        nan | won: False 
#  427 | steps:  4760 | steps_t:     0 | t: 6.281816 | r:  -507.000000 | e:   1.000000 | Q:        nan | won: False 
#  428 | steps:  4781 | steps_t:     0 | t: 6.308347 | r:  -520.000000 | e:   1.000000 | Q:        nan | won: False 
#  429 | steps:  4789 | steps_t:     0 | t: 6.315253 | r:  -507.000000 | e:   1.000000 | Q:        nan | won: False 
#  430 | steps:  4808 | steps_t:     0 | t: 6.333083 | r:  -518.000000 | e:   1.000000 | Q:        nan | won: False 
#  431 | steps:  4817 | steps_t:     0 | t: 6.348380 | r:  -508.000000 | e:   1.000000 | Q:        nan | won: False 
#  432 | steps:  4834 | steps_t:     0 | t: 6.364665 | r:  -516.000000 | e:   1.000000 | Q:        nan | won: False 
#  433 | steps:  4852 | steps_t:     0 | t: 6.382257 | r:  -517.000000 | e:   1.000000 | Q:        nan | won: False 
#  434 | steps:  4860 | steps_t:     0 | t: 6.396986 | r:  -507.000000 | e:   1.000000 | Q:        nan | won: False 
#  435 | steps:  4867 | steps_t:     0 | t: 6.405197 | r:  -506.000000 | e:   1.000000 | Q:        nan | won: False 
#  436 | steps:  4884 | steps_t:     0 | t: 6.420920 | r:  -516.000000 | e:   1.000000 | Q:        nan | won: False 
#  437 | steps:  4898 | steps_t:     0 | t: 6.439768 | r:  -513.000000 | e:   1.000000 | Q:        nan | won: False 
#  438 | steps:  4908 | steps_t:     0 | t: 6.454886 | r:  -509.000000 | e:   1.000000 | Q:        nan | won: False 
#  439 | steps:  4917 | steps_t:     0 | t: 6.462744 | r:  -508.000000 | e:   1.000000 | Q:        nan | won: False 
#  440 | steps:  4928 | steps_t:     0 | t: 6.476797 | r:  -510.000000 | e:   1.000000 | Q:        nan | won: False 
#  441 | steps:  4946 | steps_t:     0 | t: 6.502294 | r:  -517.000000 | e:   1.000000 | Q:        nan | won: False 
#  442 | steps:  4953 | steps_t:     0 | t: 6.510282 | r:  -506.000000 | e:   1.000000 | Q:        nan | won: False 
#  443 | steps:  4962 | steps_t:     0 | t: 6.518859 | r:  -508.000000 | e:   1.000000 | Q:        nan | won: False 
#  444 | steps:  4969 | steps_t:     0 | t: 6.528339 | r:  -506.000000 | e:   1.000000 | Q:        nan | won: False 
#  445 | steps:  4975 | steps_t:     0 | t: 6.537112 | r:  -505.000000 | e:   1.000000 | Q:        nan | won: False 
#  446 | steps:  4987 | steps_t:     0 | t: 6.554247 | r:  -511.000000 | e:   1.000000 | Q:        nan | won: False 
#  447 | steps:  5001 | steps_t:     0 | t: 6.567083 | r:  -513.000000 | e:   1.000000 | Q:        nan | won: False 
#  448 | steps:  5009 | steps_t:     7 | t: 6.824627 | r:  -507.000000 | e:   0.999300 | Q:        nan | won: False 
#  449 | steps:  5034 | steps_t:    31 | t: 7.227695 | r:  -524.000000 | e:   0.996900 | Q:        nan | won: False 
#  450 | steps:  5043 | steps_t:    39 | t: 7.366449 | r:  -508.000000 | e:   0.996100 | Q:        nan | won: False 
#  451 | steps:  5052 | steps_t:    47 | t: 7.491617 | r:  -508.000000 | e:   0.995300 | Q:        nan | won: False 
#  452 | steps:  5071 | steps_t:    65 | t: 7.757410 | r:  -496.000000 | e:   0.993500 | Q:        nan | won: False 
#  453 | steps:  5087 | steps_t:    80 | t: 7.978766 | r:  -504.000000 | e:   0.992000 | Q:        nan | won: False 
#  454 | steps:  5094 | steps_t:    86 | t: 8.074324 | r:  -506.000000 | e:   0.991400 | Q:        nan | won: False 
#  455 | steps:  5101 | steps_t:    92 | t: 8.171097 | r:  -506.000000 | e:   0.990800 | Q:        nan | won: False 
#  456 | steps:  5108 | steps_t:    98 | t: 8.268595 | r:  -506.000000 | e:   0.990200 | Q:        nan | won: False 
#  457 | steps:  5114 | steps_t:   103 | t: 8.351842 | r:  -505.000000 | e:   0.989700 | Q:        nan | won: False 
#  458 | steps:  5121 | steps_t:   109 | t: 8.446854 | r:  -506.000000 | e:   0.989100 | Q:        nan | won: False 
#  459 | steps:  5133 | steps_t:   120 | t: 8.621980 | r:  -511.000000 | e:   0.988000 | Q:        nan | won: False 
#  460 | steps:  5144 | steps_t:   130 | t: 8.769932 | r:  -510.000000 | e:   0.987000 | Q:        nan | won: False 
#  461 | steps:  5151 | steps_t:   136 | t: 8.863478 | r:  -506.000000 | e:   0.986400 | Q:        nan | won: False 
#  462 | steps:  5170 | steps_t:   154 | t: 9.130660 | r:  -518.000000 | e:   0.984600 | Q:        nan | won: False 
#  463 | steps:  5190 | steps_t:   173 | t: 9.436467 | r:  -519.000000 | e:   0.982700 | Q:        nan | won: False 
#  464 | steps:  5201 | steps_t:   183 | t: 9.603404 | r:  -510.000000 | e:   0.981700 | Q:        nan | won: False 
#  465 | steps:  5208 | steps_t:   189 | t: 9.702926 | r:  -506.000000 | e:   0.981100 | Q:        nan | won: False 
#  466 | steps:  5217 | steps_t:   197 | t: 9.824260 | r:  -508.000000 | e:   0.980300 | Q: -315.943817 | won: False 
#  467 | steps:  5227 | steps_t:   206 | t: 9.977840 | r:  -509.000000 | e:   0.979400 | Q: -301.559967 | won: False 
#  468 | steps:  5234 | steps_t:   212 | t: 10.078829 | r:  -506.000000 | e:   0.978800 | Q:        nan | won: False 
#  469 | steps:  5245 | steps_t:   222 | t: 10.240646 | r:  -510.000000 | e:   0.977800 | Q:        nan | won: False 
#  470 | steps:  5254 | steps_t:   230 | t: 10.372572 | r:  -508.000000 | e:   0.977000 | Q:        nan | won: False 
#  471 | steps:  5275 | steps_t:   250 | t: 10.719374 | r:  -520.000000 | e:   0.975000 | Q: -309.515076 | won: False 
#  472 | steps:  5283 | steps_t:   257 | t: 10.840296 | r:  -507.000000 | e:   0.974300 | Q:        nan | won: False 
#  473 | steps:  5290 | steps_t:   263 | t: 10.940577 | r:  -506.000000 | e:   0.973700 | Q:        nan | won: False 
#  474 | steps:  5298 | steps_t:   270 | t: 11.053900 | r:  -507.000000 | e:   0.973000 | Q:        nan | won: False 
#  475 | steps:  5316 | steps_t:   287 | t: 11.297910 | r:  -517.000000 | e:   0.971300 | Q: -311.806427 | won: False 
#  476 | steps:  5327 | steps_t:   297 | t: 11.443538 | r:  -510.000000 | e:   0.970300 | Q:        nan | won: False 
#  477 | steps:  5336 | steps_t:   305 | t: 11.563291 | r:  -508.000000 | e:   0.969500 | Q:        nan | won: False 
#  478 | steps:  5343 | steps_t:   311 | t: 11.653072 | r:  -506.000000 | e:   0.968900 | Q:        nan | won: False 
#  479 | steps:  5353 | steps_t:   320 | t: 11.802556 | r:  -509.000000 | e:   0.968000 | Q: -291.268860 | won: False 
#  480 | steps:  5365 | steps_t:   331 | t: 11.963319 | r:  -511.000000 | e:   0.966900 | Q:        nan | won: False 
#  481 | steps:  5371 | steps_t:   336 | t: 12.043376 | r:  -505.000000 | e:   0.966400 | Q:        nan | won: False 
#  482 | steps:  5384 | steps_t:   348 | t: 12.229861 | r:  -512.000000 | e:   0.965200 | Q: -301.994843 | won: False 
#  483 | steps:  5399 | steps_t:   362 | t: 12.443066 | r:  -503.000000 | e:   0.963800 | Q: -288.334717 | won: False 
#  484 | steps:  5405 | steps_t:   367 | t: 12.520422 | r:  -505.000000 | e:   0.963300 | Q:        nan | won: False 
#  485 | steps:  5418 | steps_t:   379 | t: 12.706036 | r:  -512.000000 | e:   0.962100 | Q: -311.036407 | won: False 
#  486 | steps:  5428 | steps_t:   388 | t: 12.850390 | r:  -509.000000 | e:   0.961200 | Q:        nan | won: False 
#  487 | steps:  5435 | steps_t:   394 | t: 12.949518 | r:  -506.000000 | e:   0.960600 | Q:        nan | won: False 
#  488 | steps:  5457 | steps_t:   415 | t: 13.305272 | r:  -521.000000 | e:   0.958500 | Q: -316.545044 | won: False 
#  489 | steps:  5465 | steps_t:   422 | t: 13.422615 | r:  -507.000000 | e:   0.957800 | Q:        nan | won: False 
#  490 | steps:  5475 | steps_t:   431 | t: 13.569056 | r:  -509.000000 | e:   0.956900 | Q: -321.001373 | won: False 
#  491 | steps:  5486 | steps_t:   441 | t: 13.733032 | r:  -510.000000 | e:   0.955900 | Q:        nan | won: False 
#  492 | steps:  5497 | steps_t:   451 | t: 13.951641 | r:  -510.000000 | e:   0.954900 | Q:        nan | won: False 
#  493 | steps:  5503 | steps_t:   456 | t: 14.168097 | r:  -505.000000 | e:   0.954400 | Q:        nan | won: False 
#  494 | steps:  5515 | steps_t:   467 | t: 14.435246 | r:  -511.000000 | e:   0.953300 | Q: -310.841400 | won: False 
#  495 | steps:  5523 | steps_t:   474 | t: 14.561181 | r:  -507.000000 | e:   0.952600 | Q:        nan | won: False 
#  496 | steps:  5531 | steps_t:   481 | t: 14.670051 | r:  -507.000000 | e:   0.951900 | Q: -312.830597 | won: False 
#  497 | steps:  5537 | steps_t:   486 | t: 14.749185 | r:  -505.000000 | e:   0.951400 | Q:        nan | won: False 
#  498 | steps:  5546 | steps_t:   494 | t: 14.871286 | r:  -508.000000 | e:   0.950600 | Q:        nan | won: False 
#  499 | steps:  5554 | steps_t:   501 | t: 14.973887 | r:  -507.000000 | e:   0.949900 | Q: -318.029449 | won: False 
#  500 | steps:  5565 | steps_t:   511 | t: 15.116883 | r:  -510.000000 | e:   0.948900 | Q:        nan | won: False 
#  501 | steps:  5576 | steps_t:   521 | t: 15.258240 | r:  -510.000000 | e:   0.947900 | Q: -291.250916 | won: False 
#  502 | steps:  5584 | steps_t:   528 | t: 15.355363 | r:  -507.000000 | e:   0.947200 | Q:        nan | won: False 
#  503 | steps:  5589 | steps_t:   532 | t: 15.414150 | r:  -504.000000 | e:   0.946800 | Q:        nan | won: False 
#  504 | steps:  5597 | steps_t:   539 | t: 15.513597 | r:  -507.000000 | e:   0.946100 | Q:        nan | won: False 
#  505 | steps:  5607 | steps_t:   548 | t: 15.641786 | r:  -509.000000 | e:   0.945200 | Q:        nan | won: False 
#  506 | steps:  5619 | steps_t:   559 | t: 15.799330 | r:  -511.000000 | e:   0.944100 | Q: -327.388885 | won: False 
#  507 | steps:  5628 | steps_t:   567 | t: 15.909843 | r:  -508.000000 | e:   0.943300 | Q:        nan | won: False 
#  508 | steps:  5639 | steps_t:   577 | t: 16.051153 | r:  -510.000000 | e:   0.942300 | Q: -326.164490 | won: False 
#  509 | steps:  5654 | steps_t:   591 | t: 16.265757 | r:  -514.000000 | e:   0.940900 | Q:        nan | won: False 
#  510 | steps:  5676 | steps_t:   612 | t: 16.557112 | r:  -521.000000 | e:   0.938800 | Q: -330.235840 | won: False 
#  511 | steps:  5682 | steps_t:   617 | t: 16.627495 | r:  -505.000000 | e:   0.938300 | Q:        nan | won: False 
#  512 | steps:  5703 | steps_t:   637 | t: 16.907645 | r:  -520.000000 | e:   0.936300 | Q: -260.230652 | won: False 
#  513 | steps:  5711 | steps_t:   644 | t: 17.048018 | r:  -507.000000 | e:   0.935600 | Q: -255.532745 | won: False 
#  514 | steps:  5718 | steps_t:   650 | t: 17.159737 | r:  -506.000000 | e:   0.935000 | Q:        nan | won: False 
#  515 | steps:  5728 | steps_t:   659 | t: 17.321717 | r:  -509.000000 | e:   0.934100 | Q: -248.250534 | won: False 
#  516 | steps:  5737 | steps_t:   667 | t: 17.451409 | r:  -508.000000 | e:   0.933300 | Q: -249.830078 | won: False 
#  517 | steps:  5752 | steps_t:   681 | t: 17.756437 | r:  -514.000000 | e:   0.931900 | Q:        nan | won: False 
#  518 | steps:  5759 | steps_t:   687 | t: 17.871100 | r:  -506.000000 | e:   0.931300 | Q:        nan | won: False 
#  519 | steps:  5766 | steps_t:   693 | t: 17.973178 | r:  -506.000000 | e:   0.930700 | Q:        nan | won: False 
#  520 | steps:  5775 | steps_t:   701 | t: 18.107353 | r:  -508.000000 | e:   0.929900 | Q:        nan | won: False 
#  521 | steps:  5784 | steps_t:   709 | t: 18.240586 | r:  -508.000000 | e:   0.929100 | Q:        nan | won: False 
#  522 | steps:  5793 | steps_t:   717 | t: 18.367238 | r:  -508.000000 | e:   0.928300 | Q:        nan | won: False 
#  523 | steps:  5801 | steps_t:   724 | t: 18.578050 | r:  -507.000000 | e:   0.927600 | Q: -250.894714 | won: False 
#  524 | steps:  5810 | steps_t:   732 | t: 18.697127 | r:  -508.000000 | e:   0.926800 | Q:        nan | won: False 
#  525 | steps:  5824 | steps_t:   745 | t: 18.960736 | r:  -513.000000 | e:   0.925500 | Q:        nan | won: False 
#  526 | steps:  5840 | steps_t:   760 | t: 19.223464 | r:  -515.000000 | e:   0.924000 | Q: -306.732391 | won: False 
#  527 | steps:  5849 | steps_t:   768 | t: 19.368649 | r:  -508.000000 | e:   0.923200 | Q:        nan | won: False 
#  528 | steps:  5869 | steps_t:   787 | t: 19.747907 | r:  -519.000000 | e:   0.921300 | Q: -292.011993 | won: False 
#  529 | steps:  5882 | steps_t:   799 | t: 19.924714 | r:  -512.000000 | e:   0.920100 | Q: -300.091858 | won: False 
#  530 | steps:  5889 | steps_t:   805 | t: 20.011871 | r:  -506.000000 | e:   0.919500 | Q:        nan | won: False 
#  531 | steps:  5897 | steps_t:   812 | t: 20.124461 | r:  -507.000000 | e:   0.918800 | Q:        nan | won: False 
#  532 | steps:  5906 | steps_t:   820 | t: 20.238095 | r:  -508.000000 | e:   0.918000 | Q: -258.594574 | won: False 
#  533 | steps:  5916 | steps_t:   829 | t: 20.369646 | r:  -509.000000 | e:   0.917100 | Q:        nan | won: False 
#  534 | steps:  5926 | steps_t:   838 | t: 20.504808 | r:  -509.000000 | e:   0.916200 | Q: -249.087875 | won: False 
#  535 | steps:  5935 | steps_t:   846 | t: 20.624997 | r:  -508.000000 | e:   0.915400 | Q:        nan | won: False 
#  536 | steps:  5946 | steps_t:   856 | t: 20.773841 | r:  -510.000000 | e:   0.914400 | Q: -270.461792 | won: False 
#  537 | steps:  5990 | steps_t:   899 | t: 21.404556 | r:  -532.000000 | e:   0.910100 | Q: -274.577301 | won: False 
#  538 | steps:  5999 | steps_t:   907 | t: 21.534490 | r:  -508.000000 | e:   0.909300 | Q: -301.300842 | won: False 
#  539 | steps:  6010 | steps_t:   917 | t: 21.693354 | r:  -510.000000 | e:   0.908300 | Q: -310.733551 | won: False 
#  540 | steps:  6019 | steps_t:   925 | t: 21.815374 | r:  -508.000000 | e:   0.907500 | Q: -325.262787 | won: False 
#  541 | steps:  6026 | steps_t:   931 | t: 21.906276 | r:  -506.000000 | e:   0.906900 | Q:        nan | won: False 
#  542 | steps:  6043 | steps_t:   947 | t: 22.217310 | r:  -516.000000 | e:   0.905300 | Q:        nan | won: False 
#  543 | steps:  6050 | steps_t:   953 | t: 22.342153 | r:  -506.000000 | e:   0.904700 | Q:        nan | won: False 
#  544 | steps:  6064 | steps_t:   966 | t: 22.536040 | r:  -513.000000 | e:   0.903400 | Q: -314.594788 | won: False 
#  545 | steps:  6072 | steps_t:   973 | t: 22.637959 | r:  -507.000000 | e:   0.902700 | Q:        nan | won: False 
#  546 | steps:  6080 | steps_t:   980 | t: 22.739552 | r:  -507.000000 | e:   0.902000 | Q: -302.746155 | won: False 
#  547 | steps:  6092 | steps_t:   991 | t: 22.907080 | r:  -511.000000 | e:   0.900900 | Q:        nan | won: False 
#  548 | steps:  6100 | steps_t:   998 | t: 23.043459 | r:  -507.000000 | e:   0.900200 | Q:        nan | won: False 
#  549 | steps:  6106 | steps_t:  1003 | t: 23.146768 | r:  -505.000000 | e:   0.899700 | Q:        nan | won: False 
#  550 | steps:  6114 | steps_t:  1010 | t: 23.270582 | r:  -507.000000 | e:   0.899000 | Q: -285.044006 | won: False 
#  551 | steps:  6123 | steps_t:  1018 | t: 23.386706 | r:  -508.000000 | e:   0.898200 | Q: -288.150146 | won: False 
#  552 | steps:  6129 | steps_t:  1023 | t: 23.466976 | r:  -505.000000 | e:   0.897700 | Q:        nan | won: False 
#  553 | steps:  6137 | steps_t:  1030 | t: 23.569197 | r:  -507.000000 | e:   0.897000 | Q: -287.117401 | won: False 
#  554 | steps:  6149 | steps_t:  1041 | t: 23.736814 | r:  -511.000000 | e:   0.895900 | Q:        nan | won: False 
#  555 | steps:  6160 | steps_t:  1051 | t: 23.946680 | r:  -510.000000 | e:   0.894900 | Q:        nan | won: False 
#  556 | steps:  6181 | steps_t:  1071 | t: 24.253203 | r:  -520.000000 | e:   0.892900 | Q: -299.490784 | won: False 
#  557 | steps:  6224 | steps_t:  1113 | t: 24.946794 | r:  -542.000000 | e:   0.888700 | Q: -272.576111 | won: False 
#  558 | steps:  6236 | steps_t:  1124 | t: 25.109087 | r:  -511.000000 | e:   0.887600 | Q:        nan | won: False 
#  559 | steps:  6243 | steps_t:  1130 | t: 25.197226 | r:  -506.000000 | e:   0.887000 | Q:        nan | won: False 
#  560 | steps:  6252 | steps_t:  1138 | t: 25.308881 | r:  -508.000000 | e:   0.886200 | Q: -315.281403 | won: False 
#  561 | steps:  6275 | steps_t:  1160 | t: 25.645919 | r:  -522.000000 | e:   0.884000 | Q: -298.952606 | won: False 
#  562 | steps:  6282 | steps_t:  1166 | t: 25.732740 | r:  -506.000000 | e:   0.883400 | Q:        nan | won: False 
#  563 | steps:  6290 | steps_t:  1173 | t: 25.866716 | r:  -507.000000 | e:   0.882700 | Q: -277.082672 | won: False 
#  564 | steps:  6297 | steps_t:  1179 | t: 25.990422 | r:  -506.000000 | e:   0.882100 | Q: -296.988007 | won: False 
#  565 | steps:  6303 | steps_t:  1184 | t: 26.069810 | r:  -505.000000 | e:   0.881600 | Q:        nan | won: False 
#  566 | steps:  6313 | steps_t:  1193 | t: 26.209840 | r:  -509.000000 | e:   0.880700 | Q: -308.488770 | won: False 
#  567 | steps:  6323 | steps_t:  1202 | t: 26.353975 | r:  -509.000000 | e:   0.879800 | Q: -312.972290 | won: False 
#  568 | steps:  6340 | steps_t:  1218 | t: 26.639958 | r:  -516.000000 | e:   0.878200 | Q: -300.612518 | won: False 
#  569 | steps:  6350 | steps_t:  1227 | t: 26.858078 | r:  -509.000000 | e:   0.877300 | Q: -303.258148 | won: False 
#  570 | steps:  6367 | steps_t:  1243 | t: 27.173173 | r:  -516.000000 | e:   0.875700 | Q: -306.290131 | won: False 
#  571 | steps:  6377 | steps_t:  1252 | t: 27.346032 | r:  -509.000000 | e:   0.874800 | Q: -292.125397 | won: False 
#  572 | steps:  6396 | steps_t:  1270 | t: 27.712300 | r:  -518.000000 | e:   0.873000 | Q: -276.602203 | won: False 
#  573 | steps:  6413 | steps_t:  1286 | t: 27.954159 | r:  -516.000000 | e:   0.871400 | Q: -336.066498 | won: False 
#  574 | steps:  6420 | steps_t:  1292 | t: 28.039374 | r:  -506.000000 | e:   0.870800 | Q:        nan | won: False 
#  575 | steps:  6431 | steps_t:  1302 | t: 28.183866 | r:  -510.000000 | e:   0.869800 | Q: -307.319092 | won: False 
#  576 | steps:  6442 | steps_t:  1312 | t: 28.387343 | r:  -510.000000 | e:   0.868800 | Q: -313.666534 | won: False 
#  577 | steps:  6454 | steps_t:  1323 | t: 28.585516 | r:  -511.000000 | e:   0.867700 | Q: -290.332916 | won: False 
#  578 | steps:  6464 | steps_t:  1332 | t: 28.741886 | r:  -509.000000 | e:   0.866800 | Q: -264.718903 | won: False 
#  579 | steps:  6474 | steps_t:  1341 | t: 28.903865 | r:  -509.000000 | e:   0.865900 | Q: -241.674835 | won: False 
#  580 | steps:  6483 | steps_t:  1349 | t: 29.042635 | r:  -508.000000 | e:   0.865100 | Q: -235.018936 | won: False 
#  581 | steps:  6505 | steps_t:  1370 | t: 29.374285 | r:  -521.000000 | e:   0.863000 | Q: -269.386444 | won: False 
#  582 | steps:  6526 | steps_t:  1390 | t: 29.678268 | r:  -520.000000 | e:   0.861000 | Q: -278.148926 | won: False 
#  583 | steps:  6538 | steps_t:  1401 | t: 29.985081 | r:  -511.000000 | e:   0.859900 | Q: -319.696442 | won: False 
#  584 | steps:  6545 | steps_t:  1407 | t: 30.117788 | r:  -506.000000 | e:   0.859300 | Q:        nan | won: False 
#  585 | steps:  6554 | steps_t:  1415 | t: 30.287283 | r:  -508.000000 | e:   0.858500 | Q: -329.236969 | won: False 
#  586 | steps:  6575 | steps_t:  1435 | t: 30.689121 | r:  -520.000000 | e:   0.856500 | Q: -312.121063 | won: False 
#  587 | steps:  6587 | steps_t:  1446 | t: 30.900822 | r:  -511.000000 | e:   0.855400 | Q: -312.697235 | won: False 
#  588 | steps:  6598 | steps_t:  1456 | t: 31.171904 | r:  -510.000000 | e:   0.854400 | Q: -328.037231 | won: False 
#  589 | steps:  6605 | steps_t:  1462 | t: 31.275069 | r:  -506.000000 | e:   0.853800 | Q:        nan | won: False 
#  590 | steps:  6613 | steps_t:  1469 | t: 31.432028 | r:  -507.000000 | e:   0.853100 | Q: -326.106750 | won: False 
#  591 | steps:  6621 | steps_t:  1476 | t: 31.559138 | r:  -507.000000 | e:   0.852400 | Q:        nan | won: False 
#  592 | steps:  6638 | steps_t:  1492 | t: 31.875082 | r:  -516.000000 | e:   0.850800 | Q: -287.757904 | won: False 
#  593 | steps:  6648 | steps_t:  1501 | t: 32.028301 | r:  -509.000000 | e:   0.849900 | Q:        nan | won: False 
#  594 | steps:  6657 | steps_t:  1509 | t: 32.164495 | r:  -508.000000 | e:   0.849100 | Q:        nan | won: False 
#  595 | steps:  6666 | steps_t:  1517 | t: 32.301220 | r:  -508.000000 | e:   0.848300 | Q:        nan | won: False 
#  596 | steps:  6673 | steps_t:  1523 | t: 32.397348 | r:  -506.000000 | e:   0.847700 | Q: -277.404999 | won: False 
#  597 | steps:  6680 | steps_t:  1529 | t: 32.483409 | r:  -506.000000 | e:   0.847100 | Q: -273.578369 | won: False 
#  598 | steps:  6695 | steps_t:  1543 | t: 32.825172 | r:  -514.000000 | e:   0.845700 | Q: -281.810791 | won: False 
#  599 | steps:  6702 | steps_t:  1549 | t: 32.988042 | r:  -506.000000 | e:   0.845100 | Q: -308.819397 | won: False 
#  600 | steps:  6712 | steps_t:  1558 | t: 33.199055 | r:  -509.000000 | e:   0.844200 | Q: -316.349915 | won: False 
#  601 | steps:  6721 | steps_t:  1566 | t: 33.361744 | r:  -508.000000 | e:   0.843400 | Q: -318.834778 | won: False 
#  602 | steps:  6730 | steps_t:  1574 | t: 33.499430 | r:  -508.000000 | e:   0.842600 | Q: -307.671143 | won: False 
#  603 | steps:  6741 | steps_t:  1584 | t: 33.666248 | r:  -510.000000 | e:   0.841600 | Q: -295.761292 | won: False 
#  604 | steps:  6748 | steps_t:  1590 | t: 33.762673 | r:  -506.000000 | e:   0.841000 | Q: -262.016174 | won: False 
#  605 | steps:  6755 | steps_t:  1596 | t: 33.854769 | r:  -506.000000 | e:   0.840400 | Q: -280.888306 | won: False 
#  606 | steps:  6766 | steps_t:  1606 | t: 33.998193 | r:  -510.000000 | e:   0.839400 | Q: -265.041901 | won: False 
#  607 | steps:  6774 | steps_t:  1613 | t: 34.095879 | r:  -507.000000 | e:   0.838700 | Q:        nan | won: False 
#  608 | steps:  6782 | steps_t:  1620 | t: 34.195090 | r:  -507.000000 | e:   0.838000 | Q: -330.414948 | won: False 
#  609 | steps:  6790 | steps_t:  1627 | t: 34.297560 | r:  -507.000000 | e:   0.837300 | Q: -310.802795 | won: False 
#  610 | steps:  6808 | steps_t:  1644 | t: 34.547681 | r:  -517.000000 | e:   0.835600 | Q: -318.198364 | won: False 
#  611 | steps:  6816 | steps_t:  1651 | t: 34.656535 | r:  -507.000000 | e:   0.834900 | Q: -337.340912 | won: False 
#  612 | steps:  6823 | steps_t:  1657 | t: 34.859065 | r:  -506.000000 | e:   0.834300 | Q: -324.946503 | won: False 
#  613 | steps:  6831 | steps_t:  1664 | t: 34.991270 | r:  -507.000000 | e:   0.833600 | Q: -340.659515 | won: False 
#  614 | steps:  6842 | steps_t:  1674 | t: 35.149537 | r:  -510.000000 | e:   0.832600 | Q: -328.041260 | won: False 
#  615 | steps:  6853 | steps_t:  1684 | t: 35.300337 | r:  -510.000000 | e:   0.831600 | Q: -338.367035 | won: False 
#  616 | steps:  6863 | steps_t:  1693 | t: 35.453343 | r:  -509.000000 | e:   0.830700 | Q: -317.504547 | won: False 
#  617 | steps:  6871 | steps_t:  1700 | t: 35.570728 | r:  -507.000000 | e:   0.830000 | Q: -336.503113 | won: False 
#  618 | steps:  6881 | steps_t:  1709 | t: 35.723194 | r:  -509.000000 | e:   0.829100 | Q: -314.347565 | won: False 
#  619 | steps:  6891 | steps_t:  1718 | t: 35.879159 | r:  -509.000000 | e:   0.828200 | Q: -305.158936 | won: False 
#  620 | steps:  6898 | steps_t:  1724 | t: 35.974435 | r:  -506.000000 | e:   0.827600 | Q:        nan | won: False 
#  621 | steps:  6907 | steps_t:  1732 | t: 36.143190 | r:  -508.000000 | e:   0.826800 | Q: -298.148010 | won: False 
#  622 | steps:  6920 | steps_t:  1744 | t: 36.410553 | r:  -512.000000 | e:   0.825600 | Q:        nan | won: False 
#  623 | steps:  6943 | steps_t:  1766 | t: 36.802876 | r:  -522.000000 | e:   0.823400 | Q: -311.715393 | won: False 
#  624 | steps:  6954 | steps_t:  1776 | t: 36.969988 | r:  -510.000000 | e:   0.822400 | Q: -337.084167 | won: False 
#  625 | steps:  6962 | steps_t:  1783 | t: 37.084640 | r:  -507.000000 | e:   0.821700 | Q: -325.202698 | won: False 
#  626 | steps:  6974 | steps_t:  1794 | t: 37.291564 | r:  -511.000000 | e:   0.820600 | Q: -325.615753 | won: False 
#  627 | steps:  6982 | steps_t:  1801 | t: 37.396727 | r:  -507.000000 | e:   0.819900 | Q:        nan | won: False 
#  628 | steps:  6991 | steps_t:  1809 | t: 37.519702 | r:  -508.000000 | e:   0.819100 | Q: -342.826477 | won: False 
#  629 | steps:  7001 | steps_t:  1818 | t: 37.655179 | r:  -509.000000 | e:   0.818200 | Q: -375.605347 | won: False 
#  630 | steps:  7011 | steps_t:  1827 | t: 37.809272 | r:  -509.000000 | e:   0.817300 | Q:        nan | won: False 
#  631 | steps:  7019 | steps_t:  1834 | t: 37.930393 | r:  -507.000000 | e:   0.816600 | Q:        nan | won: False 
#  632 | steps:  7034 | steps_t:  1848 | t: 38.147567 | r:  -514.000000 | e:   0.815200 | Q: -316.699371 | won: False 
#  633 | steps:  7041 | steps_t:  1854 | t: 38.234000 | r:  -506.000000 | e:   0.814600 | Q: -317.045410 | won: False 
#  634 | steps:  7051 | steps_t:  1863 | t: 38.383878 | r:  -509.000000 | e:   0.813700 | Q: -341.598724 | won: False 
#  635 | steps:  7063 | steps_t:  1874 | t: 38.620861 | r:  -511.000000 | e:   0.812600 | Q: -329.086365 | won: False 
#  636 | steps:  7071 | steps_t:  1881 | t: 38.720241 | r:  -507.000000 | e:   0.811900 | Q: -313.788666 | won: False 
#  637 | steps:  7078 | steps_t:  1887 | t: 38.806835 | r:  -506.000000 | e:   0.811300 | Q:        nan | won: False 
#  638 | steps:  7087 | steps_t:  1895 | t: 38.924073 | r:  -508.000000 | e:   0.810500 | Q: -327.343658 | won: False 
#  639 | steps:  7098 | steps_t:  1905 | t: 39.113606 | r:  -510.000000 | e:   0.809500 | Q: -363.381836 | won: False 
#  640 | steps:  7115 | steps_t:  1921 | t: 39.392668 | r:  -516.000000 | e:   0.807900 | Q: -304.180054 | won: False 
#  641 | steps:  7124 | steps_t:  1929 | t: 39.526165 | r:  -508.000000 | e:   0.807100 | Q: -301.256683 | won: False 
#  642 | steps:  7135 | steps_t:  1939 | t: 39.754240 | r:  -510.000000 | e:   0.806100 | Q: -291.840881 | won: False 
#  643 | steps:  7142 | steps_t:  1945 | t: 39.841203 | r:  -506.000000 | e:   0.805500 | Q: -305.903259 | won: False 
#  644 | steps:  7159 | steps_t:  1961 | t: 40.125846 | r:  -516.000000 | e:   0.803900 | Q: -320.077087 | won: False 
#  645 | steps:  7185 | steps_t:  1986 | t: 40.594944 | r:  -525.000000 | e:   0.801400 | Q: -303.129730 | won: False 
#  646 | steps:  7194 | steps_t:  1994 | t: 40.763067 | r:  -508.000000 | e:   0.800600 | Q: -295.488525 | won: False 
#  647 | steps:  7202 | steps_t:  2001 | t: 40.899432 | r:  -507.000000 | e:   0.799900 | Q: -360.498566 | won: False 
#  648 | steps:  7211 | steps_t:  2009 | t: 41.049845 | r:  -508.000000 | e:   0.799100 | Q: -326.837097 | won: False 
#  649 | steps:  7218 | steps_t:  2015 | t: 41.164052 | r:  -506.000000 | e:   0.798500 | Q: -334.994049 | won: False 
#  650 | steps:  7230 | steps_t:  2026 | t: 41.447329 | r:  -511.000000 | e:   0.797400 | Q: -296.207367 | won: False 
#  651 | steps:  7239 | steps_t:  2034 | t: 41.587023 | r:  -508.000000 | e:   0.796600 | Q: -348.136322 | won: False 
#  652 | steps:  7246 | steps_t:  2040 | t: 41.686952 | r:  -506.000000 | e:   0.796000 | Q:        nan | won: False 
#  653 | steps:  7256 | steps_t:  2049 | t: 41.823183 | r:  -509.000000 | e:   0.795100 | Q: -277.140991 | won: False 
#  654 | steps:  7264 | steps_t:  2056 | t: 41.927237 | r:  -507.000000 | e:   0.794400 | Q: -285.815094 | won: False 
#  655 | steps:  7274 | steps_t:  2065 | t: 42.056906 | r:  -509.000000 | e:   0.793500 | Q: -316.977722 | won: False 
#  656 | steps:  7292 | steps_t:  2082 | t: 42.307923 | r:  -517.000000 | e:   0.791800 | Q: -319.074677 | won: False 
#  657 | steps:  7303 | steps_t:  2092 | t: 42.463251 | r:  -510.000000 | e:   0.790800 | Q: -345.850677 | won: False 
#  658 | steps:  7321 | steps_t:  2109 | t: 42.712847 | r:  -517.000000 | e:   0.789100 | Q: -330.979156 | won: False 
#  659 | steps:  7332 | steps_t:  2119 | t: 42.866621 | r:  -510.000000 | e:   0.788100 | Q: -392.086914 | won: False 
#  660 | steps:  7343 | steps_t:  2129 | t: 43.015913 | r:  -510.000000 | e:   0.787100 | Q: -359.162659 | won: False 
#  661 | steps:  7366 | steps_t:  2151 | t: 43.324047 | r:  -522.000000 | e:   0.784900 | Q: -346.232147 | won: False 
#  662 | steps:  7377 | steps_t:  2161 | t: 43.467912 | r:  -510.000000 | e:   0.783900 | Q: -341.667389 | won: False 
#  663 | steps:  7385 | steps_t:  2168 | t: 43.576884 | r:  -507.000000 | e:   0.783200 | Q:        nan | won: False 
#  664 | steps:  7404 | steps_t:  2186 | t: 43.838655 | r:  -518.000000 | e:   0.781400 | Q: -308.566559 | won: False 
#  665 | steps:  7417 | steps_t:  2198 | t: 44.011187 | r:  -512.000000 | e:   0.780200 | Q: -327.971252 | won: False 
#  666 | steps:  7423 | steps_t:  2203 | t: 44.086320 | r:  -505.000000 | e:   0.779700 | Q: -387.208405 | won: False 
#  667 | steps:  7434 | steps_t:  2213 | t: 44.261559 | r:  -510.000000 | e:   0.778700 | Q: -297.891296 | won: False 
#  668 | steps:  7441 | steps_t:  2219 | t: 44.352197 | r:  -506.000000 | e:   0.778100 | Q: -302.928345 | won: False 
#  669 | steps:  7453 | steps_t:  2230 | t: 44.514303 | r:  -511.000000 | e:   0.777000 | Q: -314.246704 | won: False 
#  670 | steps:  7460 | steps_t:  2236 | t: 44.603851 | r:  -506.000000 | e:   0.776400 | Q: -326.873230 | won: False 
