#    1 | steps:    22 | steps_t:     0 | t: 0.036460 | r:  -521.000000 | e:   1.000000 | Q:        nan | won: False 
#    2 | steps:    28 | steps_t:     0 | t: 0.041935 | r:  -505.000000 | e:   1.000000 | Q:        nan | won: False 
#    3 | steps:    37 | steps_t:     0 | t: 0.049968 | r:  -508.000000 | e:   1.000000 | Q:        nan | won: False 
#    4 | steps:    51 | steps_t:     0 | t: 0.060165 | r:  -513.000000 | e:   1.000000 | Q:        nan | won: False 
#    5 | steps:    67 | steps_t:     0 | t: 0.073800 | r:  -515.000000 | e:   1.000000 | Q:        nan | won: False 
#    6 | steps:    78 | steps_t:     0 | t: 0.083885 | r:  -510.000000 | e:   1.000000 | Q:        nan | won: False 
#    7 | steps:    86 | steps_t:     0 | t: 0.090975 | r:  -507.000000 | e:   1.000000 | Q:        nan | won: False 
#    8 | steps:    97 | steps_t:     0 | t: 0.100601 | r:  -510.000000 | e:   1.000000 | Q:        nan | won: False 
#    9 | steps:   106 | steps_t:     0 | t: 0.107349 | r:  -508.000000 | e:   1.000000 | Q:        nan | won: False 
#   10 | steps:   120 | steps_t:     0 | t: 0.120909 | r:  -513.000000 | e:   1.000000 | Q:        nan | won: False 
#   11 | steps:   128 | steps_t:     0 | t: 0.126683 | r:  -507.000000 | e:   1.000000 | Q:        nan | won: False 
#   12 | steps:   137 | steps_t:     0 | t: 0.134928 | r:  -508.000000 | e:   1.000000 | Q:        nan | won: False 
#   13 | steps:   146 | steps_t:     0 | t: 0.142272 | r:  -508.000000 | e:   1.000000 | Q:        nan | won: False 
#   14 | steps:   153 | steps_t:     0 | t: 0.147975 | r:  -506.000000 | e:   1.000000 | Q:        nan | won: False 
#   15 | steps:   162 | steps_t:     0 | t: 0.154764 | r:  -508.000000 | e:   1.000000 | Q:        nan | won: False 
#   16 | steps:   173 | steps_t:     0 | t: 0.164845 | r:  -510.000000 | e:   1.000000 | Q:        nan | won: False 
#   17 | steps:   179 | steps_t:     0 | t: 0.169490 | r:  -505.000000 | e:   1.000000 | Q:        nan | won: False 
#   18 | steps:   185 | steps_t:     0 | t: 0.174187 | r:  -505.000000 | e:   1.000000 | Q:        nan | won: False 
#   19 | steps:   194 | steps_t:     0 | t: 0.182404 | r:  -508.000000 | e:   1.000000 | Q:        nan | won: False 
#   20 | steps:   207 | steps_t:     0 | t: 0.192050 | r:  -512.000000 | e:   1.000000 | Q:        nan | won: False 
#   21 | steps:   219 | steps_t:     0 | t: 0.202742 | r:  -511.000000 | e:   1.000000 | Q:        nan | won: False 
#   22 | steps:   227 | steps_t:     0 | t: 0.208851 | r:  -507.000000 | e:   1.000000 | Q:        nan | won: False 
#   23 | steps:   237 | steps_t:     0 | t: 0.218696 | r:  -509.000000 | e:   1.000000 | Q:        nan | won: False 
#   24 | steps:   248 | steps_t:     0 | t: 0.226220 | r:  -510.000000 | e:   1.000000 | Q:        nan | won: False 
#   25 | steps:   256 | steps_t:     0 | t: 0.233691 | r:  -507.000000 | e:   1.000000 | Q:        nan | won: False 
#   26 | steps:   267 | steps_t:     0 | t: 0.243093 | r:  -510.000000 | e:   1.000000 | Q:        nan | won: False 
#   27 | steps:   279 | steps_t:     0 | t: 0.253588 | r:  -511.000000 | e:   1.000000 | Q:        nan | won: False 
#   28 | steps:   285 | steps_t:     0 | t: 0.258100 | r:  -505.000000 | e:   1.000000 | Q:        nan | won: False 
#   29 | steps:   291 | steps_t:     0 | t: 0.264310 | r:  -505.000000 | e:   1.000000 | Q:        nan | won: False 
#   30 | steps:   298 | steps_t:     0 | t: 0.272114 | r:  -506.000000 | e:   1.000000 | Q:        nan | won: False 
#   31 | steps:   304 | steps_t:     0 | t: 0.277613 | r:  -505.000000 | e:   1.000000 | Q:        nan | won: False 
#   32 | steps:   313 | steps_t:     0 | t: 0.286390 | r:  -508.000000 | e:   1.000000 | Q:        nan | won: False 
#   33 | steps:   331 | steps_t:     0 | t: 0.301678 | r:  -517.000000 | e:   1.000000 | Q:        nan | won: False 
#   34 | steps:   348 | steps_t:     0 | t: 0.315866 | r:  -505.000000 | e:   1.000000 | Q:        nan | won: False 
#   35 | steps:   358 | steps_t:     0 | t: 0.324938 | r:  -509.000000 | e:   1.000000 | Q:        nan | won: False 
#   36 | steps:   366 | steps_t:     0 | t: 0.331556 | r:  -507.000000 | e:   1.000000 | Q:        nan | won: False 
#   37 | steps:   378 | steps_t:     0 | t: 0.340267 | r:  -511.000000 | e:   1.000000 | Q:        nan | won: False 
#   38 | steps:   394 | steps_t:     0 | t: 0.353718 | r:  -515.000000 | e:   1.000000 | Q:        nan | won: False 
#   39 | steps:   402 | steps_t:     0 | t: 0.359914 | r:  -507.000000 | e:   1.000000 | Q:        nan | won: False 
#   40 | steps:   410 | steps_t:     0 | t: 0.368131 | r:  -507.000000 | e:   1.000000 | Q:        nan | won: False 
#   41 | steps:   426 | steps_t:     0 | t: 0.381773 | r:  -515.000000 | e:   1.000000 | Q:        nan | won: False 
#   42 | steps:   436 | steps_t:     0 | t: 0.389514 | r:  -509.000000 | e:   1.000000 | Q:        nan | won: False 
#   43 | steps:   445 | steps_t:     0 | t: 0.396262 | r:  -508.000000 | e:   1.000000 | Q:        nan | won: False 
#   44 | steps:   461 | steps_t:     0 | t: 0.410577 | r:  -504.000000 | e:   1.000000 | Q:        nan | won: False 
#   45 | steps:   469 | steps_t:     0 | t: 0.418193 | r:  -507.000000 | e:   1.000000 | Q:        nan | won: False 
#   46 | steps:   490 | steps_t:     0 | t: 0.433599 | r:  -509.000000 | e:   1.000000 | Q:        nan | won: False 
#   47 | steps:   501 | steps_t:     0 | t: 0.442669 | r:  -510.000000 | e:   1.000000 | Q:        nan | won: False 
#   48 | steps:   507 | steps_t:     0 | t: 0.449196 | r:  -505.000000 | e:   1.000000 | Q:        nan | won: False 
#   49 | steps:   513 | steps_t:     0 | t: 0.454823 | r:  -505.000000 | e:   1.000000 | Q:        nan | won: False 
#   50 | steps:   522 | steps_t:     0 | t: 0.463386 | r:  -508.000000 | e:   1.000000 | Q:        nan | won: False 
#   51 | steps:   529 | steps_t:     0 | t: 0.468749 | r:  -506.000000 | e:   1.000000 | Q:        nan | won: False 
#   52 | steps:   538 | steps_t:     0 | t: 0.476316 | r:  -508.000000 | e:   1.000000 | Q:        nan | won: False 
#   53 | steps:   543 | steps_t:     0 | t: 0.480920 | r:  -504.000000 | e:   1.000000 | Q:        nan | won: False 
#   54 | steps:   563 | steps_t:     0 | t: 0.499525 | r:  -519.000000 | e:   1.000000 | Q:        nan | won: False 
#   55 | steps:   575 | steps_t:     0 | t: 0.508600 | r:  -511.000000 | e:   1.000000 | Q:        nan | won: False 
#   56 | steps:   595 | steps_t:     0 | t: 0.524792 | r:  -519.000000 | e:   1.000000 | Q:        nan | won: False 
#   57 | steps:   604 | steps_t:     0 | t: 0.532079 | r:  -508.000000 | e:   1.000000 | Q:        nan | won: False 
#   58 | steps:   613 | steps_t:     0 | t: 0.540538 | r:  -508.000000 | e:   1.000000 | Q:        nan | won: False 
#   59 | steps:   621 | steps_t:     0 | t: 0.549178 | r:  -507.000000 | e:   1.000000 | Q:        nan | won: False 
#   60 | steps:   629 | steps_t:     0 | t: 0.555149 | r:  -507.000000 | e:   1.000000 | Q:        nan | won: False 
#   61 | steps:   639 | steps_t:     0 | t: 0.562596 | r:  -509.000000 | e:   1.000000 | Q:        nan | won: False 
#   62 | steps:   648 | steps_t:     0 | t: 0.570339 | r:  -508.000000 | e:   1.000000 | Q:        nan | won: False 
#   63 | steps:   660 | steps_t:     0 | t: 0.582469 | r:  -511.000000 | e:   1.000000 | Q:        nan | won: False 
#   64 | steps:   670 | steps_t:     0 | t: 0.590279 | r:  -509.000000 | e:   1.000000 | Q:        nan | won: False 
#   65 | steps:   680 | steps_t:     0 | t: 0.599087 | r:  -509.000000 | e:   1.000000 | Q:        nan | won: False 
#   66 | steps:   692 | steps_t:     0 | t: 0.608774 | r:  -511.000000 | e:   1.000000 | Q:        nan | won: False 
#   67 | steps:   699 | steps_t:     0 | t: 0.614719 | r:  -506.000000 | e:   1.000000 | Q:        nan | won: False 
#   68 | steps:   708 | steps_t:     0 | t: 0.623872 | r:  -508.000000 | e:   1.000000 | Q:        nan | won: False 
#   69 | steps:   716 | steps_t:     0 | t: 0.631743 | r:  -507.000000 | e:   1.000000 | Q:        nan | won: False 
#   70 | steps:   724 | steps_t:     0 | t: 0.637862 | r:  -507.000000 | e:   1.000000 | Q:        nan | won: False 
#   71 | steps:   732 | steps_t:     0 | t: 0.644914 | r:  -507.000000 | e:   1.000000 | Q:        nan | won: False 
#   72 | steps:   740 | steps_t:     0 | t: 0.650824 | r:  -507.000000 | e:   1.000000 | Q:        nan | won: False 
#   73 | steps:   754 | steps_t:     0 | t: 0.663221 | r:  -513.000000 | e:   1.000000 | Q:        nan | won: False 
#   74 | steps:   772 | steps_t:     0 | t: 0.677433 | r:  -517.000000 | e:   1.000000 | Q:        nan | won: False 
#   75 | steps:   785 | steps_t:     0 | t: 0.688308 | r:  -512.000000 | e:   1.000000 | Q:        nan | won: False 
#   76 | steps:   793 | steps_t:     0 | t: 0.694837 | r:  -507.000000 | e:   1.000000 | Q:        nan | won: False 
#   77 | steps:   800 | steps_t:     0 | t: 0.700866 | r:  -506.000000 | e:   1.000000 | Q:        nan | won: False 
#   78 | steps:   810 | steps_t:     0 | t: 0.709448 | r:  -509.000000 | e:   1.000000 | Q:        nan | won: False 
#   79 | steps:   817 | steps_t:     0 | t: 0.717327 | r:  -506.000000 | e:   1.000000 | Q:        nan | won: False 
#   80 | steps:   825 | steps_t:     0 | t: 0.723870 | r:  -507.000000 | e:   1.000000 | Q:        nan | won: False 
#   81 | steps:   834 | steps_t:     0 | t: 0.730880 | r:  -508.000000 | e:   1.000000 | Q:        nan | won: False 
#   82 | steps:   842 | steps_t:     0 | t: 0.737624 | r:  -507.000000 | e:   1.000000 | Q:        nan | won: False 
#   83 | steps:   850 | steps_t:     0 | t: 0.746517 | r:  -507.000000 | e:   1.000000 | Q:        nan | won: False 
#   84 | steps:   855 | steps_t:     0 | t: 0.751019 | r:  -504.000000 | e:   1.000000 | Q:        nan | won: False 
#   85 | steps:   862 | steps_t:     0 | t: 0.756558 | r:  -506.000000 | e:   1.000000 | Q:        nan | won: False 
#   86 | steps:   870 | steps_t:     0 | t: 0.763748 | r:  -507.000000 | e:   1.000000 | Q:        nan | won: False 
#   87 | steps:   878 | steps_t:     0 | t: 0.770281 | r:  -507.000000 | e:   1.000000 | Q:        nan | won: False 
#   88 | steps:   895 | steps_t:     0 | t: 0.786423 | r:  -516.000000 | e:   1.000000 | Q:        nan | won: False 
#   89 | steps:   909 | steps_t:     0 | t: 0.798902 | r:  -513.000000 | e:   1.000000 | Q:        nan | won: False 
#   90 | steps:   917 | steps_t:     0 | t: 0.805133 | r:  -507.000000 | e:   1.000000 | Q:        nan | won: False 
#   91 | steps:   924 | steps_t:     0 | t: 0.812259 | r:  -506.000000 | e:   1.000000 | Q:        nan | won: False 
#   92 | steps:   936 | steps_t:     0 | t: 0.821037 | r:  -511.000000 | e:   1.000000 | Q:        nan | won: False 
#   93 | steps:   957 | steps_t:     0 | t: 0.838608 | r:  -520.000000 | e:   1.000000 | Q:        nan | won: False 
#   94 | steps:   977 | steps_t:     0 | t: 0.855458 | r:  -519.000000 | e:   1.000000 | Q:        nan | won: False 
#   95 | steps:   986 | steps_t:     0 | t: 0.863430 | r:  -508.000000 | e:   1.000000 | Q:        nan | won: False 
#   96 | steps:   991 | steps_t:     0 | t: 0.868997 | r:  -504.000000 | e:   1.000000 | Q:        nan | won: False 
#   97 | steps:  1003 | steps_t:     0 | t: 0.879533 | r:  -511.000000 | e:   1.000000 | Q:        nan | won: False 
#   98 | steps:  1018 | steps_t:     0 | t: 0.891500 | r:  -503.000000 | e:   1.000000 | Q:        nan | won: False 
#   99 | steps:  1025 | steps_t:     0 | t: 0.896884 | r:  -506.000000 | e:   1.000000 | Q:        nan | won: False 
#  100 | steps:  1045 | steps_t:     0 | t: 0.914722 | r:  -519.000000 | e:   1.000000 | Q:        nan | won: False 
#  101 | steps:  1058 | steps_t:     0 | t: 0.924551 | r:  -512.000000 | e:   1.000000 | Q:        nan | won: False 
#  102 | steps:  1065 | steps_t:     0 | t: 0.929978 | r:  -506.000000 | e:   1.000000 | Q:        nan | won: False 
#  103 | steps:  1076 | steps_t:     0 | t: 0.938551 | r:  -510.000000 | e:   1.000000 | Q:        nan | won: False 
#  104 | steps:  1083 | steps_t:     0 | t: 0.944954 | r:  -506.000000 | e:   1.000000 | Q:        nan | won: False 
#  105 | steps:  1092 | steps_t:     0 | t: 0.952938 | r:  -508.000000 | e:   1.000000 | Q:        nan | won: False 
#  106 | steps:  1102 | steps_t:     0 | t: 0.963155 | r:  -509.000000 | e:   1.000000 | Q:        nan | won: False 
#  107 | steps:  1112 | steps_t:     0 | t: 0.971110 | r:  -509.000000 | e:   1.000000 | Q:        nan | won: False 
#  108 | steps:  1125 | steps_t:     0 | t: 0.982420 | r:  -512.000000 | e:   1.000000 | Q:        nan | won: False 
#  109 | steps:  1134 | steps_t:     0 | t: 0.989725 | r:  -508.000000 | e:   1.000000 | Q:        nan | won: False 
#  110 | steps:  1146 | steps_t:     0 | t: 1.000683 | r:  -511.000000 | e:   1.000000 | Q:        nan | won: False 
#  111 | steps:  1153 | steps_t:     0 | t: 1.005699 | r:  -506.000000 | e:   1.000000 | Q:        nan | won: False 
#  112 | steps:  1172 | steps_t:     0 | t: 1.022026 | r:  -518.000000 | e:   1.000000 | Q:        nan | won: False 
#  113 | steps:  1179 | steps_t:     0 | t: 1.027042 | r:  -506.000000 | e:   1.000000 | Q:        nan | won: False 
#  114 | steps:  1187 | steps_t:     0 | t: 1.035450 | r:  -507.000000 | e:   1.000000 | Q:        nan | won: False 
#  115 | steps:  1205 | steps_t:     0 | t: 1.050770 | r:  -517.000000 | e:   1.000000 | Q:        nan | won: False 
#  116 | steps:  1213 | steps_t:     0 | t: 1.056536 | r:  -507.000000 | e:   1.000000 | Q:        nan | won: False 
#  117 | steps:  1222 | steps_t:     0 | t: 1.063120 | r:  -508.000000 | e:   1.000000 | Q:        nan | won: False 
#  118 | steps:  1230 | steps_t:     0 | t: 1.069511 | r:  -507.000000 | e:   1.000000 | Q:        nan | won: False 
#  119 | steps:  1237 | steps_t:     0 | t: 1.076159 | r:  -506.000000 | e:   1.000000 | Q:        nan | won: False 
#  120 | steps:  1243 | steps_t:     0 | t: 1.082717 | r:  -505.000000 | e:   1.000000 | Q:        nan | won: False 
#  121 | steps:  1252 | steps_t:     0 | t: 1.090172 | r:  -508.000000 | e:   1.000000 | Q:        nan | won: False 
#  122 | steps:  1259 | steps_t:     0 | t: 1.095623 | r:  -506.000000 | e:   1.000000 | Q:        nan | won: False 
#  123 | steps:  1277 | steps_t:     0 | t: 1.108796 | r:  -517.000000 | e:   1.000000 | Q:        nan | won: False 
#  124 | steps:  1286 | steps_t:     0 | t: 1.118152 | r:  -508.000000 | e:   1.000000 | Q:        nan | won: False 
#  125 | steps:  1292 | steps_t:     0 | t: 1.123205 | r:  -505.000000 | e:   1.000000 | Q:        nan | won: False 
#  126 | steps:  1300 | steps_t:     0 | t: 1.130631 | r:  -507.000000 | e:   1.000000 | Q:        nan | won: False 
#  127 | steps:  1307 | steps_t:     0 | t: 1.135956 | r:  -506.000000 | e:   1.000000 | Q:        nan | won: False 
#  128 | steps:  1316 | steps_t:     0 | t: 1.143363 | r:  -508.000000 | e:   1.000000 | Q:        nan | won: False 
#  129 | steps:  1327 | steps_t:     0 | t: 1.152091 | r:  -510.000000 | e:   1.000000 | Q:        nan | won: False 
#  130 | steps:  1343 | steps_t:     0 | t: 1.167252 | r:  -504.000000 | e:   1.000000 | Q:        nan | won: False 
#  131 | steps:  1350 | steps_t:     0 | t: 1.172715 | r:  -506.000000 | e:   1.000000 | Q:        nan | won: False 
#  132 | steps:  1374 | steps_t:     0 | t: 1.192406 | r:  -523.000000 | e:   1.000000 | Q:        nan | won: False 
#  133 | steps:  1384 | steps_t:     0 | t: 1.201880 | r:  -509.000000 | e:   1.000000 | Q:        nan | won: False 
#  134 | steps:  1391 | steps_t:     0 | t: 1.207097 | r:  -506.000000 | e:   1.000000 | Q:        nan | won: False 
#  135 | steps:  1399 | steps_t:     0 | t: 1.214473 | r:  -507.000000 | e:   1.000000 | Q:        nan | won: False 
#  136 | steps:  1409 | steps_t:     0 | t: 1.222739 | r:  -509.000000 | e:   1.000000 | Q:        nan | won: False 
#  137 | steps:  1416 | steps_t:     0 | t: 1.227987 | r:  -506.000000 | e:   1.000000 | Q:        nan | won: False 
#  138 | steps:  1423 | steps_t:     0 | t: 1.235309 | r:  -506.000000 | e:   1.000000 | Q:        nan | won: False 
#  139 | steps:  1431 | steps_t:     0 | t: 1.241689 | r:  -507.000000 | e:   1.000000 | Q:        nan | won: False 
#  140 | steps:  1439 | steps_t:     0 | t: 1.248864 | r:  -507.000000 | e:   1.000000 | Q:        nan | won: False 
#  141 | steps:  1448 | steps_t:     0 | t: 1.256521 | r:  -508.000000 | e:   1.000000 | Q:        nan | won: False 
#  142 | steps:  1458 | steps_t:     0 | t: 1.264414 | r:  -509.000000 | e:   1.000000 | Q:        nan | won: False 
#  143 | steps:  1467 | steps_t:     0 | t: 1.274483 | r:  -508.000000 | e:   1.000000 | Q:        nan | won: False 
#  144 | steps:  1477 | steps_t:     0 | t: 1.284016 | r:  -509.000000 | e:   1.000000 | Q:        nan | won: False 
#  145 | steps:  1500 | steps_t:     0 | t: 1.303232 | r:  -522.000000 | e:   1.000000 | Q:        nan | won: False 
#  146 | steps:  1507 | steps_t:     0 | t: 1.308654 | r:  -506.000000 | e:   1.000000 | Q:        nan | won: False 
#  147 | steps:  1522 | steps_t:     0 | t: 1.322386 | r:  -503.000000 | e:   1.000000 | Q:        nan | won: False 
#  148 | steps:  1534 | steps_t:     0 | t: 1.333430 | r:  -511.000000 | e:   1.000000 | Q:        nan | won: False 
#  149 | steps:  1551 | steps_t:     0 | t: 1.347567 | r:  -516.000000 | e:   1.000000 | Q:        nan | won: False 
#  150 | steps:  1569 | steps_t:     0 | t: 1.362786 | r:  -517.000000 | e:   1.000000 | Q:        nan | won: False 
#  151 | steps:  1581 | steps_t:     0 | t: 1.372302 | r:  -511.000000 | e:   1.000000 | Q:        nan | won: False 
#  152 | steps:  1589 | steps_t:     0 | t: 1.380120 | r:  -507.000000 | e:   1.000000 | Q:        nan | won: False 
#  153 | steps:  1604 | steps_t:     0 | t: 1.392344 | r:  -514.000000 | e:   1.000000 | Q:        nan | won: False 
#  154 | steps:  1615 | steps_t:     0 | t: 1.402412 | r:  -510.000000 | e:   1.000000 | Q:        nan | won: False 
#  155 | steps:  1623 | steps_t:     0 | t: 1.408787 | r:  -507.000000 | e:   1.000000 | Q:        nan | won: False 
#  156 | steps:  1630 | steps_t:     0 | t: 1.415547 | r:  -506.000000 | e:   1.000000 | Q:        nan | won: False 
#  157 | steps:  1639 | steps_t:     0 | t: 1.422960 | r:  -508.000000 | e:   1.000000 | Q:        nan | won: False 
#  158 | steps:  1649 | steps_t:     0 | t: 1.430207 | r:  -509.000000 | e:   1.000000 | Q:        nan | won: False 
#  159 | steps:  1664 | steps_t:     0 | t: 1.444489 | r:  -503.000000 | e:   1.000000 | Q:        nan | won: False 
#  160 | steps:  1669 | steps_t:     0 | t: 1.448473 | r:  -504.000000 | e:   1.000000 | Q:        nan | won: False 
#  161 | steps:  1680 | steps_t:     0 | t: 1.457222 | r:  -510.000000 | e:   1.000000 | Q:        nan | won: False 
#  162 | steps:  1687 | steps_t:     0 | t: 1.464273 | r:  -506.000000 | e:   1.000000 | Q:        nan | won: False 
#  163 | steps:  1695 | steps_t:     0 | t: 1.470806 | r:  -507.000000 | e:   1.000000 | Q:        nan | won: False 
#  164 | steps:  1701 | steps_t:     0 | t: 1.475643 | r:  -505.000000 | e:   1.000000 | Q:        nan | won: False 
#  165 | steps:  1708 | steps_t:     0 | t: 1.483180 | r:  -506.000000 | e:   1.000000 | Q:        nan | won: False 
#  166 | steps:  1717 | steps_t:     0 | t: 1.490580 | r:  -508.000000 | e:   1.000000 | Q:        nan | won: False 
#  167 | steps:  1726 | steps_t:     0 | t: 1.499942 | r:  -508.000000 | e:   1.000000 | Q:        nan | won: False 
#  168 | steps:  1736 | steps_t:     0 | t: 1.507221 | r:  -509.000000 | e:   1.000000 | Q:        nan | won: False 
#  169 | steps:  1750 | steps_t:     0 | t: 1.519003 | r:  -513.000000 | e:   1.000000 | Q:        nan | won: False 
#  170 | steps:  1774 | steps_t:     0 | t: 1.540346 | r:  -523.000000 | e:   1.000000 | Q:        nan | won: False 
#  171 | steps:  1787 | steps_t:     0 | t: 1.551394 | r:  -512.000000 | e:   1.000000 | Q:        nan | won: False 
#  172 | steps:  1795 | steps_t:     0 | t: 1.557543 | r:  -507.000000 | e:   1.000000 | Q:        nan | won: False 
#  173 | steps:  1808 | steps_t:     0 | t: 1.567562 | r:  -512.000000 | e:   1.000000 | Q:        nan | won: False 
#  174 | steps:  1816 | steps_t:     0 | t: 1.573775 | r:  -507.000000 | e:   1.000000 | Q:        nan | won: False 
#  175 | steps:  1830 | steps_t:     0 | t: 1.587149 | r:  -513.000000 | e:   1.000000 | Q:        nan | won: False 
#  176 | steps:  1839 | steps_t:     0 | t: 1.595874 | r:  -508.000000 | e:   1.000000 | Q:        nan | won: False 
#  177 | steps:  1855 | steps_t:     0 | t: 1.611528 | r:  -504.000000 | e:   1.000000 | Q:        nan | won: False 
#  178 | steps:  1869 | steps_t:     0 | t: 1.622110 | r:  -513.000000 | e:   1.000000 | Q:        nan | won: False 
#  179 | steps:  1889 | steps_t:     0 | t: 1.638301 | r:  -519.000000 | e:   1.000000 | Q:        nan | won: False 
#  180 | steps:  1896 | steps_t:     0 | t: 1.644053 | r:  -506.000000 | e:   1.000000 | Q:        nan | won: False 
#  181 | steps:  1907 | steps_t:     0 | t: 1.654080 | r:  -510.000000 | e:   1.000000 | Q:        nan | won: False 
#  182 | steps:  1921 | steps_t:     0 | t: 1.666386 | r:  -513.000000 | e:   1.000000 | Q:        nan | won: False 
#  183 | steps:  1939 | steps_t:     0 | t: 1.681542 | r:  -517.000000 | e:   1.000000 | Q:        nan | won: False 
#  184 | steps:  1945 | steps_t:     0 | t: 1.686354 | r:  -505.000000 | e:   1.000000 | Q:        nan | won: False 
#  185 | steps:  1955 | steps_t:     0 | t: 1.693963 | r:  -509.000000 | e:   1.000000 | Q:        nan | won: False 
#  186 | steps:  1967 | steps_t:     0 | t: 1.704186 | r:  -511.000000 | e:   1.000000 | Q:        nan | won: False 
#  187 | steps:  1978 | steps_t:     0 | t: 1.714684 | r:  -510.000000 | e:   1.000000 | Q:        nan | won: False 
#  188 | steps:  1987 | steps_t:     0 | t: 1.722775 | r:  -508.000000 | e:   1.000000 | Q:        nan | won: False 
#  189 | steps:  2001 | steps_t:     0 | t: 1.732917 | r:  -513.000000 | e:   1.000000 | Q:        nan | won: False 
#  190 | steps:  2009 | steps_t:     0 | t: 1.739453 | r:  -507.000000 | e:   1.000000 | Q:        nan | won: False 
#  191 | steps:  2020 | steps_t:     0 | t: 1.750924 | r:  -510.000000 | e:   1.000000 | Q:        nan | won: False 
#  192 | steps:  2030 | steps_t:     0 | t: 1.758918 | r:  -509.000000 | e:   1.000000 | Q:        nan | won: False 
#  193 | steps:  2038 | steps_t:     0 | t: 1.767078 | r:  -507.000000 | e:   1.000000 | Q:        nan | won: False 
#  194 | steps:  2047 | steps_t:     0 | t: 1.774194 | r:  -508.000000 | e:   1.000000 | Q:        nan | won: False 
#  195 | steps:  2057 | steps_t:     0 | t: 1.782723 | r:  -509.000000 | e:   1.000000 | Q:        nan | won: False 
#  196 | steps:  2065 | steps_t:     0 | t: 1.789732 | r:  -507.000000 | e:   1.000000 | Q:        nan | won: False 
#  197 | steps:  2084 | steps_t:     0 | t: 1.807328 | r:  -518.000000 | e:   1.000000 | Q:        nan | won: False 
#  198 | steps:  2093 | steps_t:     0 | t: 1.815602 | r:  -508.000000 | e:   1.000000 | Q:        nan | won: False 
#  199 | steps:  2101 | steps_t:     0 | t: 1.821804 | r:  -507.000000 | e:   1.000000 | Q:        nan | won: False 
#  200 | steps:  2143 | steps_t:     0 | t: 1.856568 | r:  -530.000000 | e:   1.000000 | Q:        nan | won: False 
#  201 | steps:  2151 | steps_t:     0 | t: 1.862930 | r:  -507.000000 | e:   1.000000 | Q:        nan | won: False 
#  202 | steps:  2159 | steps_t:     0 | t: 1.870066 | r:  -507.000000 | e:   1.000000 | Q:        nan | won: False 
#  203 | steps:  2168 | steps_t:     0 | t: 1.876754 | r:  -508.000000 | e:   1.000000 | Q:        nan | won: False 
#  204 | steps:  2178 | steps_t:     0 | t: 1.885600 | r:  -509.000000 | e:   1.000000 | Q:        nan | won: False 
#  205 | steps:  2189 | steps_t:     0 | t: 1.895172 | r:  -510.000000 | e:   1.000000 | Q:        nan | won: False 
#  206 | steps:  2199 | steps_t:     0 | t: 1.903530 | r:  -509.000000 | e:   1.000000 | Q:        nan | won: False 
#  207 | steps:  2211 | steps_t:     0 | t: 1.913356 | r:  -511.000000 | e:   1.000000 | Q:        nan | won: False 
#  208 | steps:  2224 | steps_t:     0 | t: 1.923955 | r:  -512.000000 | e:   1.000000 | Q:        nan | won: False 
#  209 | steps:  2231 | steps_t:     0 | t: 1.929293 | r:  -506.000000 | e:   1.000000 | Q:        nan | won: False 
#  210 | steps:  2245 | steps_t:     0 | t: 1.941770 | r:  -513.000000 | e:   1.000000 | Q:        nan | won: False 
#  211 | steps:  2255 | steps_t:     0 | t: 1.950979 | r:  -509.000000 | e:   1.000000 | Q:        nan | won: False 
#  212 | steps:  2278 | steps_t:     0 | t: 1.968517 | r:  -522.000000 | e:   1.000000 | Q:        nan | won: False 
#  213 | steps:  2284 | steps_t:     0 | t: 1.972694 | r:  -505.000000 | e:   1.000000 | Q:        nan | won: False 
#  214 | steps:  2304 | steps_t:     0 | t: 1.990425 | r:  -519.000000 | e:   1.000000 | Q:        nan | won: False 
#  215 | steps:  2316 | steps_t:     0 | t: 2.001744 | r:  -511.000000 | e:   1.000000 | Q:        nan | won: False 
#  216 | steps:  2336 | steps_t:     0 | t: 2.017952 | r:  -519.000000 | e:   1.000000 | Q:        nan | won: False 
#  217 | steps:  2354 | steps_t:     0 | t: 2.033167 | r:  -517.000000 | e:   1.000000 | Q:        nan | won: False 
#  218 | steps:  2363 | steps_t:     0 | t: 2.040385 | r:  -508.000000 | e:   1.000000 | Q:        nan | won: False 
#  219 | steps:  2382 | steps_t:     0 | t: 2.056811 | r:  -518.000000 | e:   1.000000 | Q:        nan | won: False 
#  220 | steps:  2389 | steps_t:     0 | t: 2.062175 | r:  -506.000000 | e:   1.000000 | Q:        nan | won: False 
#  221 | steps:  2401 | steps_t:     0 | t: 2.073324 | r:  -511.000000 | e:   1.000000 | Q:        nan | won: False 
#  222 | steps:  2411 | steps_t:     0 | t: 2.082073 | r:  -509.000000 | e:   1.000000 | Q:        nan | won: False 
#  223 | steps:  2423 | steps_t:     0 | t: 2.091952 | r:  -511.000000 | e:   1.000000 | Q:        nan | won: False 
#  224 | steps:  2430 | steps_t:     0 | t: 2.097412 | r:  -506.000000 | e:   1.000000 | Q:        nan | won: False 
#  225 | steps:  2442 | steps_t:     0 | t: 2.106837 | r:  -511.000000 | e:   1.000000 | Q:        nan | won: False 
#  226 | steps:  2462 | steps_t:     0 | t: 2.124594 | r:  -519.000000 | e:   1.000000 | Q:        nan | won: False 
#  227 | steps:  2478 | steps_t:     0 | t: 2.138803 | r:  -515.000000 | e:   1.000000 | Q:        nan | won: False 
#  228 | steps:  2485 | steps_t:     0 | t: 2.144471 | r:  -506.000000 | e:   1.000000 | Q:        nan | won: False 
#  229 | steps:  2491 | steps_t:     0 | t: 2.149525 | r:  -505.000000 | e:   1.000000 | Q:        nan | won: False 
#  230 | steps:  2499 | steps_t:     0 | t: 2.155538 | r:  -507.000000 | e:   1.000000 | Q:        nan | won: False 
#  231 | steps:  2505 | steps_t:     0 | t: 2.161148 | r:  -505.000000 | e:   1.000000 | Q:        nan | won: False 
#  232 | steps:  2523 | steps_t:     0 | t: 2.176173 | r:  -517.000000 | e:   1.000000 | Q:        nan | won: False 
#  233 | steps:  2534 | steps_t:     0 | t: 2.186045 | r:  -510.000000 | e:   1.000000 | Q:        nan | won: False 
#  234 | steps:  2543 | steps_t:     0 | t: 2.193112 | r:  -508.000000 | e:   1.000000 | Q:        nan | won: False 
#  235 | steps:  2550 | steps_t:     0 | t: 2.198362 | r:  -506.000000 | e:   1.000000 | Q:        nan | won: False 
#  236 | steps:  2558 | steps_t:     0 | t: 2.206390 | r:  -507.000000 | e:   1.000000 | Q:        nan | won: False 
#  237 | steps:  2565 | steps_t:     0 | t: 2.212572 | r:  -506.000000 | e:   1.000000 | Q:        nan | won: False 
#  238 | steps:  2571 | steps_t:     0 | t: 2.217288 | r:  -505.000000 | e:   1.000000 | Q:        nan | won: False 
#  239 | steps:  2585 | steps_t:     0 | t: 2.228605 | r:  -513.000000 | e:   1.000000 | Q:        nan | won: False 
#  240 | steps:  2595 | steps_t:     0 | t: 2.236145 | r:  -509.000000 | e:   1.000000 | Q:        nan | won: False 
#  241 | steps:  2607 | steps_t:     0 | t: 2.248305 | r:  -511.000000 | e:   1.000000 | Q:        nan | won: False 
#  242 | steps:  2621 | steps_t:     0 | t: 2.259631 | r:  -513.000000 | e:   1.000000 | Q:        nan | won: False 
#  243 | steps:  2637 | steps_t:     0 | t: 2.274603 | r:  -504.000000 | e:   1.000000 | Q:        nan | won: False 
#  244 | steps:  2646 | steps_t:     0 | t: 2.282624 | r:  -508.000000 | e:   1.000000 | Q:        nan | won: False 
#  245 | steps:  2655 | steps_t:     0 | t: 2.293028 | r:  -508.000000 | e:   1.000000 | Q:        nan | won: False 
#  246 | steps:  2685 | steps_t:     0 | t: 2.320831 | r:  -529.000000 | e:   1.000000 | Q:        nan | won: False 
#  247 | steps:  2695 | steps_t:     0 | t: 2.328427 | r:  -509.000000 | e:   1.000000 | Q:        nan | won: False 
#  248 | steps:  2702 | steps_t:     0 | t: 2.335746 | r:  -506.000000 | e:   1.000000 | Q:        nan | won: False 
#  249 | steps:  2712 | steps_t:     0 | t: 2.343808 | r:  -509.000000 | e:   1.000000 | Q:        nan | won: False 
#  250 | steps:  2718 | steps_t:     0 | t: 2.350312 | r:  -505.000000 | e:   1.000000 | Q:        nan | won: False 
#  251 | steps:  2729 | steps_t:     0 | t: 2.358370 | r:  -510.000000 | e:   1.000000 | Q:        nan | won: False 
#  252 | steps:  2739 | steps_t:     0 | t: 2.366150 | r:  -509.000000 | e:   1.000000 | Q:        nan | won: False 
#  253 | steps:  2748 | steps_t:     0 | t: 2.375173 | r:  -508.000000 | e:   1.000000 | Q:        nan | won: False 
#  254 | steps:  2755 | steps_t:     0 | t: 2.381488 | r:  -506.000000 | e:   1.000000 | Q:        nan | won: False 
#  255 | steps:  2774 | steps_t:     0 | t: 2.395904 | r:  -518.000000 | e:   1.000000 | Q:        nan | won: False 
#  256 | steps:  2786 | steps_t:     0 | t: 2.405473 | r:  -511.000000 | e:   1.000000 | Q:        nan | won: False 
#  257 | steps:  2795 | steps_t:     0 | t: 2.415368 | r:  -508.000000 | e:   1.000000 | Q:        nan | won: False 
#  258 | steps:  2806 | steps_t:     0 | t: 2.423785 | r:  -510.000000 | e:   1.000000 | Q:        nan | won: False 
#  259 | steps:  2815 | steps_t:     0 | t: 2.432521 | r:  -508.000000 | e:   1.000000 | Q:        nan | won: False 
#  260 | steps:  2823 | steps_t:     0 | t: 2.438641 | r:  -507.000000 | e:   1.000000 | Q:        nan | won: False 
#  261 | steps:  2833 | steps_t:     0 | t: 2.447892 | r:  -509.000000 | e:   1.000000 | Q:        nan | won: False 
#  262 | steps:  2843 | steps_t:     0 | t: 2.456710 | r:  -509.000000 | e:   1.000000 | Q:        nan | won: False 
#  263 | steps:  2848 | steps_t:     0 | t: 2.461705 | r:  -504.000000 | e:   1.000000 | Q:        nan | won: False 
#  264 | steps:  2856 | steps_t:     0 | t: 2.468796 | r:  -507.000000 | e:   1.000000 | Q:        nan | won: False 
#  265 | steps:  2867 | steps_t:     0 | t: 2.477480 | r:  -510.000000 | e:   1.000000 | Q:        nan | won: False 
#  266 | steps:  2873 | steps_t:     0 | t: 2.483233 | r:  -505.000000 | e:   1.000000 | Q:        nan | won: False 
#  267 | steps:  2879 | steps_t:     0 | t: 2.487832 | r:  -505.000000 | e:   1.000000 | Q:        nan | won: False 
#  268 | steps:  2888 | steps_t:     0 | t: 2.496766 | r:  -508.000000 | e:   1.000000 | Q:        nan | won: False 
#  269 | steps:  2901 | steps_t:     0 | t: 2.507105 | r:  -512.000000 | e:   1.000000 | Q:        nan | won: False 
#  270 | steps:  2910 | steps_t:     0 | t: 2.515264 | r:  -508.000000 | e:   1.000000 | Q:        nan | won: False 
#  271 | steps:  2917 | steps_t:     0 | t: 2.521406 | r:  -506.000000 | e:   1.000000 | Q:        nan | won: False 
#  272 | steps:  2926 | steps_t:     0 | t: 2.527904 | r:  -508.000000 | e:   1.000000 | Q:        nan | won: False 
#  273 | steps:  2944 | steps_t:     0 | t: 2.543733 | r:  -517.000000 | e:   1.000000 | Q:        nan | won: False 
#  274 | steps:  2951 | steps_t:     0 | t: 2.550264 | r:  -506.000000 | e:   1.000000 | Q:        nan | won: False 
#  275 | steps:  2964 | steps_t:     0 | t: 2.560627 | r:  -512.000000 | e:   1.000000 | Q:        nan | won: False 
#  276 | steps:  2972 | steps_t:     0 | t: 2.566449 | r:  -507.000000 | e:   1.000000 | Q:        nan | won: False 
#  277 | steps:  2981 | steps_t:     0 | t: 2.574044 | r:  -508.000000 | e:   1.000000 | Q:        nan | won: False 
#  278 | steps:  2991 | steps_t:     0 | t: 2.583518 | r:  -509.000000 | e:   1.000000 | Q:        nan | won: False 
#  279 | steps:  3001 | steps_t:     0 | t: 2.591803 | r:  -509.000000 | e:   1.000000 | Q:        nan | won: False 
#  280 | steps:  3012 | steps_t:     0 | t: 2.601387 | r:  -510.000000 | e:   1.000000 | Q:        nan | won: False 
#  281 | steps:  3020 | steps_t:     0 | t: 2.608020 | r:  -507.000000 | e:   1.000000 | Q:        nan | won: False 
#  282 | steps:  3029 | steps_t:     0 | t: 2.616481 | r:  -508.000000 | e:   1.000000 | Q:        nan | won: False 
#  283 | steps:  3037 | steps_t:     0 | t: 2.624012 | r:  -507.000000 | e:   1.000000 | Q:        nan | won: False 
#  284 | steps:  3050 | steps_t:     0 | t: 2.635959 | r:  -512.000000 | e:   1.000000 | Q:        nan | won: False 
#  285 | steps:  3067 | steps_t:     0 | t: 2.649791 | r:  -516.000000 | e:   1.000000 | Q:        nan | won: False 
#  286 | steps:  3074 | steps_t:     0 | t: 2.654918 | r:  -506.000000 | e:   1.000000 | Q:        nan | won: False 
#  287 | steps:  3092 | steps_t:     0 | t: 2.670448 | r:  -506.000000 | e:   1.000000 | Q:        nan | won: False 
#  288 | steps:  3105 | steps_t:     0 | t: 2.681530 | r:  -512.000000 | e:   1.000000 | Q:        nan | won: False 
#  289 | steps:  3113 | steps_t:     0 | t: 2.688247 | r:  -507.000000 | e:   1.000000 | Q:        nan | won: False 
#  290 | steps:  3125 | steps_t:     0 | t: 2.697407 | r:  -511.000000 | e:   1.000000 | Q:        nan | won: False 
#  291 | steps:  3134 | steps_t:     0 | t: 2.704654 | r:  -508.000000 | e:   1.000000 | Q:        nan | won: False 
#  292 | steps:  3142 | steps_t:     0 | t: 2.713603 | r:  -507.000000 | e:   1.000000 | Q:        nan | won: False 
#  293 | steps:  3148 | steps_t:     0 | t: 2.718564 | r:  -505.000000 | e:   1.000000 | Q:        nan | won: False 
#  294 | steps:  3158 | steps_t:     0 | t: 2.727242 | r:  -509.000000 | e:   1.000000 | Q:        nan | won: False 
#  295 | steps:  3167 | steps_t:     0 | t: 2.735956 | r:  -508.000000 | e:   1.000000 | Q:        nan | won: False 
#  296 | steps:  3173 | steps_t:     0 | t: 2.741175 | r:  -505.000000 | e:   1.000000 | Q:        nan | won: False 
#  297 | steps:  3183 | steps_t:     0 | t: 2.750610 | r:  -509.000000 | e:   1.000000 | Q:        nan | won: False 
#  298 | steps:  3200 | steps_t:     0 | t: 2.766456 | r:  -516.000000 | e:   1.000000 | Q:        nan | won: False 
#  299 | steps:  3210 | steps_t:     0 | t: 2.773735 | r:  -509.000000 | e:   1.000000 | Q:        nan | won: False 
#  300 | steps:  3219 | steps_t:     0 | t: 2.782000 | r:  -508.000000 | e:   1.000000 | Q:        nan | won: False 
#  301 | steps:  3227 | steps_t:     0 | t: 2.788200 | r:  -507.000000 | e:   1.000000 | Q:        nan | won: False 
#  302 | steps:  3234 | steps_t:     0 | t: 2.795749 | r:  -506.000000 | e:   1.000000 | Q:        nan | won: False 
#  303 | steps:  3243 | steps_t:     0 | t: 2.802753 | r:  -508.000000 | e:   1.000000 | Q:        nan | won: False 
#  304 | steps:  3252 | steps_t:     0 | t: 2.809354 | r:  -508.000000 | e:   1.000000 | Q:        nan | won: False 
#  305 | steps:  3261 | steps_t:     0 | t: 2.817888 | r:  -508.000000 | e:   1.000000 | Q:        nan | won: False 
#  306 | steps:  3270 | steps_t:     0 | t: 2.825154 | r:  -508.000000 | e:   1.000000 | Q:        nan | won: False 
#  307 | steps:  3277 | steps_t:     0 | t: 2.831443 | r:  -506.000000 | e:   1.000000 | Q:        nan | won: False 
#  308 | steps:  3287 | steps_t:     0 | t: 2.840289 | r:  -509.000000 | e:   1.000000 | Q:        nan | won: False 
#  309 | steps:  3295 | steps_t:     0 | t: 2.847275 | r:  -507.000000 | e:   1.000000 | Q:        nan | won: False 
#  310 | steps:  3302 | steps_t:     0 | t: 2.853740 | r:  -506.000000 | e:   1.000000 | Q:        nan | won: False 
#  311 | steps:  3313 | steps_t:     0 | t: 2.861844 | r:  -510.000000 | e:   1.000000 | Q:        nan | won: False 
#  312 | steps:  3330 | steps_t:     0 | t: 2.876745 | r:  -505.000000 | e:   1.000000 | Q:        nan | won: False 
#  313 | steps:  3339 | steps_t:     0 | t: 2.884492 | r:  -508.000000 | e:   1.000000 | Q:        nan | won: False 
#  314 | steps:  3349 | steps_t:     0 | t: 2.892673 | r:  -509.000000 | e:   1.000000 | Q:        nan | won: False 
#  315 | steps:  3368 | steps_t:     0 | t: 2.908896 | r:  -518.000000 | e:   1.000000 | Q:        nan | won: False 
#  316 | steps:  3378 | steps_t:     0 | t: 2.919752 | r:  -509.000000 | e:   1.000000 | Q:        nan | won: False 
#  317 | steps:  3392 | steps_t:     0 | t: 2.932255 | r:  -513.000000 | e:   1.000000 | Q:        nan | won: False 
#  318 | steps:  3412 | steps_t:     0 | t: 2.949075 | r:  -519.000000 | e:   1.000000 | Q:        nan | won: False 
#  319 | steps:  3423 | steps_t:     0 | t: 2.958210 | r:  -510.000000 | e:   1.000000 | Q:        nan | won: False 
#  320 | steps:  3431 | steps_t:     0 | t: 2.965585 | r:  -507.000000 | e:   1.000000 | Q:        nan | won: False 
#  321 | steps:  3437 | steps_t:     0 | t: 2.970181 | r:  -505.000000 | e:   1.000000 | Q:        nan | won: False 
#  322 | steps:  3458 | steps_t:     0 | t: 2.987013 | r:  -520.000000 | e:   1.000000 | Q:        nan | won: False 
#  323 | steps:  3479 | steps_t:     0 | t: 3.005028 | r:  -520.000000 | e:   1.000000 | Q:        nan | won: False 
#  324 | steps:  3494 | steps_t:     0 | t: 3.018468 | r:  -503.000000 | e:   1.000000 | Q:        nan | won: False 
#  325 | steps:  3502 | steps_t:     0 | t: 3.024874 | r:  -507.000000 | e:   1.000000 | Q:        nan | won: False 
#  326 | steps:  3515 | steps_t:     0 | t: 3.034648 | r:  -512.000000 | e:   1.000000 | Q:        nan | won: False 
#  327 | steps:  3525 | steps_t:     0 | t: 3.044271 | r:  -509.000000 | e:   1.000000 | Q:        nan | won: False 
#  328 | steps:  3531 | steps_t:     0 | t: 3.049778 | r:  -505.000000 | e:   1.000000 | Q:        nan | won: False 
#  329 | steps:  3539 | steps_t:     0 | t: 3.056101 | r:  -507.000000 | e:   1.000000 | Q:        nan | won: False 
#  330 | steps:  3546 | steps_t:     0 | t: 3.062620 | r:  -506.000000 | e:   1.000000 | Q:        nan | won: False 
#  331 | steps:  3553 | steps_t:     0 | t: 3.068753 | r:  -506.000000 | e:   1.000000 | Q:        nan | won: False 
#  332 | steps:  3559 | steps_t:     0 | t: 3.074011 | r:  -505.000000 | e:   1.000000 | Q:        nan | won: False 
#  333 | steps:  3566 | steps_t:     0 | t: 3.080714 | r:  -506.000000 | e:   1.000000 | Q:        nan | won: False 
#  334 | steps:  3573 | steps_t:     0 | t: 3.087546 | r:  -506.000000 | e:   1.000000 | Q:        nan | won: False 
#  335 | steps:  3587 | steps_t:     0 | t: 3.099868 | r:  -513.000000 | e:   1.000000 | Q:        nan | won: False 
#  336 | steps:  3598 | steps_t:     0 | t: 3.108384 | r:  -510.000000 | e:   1.000000 | Q:        nan | won: False 
#  337 | steps:  3615 | steps_t:     0 | t: 3.123256 | r:  -505.000000 | e:   1.000000 | Q:        nan | won: False 
#  338 | steps:  3622 | steps_t:     0 | t: 3.131285 | r:  -506.000000 | e:   1.000000 | Q:        nan | won: False 
#  339 | steps:  3628 | steps_t:     0 | t: 3.136215 | r:  -505.000000 | e:   1.000000 | Q:        nan | won: False 
#  340 | steps:  3634 | steps_t:     0 | t: 3.140631 | r:  -505.000000 | e:   1.000000 | Q:        nan | won: False 
#  341 | steps:  3644 | steps_t:     0 | t: 3.148656 | r:  -509.000000 | e:   1.000000 | Q:        nan | won: False 
#  342 | steps:  3663 | steps_t:     0 | t: 3.164208 | r:  -518.000000 | e:   1.000000 | Q:        nan | won: False 
#  343 | steps:  3676 | steps_t:     0 | t: 3.174576 | r:  -512.000000 | e:   1.000000 | Q:        nan | won: False 
#  344 | steps:  3690 | steps_t:     0 | t: 3.186426 | r:  -513.000000 | e:   1.000000 | Q:        nan | won: False 
#  345 | steps:  3698 | steps_t:     0 | t: 3.192785 | r:  -507.000000 | e:   1.000000 | Q:        nan | won: False 
#  346 | steps:  3705 | steps_t:     0 | t: 3.198187 | r:  -506.000000 | e:   1.000000 | Q:        nan | won: False 
#  347 | steps:  3720 | steps_t:     0 | t: 3.212367 | r:  -492.000000 | e:   1.000000 | Q:        nan | won: False 
#  348 | steps:  3729 | steps_t:     0 | t: 3.220027 | r:  -508.000000 | e:   1.000000 | Q:        nan | won: False 
#  349 | steps:  3750 | steps_t:     0 | t: 3.235910 | r:  -520.000000 | e:   1.000000 | Q:        nan | won: False 
#  350 | steps:  3759 | steps_t:     0 | t: 3.243094 | r:  -508.000000 | e:   1.000000 | Q:        nan | won: False 
#  351 | steps:  3765 | steps_t:     0 | t: 3.250411 | r:  -505.000000 | e:   1.000000 | Q:        nan | won: False 
#  352 | steps:  3781 | steps_t:     0 | t: 3.264649 | r:  -515.000000 | e:   1.000000 | Q:        nan | won: False 
#  353 | steps:  3791 | steps_t:     0 | t: 3.274280 | r:  -509.000000 | e:   1.000000 | Q:        nan | won: False 
#  354 | steps:  3798 | steps_t:     0 | t: 3.281403 | r:  -506.000000 | e:   1.000000 | Q:        nan | won: False 
#  355 | steps:  3808 | steps_t:     0 | t: 3.289844 | r:  -509.000000 | e:   1.000000 | Q:        nan | won: False 
#  356 | steps:  3828 | steps_t:     0 | t: 3.306269 | r:  -519.000000 | e:   1.000000 | Q:        nan | won: False 
#  357 | steps:  3836 | steps_t:     0 | t: 3.313606 | r:  -507.000000 | e:   1.000000 | Q:        nan | won: False 
#  358 | steps:  3845 | steps_t:     0 | t: 3.321504 | r:  -508.000000 | e:   1.000000 | Q:        nan | won: False 
#  359 | steps:  3852 | steps_t:     0 | t: 3.326692 | r:  -506.000000 | e:   1.000000 | Q:        nan | won: False 
#  360 | steps:  3864 | steps_t:     0 | t: 3.338155 | r:  -511.000000 | e:   1.000000 | Q:        nan | won: False 
#  361 | steps:  3873 | steps_t:     0 | t: 3.346197 | r:  -508.000000 | e:   1.000000 | Q:        nan | won: False 
#  362 | steps:  3885 | steps_t:     0 | t: 3.355889 | r:  -511.000000 | e:   1.000000 | Q:        nan | won: False 
#  363 | steps:  3895 | steps_t:     0 | t: 3.363447 | r:  -509.000000 | e:   1.000000 | Q:        nan | won: False 
#  364 | steps:  3906 | steps_t:     0 | t: 3.372562 | r:  -510.000000 | e:   1.000000 | Q:        nan | won: False 
#  365 | steps:  3917 | steps_t:     0 | t: 3.382962 | r:  -510.000000 | e:   1.000000 | Q:        nan | won: False 
#  366 | steps:  3926 | steps_t:     0 | t: 3.390204 | r:  -508.000000 | e:   1.000000 | Q:        nan | won: False 
#  367 | steps:  3939 | steps_t:     0 | t: 3.402214 | r:  -512.000000 | e:   1.000000 | Q:        nan | won: False 
#  368 | steps:  3946 | steps_t:     0 | t: 3.408091 | r:  -506.000000 | e:   1.000000 | Q:        nan | won: False 
#  369 | steps:  3956 | steps_t:     0 | t: 3.418119 | r:  -509.000000 | e:   1.000000 | Q:        nan | won: False 
#  370 | steps:  3962 | steps_t:     0 | t: 3.422675 | r:  -505.000000 | e:   1.000000 | Q:        nan | won: False 
#  371 | steps:  3968 | steps_t:     0 | t: 3.427677 | r:  -505.000000 | e:   1.000000 | Q:        nan | won: False 
#  372 | steps:  3975 | steps_t:     0 | t: 3.434349 | r:  -506.000000 | e:   1.000000 | Q:        nan | won: False 
#  373 | steps:  3989 | steps_t:     0 | t: 3.445838 | r:  -513.000000 | e:   1.000000 | Q:        nan | won: False 
#  374 | steps:  3999 | steps_t:     0 | t: 3.454404 | r:  -509.000000 | e:   1.000000 | Q:        nan | won: False 
#  375 | steps:  4008 | steps_t:     0 | t: 3.463609 | r:  -508.000000 | e:   1.000000 | Q:        nan | won: False 
#  376 | steps:  4016 | steps_t:     0 | t: 3.470446 | r:  -507.000000 | e:   1.000000 | Q:        nan | won: False 
#  377 | steps:  4036 | steps_t:     0 | t: 3.486672 | r:  -519.000000 | e:   1.000000 | Q:        nan | won: False 
#  378 | steps:  4042 | steps_t:     0 | t: 3.491396 | r:  -505.000000 | e:   1.000000 | Q:        nan | won: False 
#  379 | steps:  4047 | steps_t:     0 | t: 3.496672 | r:  -504.000000 | e:   1.000000 | Q:        nan | won: False 
#  380 | steps:  4055 | steps_t:     0 | t: 3.504148 | r:  -507.000000 | e:   1.000000 | Q:        nan | won: False 
#  381 | steps:  4064 | steps_t:     0 | t: 3.510395 | r:  -508.000000 | e:   1.000000 | Q:        nan | won: False 
#  382 | steps:  4076 | steps_t:     0 | t: 3.520942 | r:  -511.000000 | e:   1.000000 | Q:        nan | won: False 
#  383 | steps:  4092 | steps_t:     0 | t: 3.533796 | r:  -504.000000 | e:   1.000000 | Q:        nan | won: False 
#  384 | steps:  4100 | steps_t:     0 | t: 3.541492 | r:  -507.000000 | e:   1.000000 | Q:        nan | won: False 
#  385 | steps:  4109 | steps_t:     0 | t: 3.549858 | r:  -508.000000 | e:   1.000000 | Q:        nan | won: False 
#  386 | steps:  4118 | steps_t:     0 | t: 3.557324 | r:  -508.000000 | e:   1.000000 | Q:        nan | won: False 
#  387 | steps:  4124 | steps_t:     0 | t: 3.562528 | r:  -505.000000 | e:   1.000000 | Q:        nan | won: False 
#  388 | steps:  4143 | steps_t:     0 | t: 3.579961 | r:  -518.000000 | e:   1.000000 | Q:        nan | won: False 
#  389 | steps:  4151 | steps_t:     0 | t: 3.586119 | r:  -507.000000 | e:   1.000000 | Q:        nan | won: False 
#  390 | steps:  4157 | steps_t:     0 | t: 3.590714 | r:  -505.000000 | e:   1.000000 | Q:        nan | won: False 
#  391 | steps:  4167 | steps_t:     0 | t: 3.600680 | r:  -509.000000 | e:   1.000000 | Q:        nan | won: False 
#  392 | steps:  4174 | steps_t:     0 | t: 3.605689 | r:  -506.000000 | e:   1.000000 | Q:        nan | won: False 
#  393 | steps:  4182 | steps_t:     0 | t: 3.613623 | r:  -507.000000 | e:   1.000000 | Q:        nan | won: False 
#  394 | steps:  4191 | steps_t:     0 | t: 3.622169 | r:  -508.000000 | e:   1.000000 | Q:        nan | won: False 
#  395 | steps:  4204 | steps_t:     0 | t: 3.633912 | r:  -512.000000 | e:   1.000000 | Q:        nan | won: False 
#  396 | steps:  4213 | steps_t:     0 | t: 3.640564 | r:  -508.000000 | e:   1.000000 | Q:        nan | won: False 
#  397 | steps:  4220 | steps_t:     0 | t: 3.646343 | r:  -506.000000 | e:   1.000000 | Q:        nan | won: False 
#  398 | steps:  4231 | steps_t:     0 | t: 3.655771 | r:  -510.000000 | e:   1.000000 | Q:        nan | won: False 
#  399 | steps:  4242 | steps_t:     0 | t: 3.666399 | r:  -510.000000 | e:   1.000000 | Q:        nan | won: False 
#  400 | steps:  4252 | steps_t:     0 | t: 3.674656 | r:  -509.000000 | e:   1.000000 | Q:        nan | won: False 
#  401 | steps:  4258 | steps_t:     0 | t: 3.680294 | r:  -505.000000 | e:   1.000000 | Q:        nan | won: False 
#  402 | steps:  4268 | steps_t:     0 | t: 3.687970 | r:  -509.000000 | e:   1.000000 | Q:        nan | won: False 
#  403 | steps:  4276 | steps_t:     0 | t: 3.694107 | r:  -507.000000 | e:   1.000000 | Q:        nan | won: False 
#  404 | steps:  4284 | steps_t:     0 | t: 3.701508 | r:  -507.000000 | e:   1.000000 | Q:        nan | won: False 
#  405 | steps:  4295 | steps_t:     0 | t: 3.710429 | r:  -510.000000 | e:   1.000000 | Q:        nan | won: False 
#  406 | steps:  4300 | steps_t:     0 | t: 3.715894 | r:  -504.000000 | e:   1.000000 | Q:        nan | won: False 
#  407 | steps:  4308 | steps_t:     0 | t: 3.722890 | r:  -507.000000 | e:   1.000000 | Q:        nan | won: False 
#  408 | steps:  4320 | steps_t:     0 | t: 3.732375 | r:  -511.000000 | e:   1.000000 | Q:        nan | won: False 
#  409 | steps:  4333 | steps_t:     0 | t: 3.744018 | r:  -512.000000 | e:   1.000000 | Q:        nan | won: False 
#  410 | steps:  4341 | steps_t:     0 | t: 3.751476 | r:  -507.000000 | e:   1.000000 | Q:        nan | won: False 
#  411 | steps:  4348 | steps_t:     0 | t: 3.756909 | r:  -506.000000 | e:   1.000000 | Q:        nan | won: False 
#  412 | steps:  4355 | steps_t:     0 | t: 3.762591 | r:  -506.000000 | e:   1.000000 | Q:        nan | won: False 
#  413 | steps:  4361 | steps_t:     0 | t: 3.767509 | r:  -505.000000 | e:   1.000000 | Q:        nan | won: False 
#  414 | steps:  4370 | steps_t:     0 | t: 3.774039 | r:  -508.000000 | e:   1.000000 | Q:        nan | won: False 
#  415 | steps:  4379 | steps_t:     0 | t: 3.783128 | r:  -508.000000 | e:   1.000000 | Q:        nan | won: False 
#  416 | steps:  4390 | steps_t:     0 | t: 3.792242 | r:  -510.000000 | e:   1.000000 | Q:        nan | won: False 
#  417 | steps:  4402 | steps_t:     0 | t: 3.803449 | r:  -511.000000 | e:   1.000000 | Q:        nan | won: False 
#  418 | steps:  4408 | steps_t:     0 | t: 3.808060 | r:  -505.000000 | e:   1.000000 | Q:        nan | won: False 
#  419 | steps:  4419 | steps_t:     0 | t: 3.817214 | r:  -510.000000 | e:   1.000000 | Q:        nan | won: False 
#  420 | steps:  4428 | steps_t:     0 | t: 3.825896 | r:  -508.000000 | e:   1.000000 | Q:        nan | won: False 
#  421 | steps:  4435 | steps_t:     0 | t: 3.832575 | r:  -506.000000 | e:   1.000000 | Q:        nan | won: False 
#  422 | steps:  4455 | steps_t:     0 | t: 3.849451 | r:  -519.000000 | e:   1.000000 | Q:        nan | won: False 
#  423 | steps:  4462 | steps_t:     0 | t: 3.855361 | r:  -506.000000 | e:   1.000000 | Q:        nan | won: False 
#  424 | steps:  4479 | steps_t:     0 | t: 3.869481 | r:  -516.000000 | e:   1.000000 | Q:        nan | won: False 
#  425 | steps:  4497 | steps_t:     0 | t: 3.885014 | r:  -506.000000 | e:   1.000000 | Q:        nan | won: False 
#  426 | steps:  4519 | steps_t:     0 | t: 3.901483 | r:  -521.000000 | e:   1.000000 | Q:        nan | won: False 
#  427 | steps:  4530 | steps_t:     0 | t: 3.912129 | r:  -510.000000 | e:   1.000000 | Q:        nan | won: False 
#  428 | steps:  4539 | steps_t:     0 | t: 3.920295 | r:  -508.000000 | e:   1.000000 | Q:        nan | won: False 
#  429 | steps:  4553 | steps_t:     0 | t: 3.931105 | r:  -513.000000 | e:   1.000000 | Q:        nan | won: False 
#  430 | steps:  4569 | steps_t:     0 | t: 3.943432 | r:  -515.000000 | e:   1.000000 | Q:        nan | won: False 
#  431 | steps:  4584 | steps_t:     0 | t: 3.957553 | r:  -514.000000 | e:   1.000000 | Q:        nan | won: False 
#  432 | steps:  4595 | steps_t:     0 | t: 3.968000 | r:  -510.000000 | e:   1.000000 | Q:        nan | won: False 
#  433 | steps:  4603 | steps_t:     0 | t: 3.974385 | r:  -507.000000 | e:   1.000000 | Q:        nan | won: False 
#  434 | steps:  4609 | steps_t:     0 | t: 3.978994 | r:  -505.000000 | e:   1.000000 | Q:        nan | won: False 
#  435 | steps:  4618 | steps_t:     0 | t: 3.987263 | r:  -508.000000 | e:   1.000000 | Q:        nan | won: False 
#  436 | steps:  4628 | steps_t:     0 | t: 3.995734 | r:  -509.000000 | e:   1.000000 | Q:        nan | won: False 
#  437 | steps:  4639 | steps_t:     0 | t: 4.005259 | r:  -510.000000 | e:   1.000000 | Q:        nan | won: False 
#  438 | steps:  4648 | steps_t:     0 | t: 4.011830 | r:  -508.000000 | e:   1.000000 | Q:        nan | won: False 
#  439 | steps:  4660 | steps_t:     0 | t: 4.022479 | r:  -511.000000 | e:   1.000000 | Q:        nan | won: False 
#  440 | steps:  4671 | steps_t:     0 | t: 4.031122 | r:  -510.000000 | e:   1.000000 | Q:        nan | won: False 
#  441 | steps:  4678 | steps_t:     0 | t: 4.038190 | r:  -506.000000 | e:   1.000000 | Q:        nan | won: False 
#  442 | steps:  4691 | steps_t:     0 | t: 4.048947 | r:  -512.000000 | e:   1.000000 | Q:        nan | won: False 
#  443 | steps:  4697 | steps_t:     0 | t: 4.054352 | r:  -505.000000 | e:   1.000000 | Q:        nan | won: False 
#  444 | steps:  4710 | steps_t:     0 | t: 4.064721 | r:  -512.000000 | e:   1.000000 | Q:        nan | won: False 
#  445 | steps:  4720 | steps_t:     0 | t: 4.071956 | r:  -509.000000 | e:   1.000000 | Q:        nan | won: False 
#  446 | steps:  4728 | steps_t:     0 | t: 4.080449 | r:  -507.000000 | e:   1.000000 | Q:        nan | won: False 
#  447 | steps:  4737 | steps_t:     0 | t: 4.088821 | r:  -508.000000 | e:   1.000000 | Q:        nan | won: False 
#  448 | steps:  4744 | steps_t:     0 | t: 4.094541 | r:  -506.000000 | e:   1.000000 | Q:        nan | won: False 
#  449 | steps:  4754 | steps_t:     0 | t: 4.102590 | r:  -509.000000 | e:   1.000000 | Q:        nan | won: False 
#  450 | steps:  4761 | steps_t:     0 | t: 4.107921 | r:  -506.000000 | e:   1.000000 | Q:        nan | won: False 
#  451 | steps:  4774 | steps_t:     0 | t: 4.120315 | r:  -512.000000 | e:   1.000000 | Q:        nan | won: False 
#  452 | steps:  4781 | steps_t:     0 | t: 4.125691 | r:  -506.000000 | e:   1.000000 | Q:        nan | won: False 
#  453 | steps:  4789 | steps_t:     0 | t: 4.133302 | r:  -507.000000 | e:   1.000000 | Q:        nan | won: False 
#  454 | steps:  4796 | steps_t:     0 | t: 4.139072 | r:  -506.000000 | e:   1.000000 | Q:        nan | won: False 
#  455 | steps:  4808 | steps_t:     0 | t: 4.148093 | r:  -511.000000 | e:   1.000000 | Q:        nan | won: False 
#  456 | steps:  4817 | steps_t:     0 | t: 4.155257 | r:  -508.000000 | e:   1.000000 | Q:        nan | won: False 
#  457 | steps:  4827 | steps_t:     0 | t: 4.164324 | r:  -509.000000 | e:   1.000000 | Q:        nan | won: False 
#  458 | steps:  4835 | steps_t:     0 | t: 4.171705 | r:  -507.000000 | e:   1.000000 | Q:        nan | won: False 
#  459 | steps:  4841 | steps_t:     0 | t: 4.176909 | r:  -505.000000 | e:   1.000000 | Q:        nan | won: False 
#  460 | steps:  4859 | steps_t:     0 | t: 4.192887 | r:  -517.000000 | e:   1.000000 | Q:        nan | won: False 
#  461 | steps:  4869 | steps_t:     0 | t: 4.201526 | r:  -509.000000 | e:   1.000000 | Q:        nan | won: False 
#  462 | steps:  4879 | steps_t:     0 | t: 4.209746 | r:  -509.000000 | e:   1.000000 | Q:        nan | won: False 
#  463 | steps:  4898 | steps_t:     0 | t: 4.225444 | r:  -518.000000 | e:   1.000000 | Q:        nan | won: False 
#  464 | steps:  4907 | steps_t:     0 | t: 4.232774 | r:  -508.000000 | e:   1.000000 | Q:        nan | won: False 
#  465 | steps:  4915 | steps_t:     0 | t: 4.239939 | r:  -507.000000 | e:   1.000000 | Q:        nan | won: False 
#  466 | steps:  4923 | steps_t:     0 | t: 4.247125 | r:  -507.000000 | e:   1.000000 | Q:        nan | won: False 
#  467 | steps:  4930 | steps_t:     0 | t: 4.254183 | r:  -506.000000 | e:   1.000000 | Q:        nan | won: False 
#  468 | steps:  4941 | steps_t:     0 | t: 4.262794 | r:  -510.000000 | e:   1.000000 | Q:        nan | won: False 
#  469 | steps:  4948 | steps_t:     0 | t: 4.270195 | r:  -506.000000 | e:   1.000000 | Q:        nan | won: False 
#  470 | steps:  4957 | steps_t:     0 | t: 4.277604 | r:  -508.000000 | e:   1.000000 | Q:        nan | won: False 
#  471 | steps:  4965 | steps_t:     0 | t: 4.286300 | r:  -507.000000 | e:   1.000000 | Q:        nan | won: False 
#  472 | steps:  4973 | steps_t:     0 | t: 4.292374 | r:  -507.000000 | e:   1.000000 | Q:        nan | won: False 
#  473 | steps:  4983 | steps_t:     0 | t: 4.301787 | r:  -509.000000 | e:   1.000000 | Q:        nan | won: False 
#  474 | steps:  4992 | steps_t:     0 | t: 4.308762 | r:  -508.000000 | e:   1.000000 | Q:        nan | won: False 
#  475 | steps:  5000 | steps_t:     0 | t: 4.316202 | r:  -507.000000 | e:   1.000000 | Q:        nan | won: False 
#  476 | steps:  5010 | steps_t:     9 | t: 4.556113 | r:  -509.000000 | e:   0.999100 | Q:        nan | won: False 
#  477 | steps:  5020 | steps_t:    18 | t: 4.675336 | r:  -509.000000 | e:   0.998200 | Q:        nan | won: False 
#  478 | steps:  5035 | steps_t:    32 | t: 4.862076 | r:  -492.000000 | e:   0.996800 | Q:        nan | won: False 
#  479 | steps:  5055 | steps_t:    51 | t: 5.105563 | r:  -519.000000 | e:   0.994900 | Q:        nan | won: False 
#  480 | steps:  5077 | steps_t:    72 | t: 5.377724 | r:  -521.000000 | e:   0.992800 | Q:        nan | won: False 
#  481 | steps:  5089 | steps_t:    83 | t: 5.523291 | r:  -511.000000 | e:   0.991700 | Q:        nan | won: False 
#  482 | steps:  5099 | steps_t:    92 | t: 5.641465 | r:  -509.000000 | e:   0.990800 | Q:        nan | won: False 
#  483 | steps:  5108 | steps_t:   100 | t: 5.746309 | r:  -508.000000 | e:   0.990000 | Q:        nan | won: False 
#  484 | steps:  5119 | steps_t:   110 | t: 5.880831 | r:  -510.000000 | e:   0.989000 | Q:        nan | won: False 
#  485 | steps:  5125 | steps_t:   115 | t: 5.951757 | r:  -505.000000 | e:   0.988500 | Q:        nan | won: False 
#  486 | steps:  5133 | steps_t:   122 | t: 6.064470 | r:  -507.000000 | e:   0.987800 | Q:        nan | won: False 
#  487 | steps:  5141 | steps_t:   129 | t: 6.187098 | r:  -507.000000 | e:   0.987100 | Q:        nan | won: False 
#  488 | steps:  5151 | steps_t:   138 | t: 6.347999 | r:  -509.000000 | e:   0.986200 | Q:        nan | won: False 
#  489 | steps:  5158 | steps_t:   144 | t: 6.445296 | r:  -506.000000 | e:   0.985600 | Q:        nan | won: False 
#  490 | steps:  5164 | steps_t:   149 | t: 6.526477 | r:  -505.000000 | e:   0.985100 | Q:        nan | won: False 
#  491 | steps:  5171 | steps_t:   155 | t: 6.674867 | r:  -506.000000 | e:   0.984500 | Q:        nan | won: False 
#  492 | steps:  5178 | steps_t:   161 | t: 6.859679 | r:  -506.000000 | e:   0.983900 | Q:        nan | won: False 
#  493 | steps:  5185 | steps_t:   167 | t: 6.992628 | r:  -506.000000 | e:   0.983300 | Q:        nan | won: False 
#  494 | steps:  5202 | steps_t:   183 | t: 7.327471 | r:  -516.000000 | e:   0.981700 | Q:        nan | won: False 
#  495 | steps:  5210 | steps_t:   190 | t: 7.555994 | r:  -507.000000 | e:   0.981000 | Q:        nan | won: False 
#  496 | steps:  5230 | steps_t:   209 | t: 7.909330 | r:  -519.000000 | e:   0.979100 | Q:        nan | won: False 
#  497 | steps:  5241 | steps_t:   219 | t: 8.195969 | r:  -510.000000 | e:   0.978100 | Q: -308.000000 | won: False 
#  498 | steps:  5252 | steps_t:   229 | t: 8.426707 | r:  -510.000000 | e:   0.977100 | Q:        nan | won: False 
#  499 | steps:  5259 | steps_t:   235 | t: 8.585534 | r:  -506.000000 | e:   0.976500 | Q:        nan | won: False 
#  500 | steps:  5266 | steps_t:   241 | t: 8.744600 | r:  -506.000000 | e:   0.975900 | Q:        nan | won: False 
#  501 | steps:  5279 | steps_t:   253 | t: 12.490163 | r:  -512.000000 | e:   0.974700 | Q:        nan | won: False 
#  502 | steps:  5287 | steps_t:   260 | t: 15.277060 | r:  -507.000000 | e:   0.974000 | Q:        nan | won: False 
#  503 | steps:  5296 | steps_t:   268 | t: 18.291843 | r:  -508.000000 | e:   0.973200 | Q: -300.194275 | won: False 
#  504 | steps:  5306 | steps_t:   277 | t: 21.674714 | r:  -509.000000 | e:   0.972300 | Q:        nan | won: False 
#  505 | steps:  5317 | steps_t:   287 | t: 25.308209 | r:  -510.000000 | e:   0.971300 | Q:        nan | won: False 
#  506 | steps:  5325 | steps_t:   294 | t: 28.191599 | r:  -507.000000 | e:   0.970600 | Q:        nan | won: False 
#  507 | steps:  5337 | steps_t:   305 | t: 32.013222 | r:  -511.000000 | e:   0.969500 | Q: -298.379669 | won: False 
#  508 | steps:  5348 | steps_t:   315 | t: 35.510550 | r:  -510.000000 | e:   0.968500 | Q:        nan | won: False 
#  509 | steps:  5356 | steps_t:   322 | t: 38.414240 | r:  -507.000000 | e:   0.967800 | Q:        nan | won: False 
#  510 | steps:  5362 | steps_t:   327 | t: 40.732395 | r:  -505.000000 | e:   0.967300 | Q:        nan | won: False 
#  511 | steps:  5378 | steps_t:   342 | t: 45.353490 | r:  -515.000000 | e:   0.965800 | Q:        nan | won: False 
#  512 | steps:  5386 | steps_t:   349 | t: 48.152398 | r:  -507.000000 | e:   0.965100 | Q:        nan | won: False 
#  513 | steps:  5392 | steps_t:   354 | t: 50.616930 | r:  -505.000000 | e:   0.964600 | Q:        nan | won: False 
